<?xml version="1.0" encoding="UTF-8" standalone="no"?>
<!DOCTYPE log SYSTEM "logger.dtd">
<log>
<record>
  <date>2020-04-08T16:10:18</date>
  <millis>1586337018173</millis>
  <sequence>0</sequence>
  <level>START</level>
  <class>com.kms.katalon.core.logging.XmlKeywordLogger</class>
  <method>startSuite</method>
  <thread>1</thread>
  <message>Start Test Suite : Test Suites/Covid-19</message>
  <nestedLevel>0</nestedLevel>
  <property name="name">Covid-19</property>
  <property name="description"></property>
  <property name="id">Test Suites/Covid-19</property>
</record>
<record>
  <date>2020-04-08T16:10:18</date>
  <millis>1586337018190</millis>
  <sequence>1</sequence>
  <level>RUN_DATA</level>
  <class>com.kms.katalon.core.logging.XmlKeywordLogger</class>
  <method>logMessage</method>
  <thread>1</thread>
  <message>hostName = thaveephongt - 192.168.1.107</message>
  <nestedLevel>0</nestedLevel>
  <property name="hostName">thaveephongt - 192.168.1.107</property>
</record>
<record>
  <date>2020-04-08T16:10:18</date>
  <millis>1586337018192</millis>
  <sequence>2</sequence>
  <level>RUN_DATA</level>
  <class>com.kms.katalon.core.logging.XmlKeywordLogger</class>
  <method>logMessage</method>
  <thread>1</thread>
  <message>os = Mac OS X 64bit</message>
  <nestedLevel>0</nestedLevel>
  <property name="os">Mac OS X 64bit</property>
</record>
<record>
  <date>2020-04-08T16:10:18</date>
  <millis>1586337018193</millis>
  <sequence>3</sequence>
  <level>RUN_DATA</level>
  <class>com.kms.katalon.core.logging.XmlKeywordLogger</class>
  <method>logMessage</method>
  <thread>1</thread>
  <message>hostAddress = 192.168.1.107</message>
  <nestedLevel>0</nestedLevel>
  <property name="hostAddress">192.168.1.107</property>
</record>
<record>
  <date>2020-04-08T16:10:18</date>
  <millis>1586337018194</millis>
  <sequence>4</sequence>
  <level>RUN_DATA</level>
  <class>com.kms.katalon.core.logging.XmlKeywordLogger</class>
  <method>logMessage</method>
  <thread>1</thread>
  <message>katalonVersion = 7.3.0.1</message>
  <nestedLevel>0</nestedLevel>
  <property name="katalonVersion">7.3.0.1</property>
</record>
<record>
  <date>2020-04-08T16:10:18</date>
  <millis>1586337018632</millis>
  <sequence>5</sequence>
  <level>START</level>
  <class>com.kms.katalon.core.logging.XmlKeywordLogger</class>
  <method>startTest</method>
  <thread>1</thread>
  <message>Start Test Case : Test Cases/Log in/Covid-19</message>
  <nestedLevel>1</nestedLevel>
  <property name="name">Test Cases/Log in/Covid-19</property>
  <property name="description"></property>
  <property name="id">Test Cases/Log in/Covid-19</property>
  <property name="source">\\Users\\thaveephongt\\Katalon Studio\\Be Demo\\Test Cases\\Log in\\Covid-19.tc</property>
  <property name="tag"></property>
  <property name="isOptional">false</property>
</record>
<record>
  <date>2020-04-08T16:10:18</date>
  <millis>1586337018671</millis>
  <sequence>7</sequence>
  <level>INFO</level>
  <class>com.kms.katalon.core.logging.XmlKeywordLogger</class>
  <method>logMessage</method>
  <thread>1</thread>
  <message>Country = Thailand</message>
  <nestedLevel>1</nestedLevel>
</record>
<record>
  <date>2020-04-08T16:10:19</date>
  <millis>1586337019034</millis>
  <sequence>8</sequence>
  <level>START</level>
  <class>com.kms.katalon.core.logging.XmlKeywordLogger</class>
  <method>startKeyword</method>
  <thread>1</thread>
  <message>Start action : openBrowser(\&amp;quot;https://www.worldometers.info/coronavirus/\&amp;quot;)</message>
  <nestedLevel>1</nestedLevel>
  <property name="startLine">19</property>
  <property name="stepIndex">1</property>
</record>
<record>
  <date>2020-04-08T16:10:19</date>
  <millis>1586337019394</millis>
  <sequence>10</sequence>
  <level>INFO</level>
  <class>com.kms.katalon.core.logging.XmlKeywordLogger</class>
  <method>logMessage</method>
  <thread>1</thread>
  <message>Starting &amp;apos;Chrome&amp;apos; driver</message>
  <nestedLevel>1</nestedLevel>
</record>
<record>
  <date>2020-04-08T16:10:19</date>
  <millis>1586337019441</millis>
  <sequence>12</sequence>
  <level>INFO</level>
  <class>com.kms.katalon.core.logging.XmlKeywordLogger</class>
  <method>logMessage</method>
  <thread>1</thread>
  <message>Action delay is set to 0 milliseconds</message>
  <nestedLevel>1</nestedLevel>
</record>
<record>
  <date>2020-04-08T16:10:22</date>
  <millis>1586337022184</millis>
  <sequence>14</sequence>
  <level>RUN_DATA</level>
  <class>com.kms.katalon.core.logging.XmlKeywordLogger</class>
  <method>logMessage</method>
  <thread>1</thread>
  <message>sessionId = 144d4f32c4d8248ca03f2066b5fda3f6</message>
  <nestedLevel>1</nestedLevel>
  <property name="sessionId">144d4f32c4d8248ca03f2066b5fda3f6</property>
</record>
<record>
  <date>2020-04-08T16:10:22</date>
  <millis>1586337022221</millis>
  <sequence>15</sequence>
  <level>RUN_DATA</level>
  <class>com.kms.katalon.core.logging.XmlKeywordLogger</class>
  <method>logMessage</method>
  <thread>1</thread>
  <message>browser = Chrome 80.0.3987.163</message>
  <nestedLevel>1</nestedLevel>
  <property name="browser">Chrome 80.0.3987.163</property>
</record>
<record>
  <date>2020-04-08T16:10:22</date>
  <millis>1586337022222</millis>
  <sequence>16</sequence>
  <level>RUN_DATA</level>
  <class>com.kms.katalon.core.logging.XmlKeywordLogger</class>
  <method>logMessage</method>
  <thread>1</thread>
  <message>platform = Mac OS X</message>
  <nestedLevel>1</nestedLevel>
  <property name="platform">Mac OS X</property>
</record>
<record>
  <date>2020-04-08T16:10:22</date>
  <millis>1586337022224</millis>
  <sequence>17</sequence>
  <level>RUN_DATA</level>
  <class>com.kms.katalon.core.logging.XmlKeywordLogger</class>
  <method>logMessage</method>
  <thread>1</thread>
  <message>seleniumVersion = 3.141.59</message>
  <nestedLevel>1</nestedLevel>
  <property name="seleniumVersion">3.141.59</property>
</record>
<record>
  <date>2020-04-08T16:10:22</date>
  <millis>1586337022226</millis>
  <sequence>18</sequence>
  <level>RUN_DATA</level>
  <class>com.kms.katalon.core.logging.XmlKeywordLogger</class>
  <method>logMessage</method>
  <thread>1</thread>
  <message>proxyInformation = ProxyInformation{proxyOption=NO_PROXY, proxyServerType=HTTP, password=, proxyServerAddress=, proxyServerPort=0, executionList=}</message>
  <nestedLevel>1</nestedLevel>
  <property name="proxyInformation">ProxyInformation{proxyOption=NO_PROXY, proxyServerType=HTTP, password=, proxyServerAddress=, proxyServerPort=0, executionList=}</property>
</record>
<record>
  <date>2020-04-08T16:10:40</date>
  <millis>1586337040247</millis>
  <sequence>20</sequence>
  <level>PASSED</level>
  <class>com.kms.katalon.core.logging.XmlKeywordLogger</class>
  <method>logMessage</method>
  <thread>1</thread>
  <message>Browser is opened with url: &amp;apos;https://www.worldometers.info/coronavirus/&amp;apos;</message>
  <nestedLevel>1</nestedLevel>
</record>
<record>
  <date>2020-04-08T16:10:40</date>
  <millis>1586337040248</millis>
  <sequence>21</sequence>
  <level>END</level>
  <class>com.kms.katalon.core.logging.XmlKeywordLogger</class>
  <method>endKeyword</method>
  <thread>1</thread>
  <message>End action : openBrowser(\&amp;quot;https://www.worldometers.info/coronavirus/\&amp;quot;)</message>
  <nestedLevel>1</nestedLevel>
</record>
<record>
  <date>2020-04-08T16:10:40</date>
  <millis>1586337040249</millis>
  <sequence>22</sequence>
  <level>START</level>
  <class>com.kms.katalon.core.logging.XmlKeywordLogger</class>
  <method>startKeyword</method>
  <thread>1</thread>
  <message>Start action : click(findTestObject(\&amp;quot;Object Repository/Covid-19 Object Repo/Page_Coronavirus Update (Live) 1204075 Case_106633/a_view by country\&amp;quot;))</message>
  <nestedLevel>1</nestedLevel>
  <property name="startLine">21</property>
  <property name="stepIndex">2</property>
</record>
<record>
  <date>2020-04-08T16:10:48</date>
  <millis>1586337048193</millis>
  <sequence>31</sequence>
  <level>PASSED</level>
  <class>com.kms.katalon.core.logging.XmlKeywordLogger</class>
  <method>logMessage</method>
  <thread>1</thread>
  <message>Object: &amp;apos;Object Repository/Covid-19 Object Repo/Page_Coronavirus Update (Live) 1204075 Case_106633/a_view by country&amp;apos; is clicked on</message>
  <nestedLevel>1</nestedLevel>
</record>
<record>
  <date>2020-04-08T16:10:48</date>
  <millis>1586337048195</millis>
  <sequence>32</sequence>
  <level>END</level>
  <class>com.kms.katalon.core.logging.XmlKeywordLogger</class>
  <method>endKeyword</method>
  <thread>1</thread>
  <message>End action : click(findTestObject(\&amp;quot;Object Repository/Covid-19 Object Repo/Page_Coronavirus Update (Live) 1204075 Case_106633/a_view by country\&amp;quot;))</message>
  <nestedLevel>1</nestedLevel>
</record>
<record>
  <date>2020-04-08T16:10:48</date>
  <millis>1586337048196</millis>
  <sequence>33</sequence>
  <level>START</level>
  <class>com.kms.katalon.core.logging.XmlKeywordLogger</class>
  <method>startKeyword</method>
  <thread>1</thread>
  <message>Start action : for ([rowNum = 1, rowNum &amp;lt;= findTestData(\&amp;quot;Covid-19/Country\&amp;quot;).getRowNumbers(), (rowNum++)])</message>
  <nestedLevel>1</nestedLevel>
  <property name="startLine">25</property>
  <property name="stepIndex">3</property>
</record>
<record>
  <date>2020-04-08T16:10:48</date>
  <millis>1586337048254</millis>
  <sequence>38</sequence>
  <level>START</level>
  <class>com.kms.katalon.core.logging.XmlKeywordLogger</class>
  <method>startKeyword</method>
  <thread>1</thread>
  <message>Start action : setText(findTestObject(\&amp;quot;Object Repository/Covid-19 Object Repo/Page_Coronavirus Update (Live) 1204075 Case_106633/input_Search_form-control input-sm\&amp;quot;), findTestData(\&amp;quot;Covid-19/Country\&amp;quot;).getValue(1, rowNum))</message>
  <nestedLevel>2</nestedLevel>
  <property name="startLine">27</property>
  <property name="stepIndex">1</property>
</record>
<record>
  <date>2020-04-08T16:10:50</date>
  <millis>1586337050150</millis>
  <sequence>58</sequence>
  <level>PASSED</level>
  <class>com.kms.katalon.core.logging.XmlKeywordLogger</class>
  <method>logMessage</method>
  <thread>1</thread>
  <message>Text &amp;apos;Thailand&amp;apos; is set on object &amp;apos;Object Repository/Covid-19 Object Repo/Page_Coronavirus Update (Live) 1204075 Case_106633/input_Search_form-control input-sm&amp;apos;</message>
  <nestedLevel>1</nestedLevel>
</record>
<record>
  <date>2020-04-08T16:10:50</date>
  <millis>1586337050153</millis>
  <sequence>59</sequence>
  <level>END</level>
  <class>com.kms.katalon.core.logging.XmlKeywordLogger</class>
  <method>endKeyword</method>
  <thread>1</thread>
  <message>End action : setText(findTestObject(\&amp;quot;Object Repository/Covid-19 Object Repo/Page_Coronavirus Update (Live) 1204075 Case_106633/input_Search_form-control input-sm\&amp;quot;), findTestData(\&amp;quot;Covid-19/Country\&amp;quot;).getValue(1, rowNum))</message>
  <nestedLevel>2</nestedLevel>
</record>
<record>
  <date>2020-04-08T16:10:50</date>
  <millis>1586337050154</millis>
  <sequence>60</sequence>
  <level>START</level>
  <class>com.kms.katalon.core.logging.XmlKeywordLogger</class>
  <method>startKeyword</method>
  <thread>1</thread>
  <message>Start action : getText(findTestObject(\&amp;quot;Covid-19 Object Repo/Page_Coronavirus Update (Live) 1204075 Case_106633/td_102\&amp;quot;))</message>
  <nestedLevel>2</nestedLevel>
  <property name="startLine">31</property>
  <property name="stepIndex">2</property>
  <property name="description">Get New Cases</property>
</record>
<record>
  <date>2020-04-08T16:10:50</date>
  <millis>1586337050700</millis>
  <sequence>69</sequence>
  <level>PASSED</level>
  <class>com.kms.katalon.core.logging.XmlKeywordLogger</class>
  <method>logMessage</method>
  <thread>1</thread>
  <message>Text of object &amp;apos;Object Repository/Covid-19 Object Repo/Page_Coronavirus Update (Live) 1204075 Case_106633/td_102&amp;apos; is: &amp;apos;+111&amp;apos;</message>
  <nestedLevel>1</nestedLevel>
</record>
<record>
  <date>2020-04-08T16:10:50</date>
  <millis>1586337050703</millis>
  <sequence>70</sequence>
  <level>END</level>
  <class>com.kms.katalon.core.logging.XmlKeywordLogger</class>
  <method>endKeyword</method>
  <thread>1</thread>
  <message>End action : getText(findTestObject(\&amp;quot;Covid-19 Object Repo/Page_Coronavirus Update (Live) 1204075 Case_106633/td_102\&amp;quot;))</message>
  <nestedLevel>2</nestedLevel>
</record>
<record>
  <date>2020-04-08T16:10:50</date>
  <millis>1586337050704</millis>
  <sequence>71</sequence>
  <level>START</level>
  <class>com.kms.katalon.core.logging.XmlKeywordLogger</class>
  <method>startKeyword</method>
  <thread>1</thread>
  <message>Start action : getText(findTestObject(\&amp;quot;Covid-19 Object Repo/Page_Coronavirus Update (Live) 1204075 Case_106633/td_3\&amp;quot;))</message>
  <nestedLevel>2</nestedLevel>
  <property name="startLine">34</property>
  <property name="stepIndex">3</property>
  <property name="description">Get New Deaths</property>
</record>
<record>
  <date>2020-04-08T16:10:51</date>
  <millis>1586337051286</millis>
  <sequence>80</sequence>
  <level>PASSED</level>
  <class>com.kms.katalon.core.logging.XmlKeywordLogger</class>
  <method>logMessage</method>
  <thread>1</thread>
  <message>Text of object &amp;apos;Object Repository/Covid-19 Object Repo/Page_Coronavirus Update (Live) 1204075 Case_106633/td_3&amp;apos; is: &amp;apos;+3&amp;apos;</message>
  <nestedLevel>1</nestedLevel>
</record>
<record>
  <date>2020-04-08T16:10:51</date>
  <millis>1586337051293</millis>
  <sequence>85</sequence>
  <level>END</level>
  <class>com.kms.katalon.core.logging.XmlKeywordLogger</class>
  <method>endKeyword</method>
  <thread>1</thread>
  <message>End action : getText(findTestObject(\&amp;quot;Covid-19 Object Repo/Page_Coronavirus Update (Live) 1204075 Case_106633/td_3\&amp;quot;))</message>
  <nestedLevel>2</nestedLevel>
</record>
<record>
  <date>2020-04-08T16:10:51</date>
  <millis>1586337051294</millis>
  <sequence>86</sequence>
  <level>START</level>
  <class>com.kms.katalon.core.logging.XmlKeywordLogger</class>
  <method>startKeyword</method>
  <thread>1</thread>
  <message>Start action : setText(findTestObject(\&amp;quot;Object Repository/Covid-19 Object Repo/Page_Coronavirus Update (Live) 1204075 Case_106633/input_Search_form-control input-sm\&amp;quot;), findTestData(\&amp;quot;Covid-19/Country\&amp;quot;).getValue(1, rowNum))</message>
  <nestedLevel>2</nestedLevel>
  <property name="startLine">27</property>
  <property name="stepIndex">1</property>
</record>
<record>
  <date>2020-04-08T16:10:52</date>
  <millis>1586337052812</millis>
  <sequence>106</sequence>
  <level>PASSED</level>
  <class>com.kms.katalon.core.logging.XmlKeywordLogger</class>
  <method>logMessage</method>
  <thread>1</thread>
  <message>Text &amp;apos;USA&amp;apos; is set on object &amp;apos;Object Repository/Covid-19 Object Repo/Page_Coronavirus Update (Live) 1204075 Case_106633/input_Search_form-control input-sm&amp;apos;</message>
  <nestedLevel>1</nestedLevel>
</record>
<record>
  <date>2020-04-08T16:10:52</date>
  <millis>1586337052813</millis>
  <sequence>107</sequence>
  <level>END</level>
  <class>com.kms.katalon.core.logging.XmlKeywordLogger</class>
  <method>endKeyword</method>
  <thread>1</thread>
  <message>End action : setText(findTestObject(\&amp;quot;Object Repository/Covid-19 Object Repo/Page_Coronavirus Update (Live) 1204075 Case_106633/input_Search_form-control input-sm\&amp;quot;), findTestData(\&amp;quot;Covid-19/Country\&amp;quot;).getValue(1, rowNum))</message>
  <nestedLevel>2</nestedLevel>
</record>
<record>
  <date>2020-04-08T16:10:52</date>
  <millis>1586337052813</millis>
  <sequence>108</sequence>
  <level>START</level>
  <class>com.kms.katalon.core.logging.XmlKeywordLogger</class>
  <method>startKeyword</method>
  <thread>1</thread>
  <message>Start action : getText(findTestObject(\&amp;quot;Covid-19 Object Repo/Page_Coronavirus Update (Live) 1204075 Case_106633/td_102\&amp;quot;))</message>
  <nestedLevel>2</nestedLevel>
  <property name="startLine">31</property>
  <property name="stepIndex">2</property>
  <property name="description">Get New Cases</property>
</record>
<record>
  <date>2020-04-08T16:10:53</date>
  <millis>1586337053354</millis>
  <sequence>117</sequence>
  <level>PASSED</level>
  <class>com.kms.katalon.core.logging.XmlKeywordLogger</class>
  <method>logMessage</method>
  <thread>1</thread>
  <message>Text of object &amp;apos;Object Repository/Covid-19 Object Repo/Page_Coronavirus Update (Live) 1204075 Case_106633/td_102&amp;apos; is: &amp;apos;+214&amp;apos;</message>
  <nestedLevel>1</nestedLevel>
</record>
<record>
  <date>2020-04-08T16:10:53</date>
  <millis>1586337053355</millis>
  <sequence>118</sequence>
  <level>END</level>
  <class>com.kms.katalon.core.logging.XmlKeywordLogger</class>
  <method>endKeyword</method>
  <thread>1</thread>
  <message>End action : getText(findTestObject(\&amp;quot;Covid-19 Object Repo/Page_Coronavirus Update (Live) 1204075 Case_106633/td_102\&amp;quot;))</message>
  <nestedLevel>2</nestedLevel>
</record>
<record>
  <date>2020-04-08T16:10:53</date>
  <millis>1586337053356</millis>
  <sequence>119</sequence>
  <level>START</level>
  <class>com.kms.katalon.core.logging.XmlKeywordLogger</class>
  <method>startKeyword</method>
  <thread>1</thread>
  <message>Start action : getText(findTestObject(\&amp;quot;Covid-19 Object Repo/Page_Coronavirus Update (Live) 1204075 Case_106633/td_3\&amp;quot;))</message>
  <nestedLevel>2</nestedLevel>
  <property name="startLine">34</property>
  <property name="stepIndex">3</property>
  <property name="description">Get New Deaths</property>
</record>
<record>
  <date>2020-04-08T16:10:53</date>
  <millis>1586337053861</millis>
  <sequence>128</sequence>
  <level>PASSED</level>
  <class>com.kms.katalon.core.logging.XmlKeywordLogger</class>
  <method>logMessage</method>
  <thread>1</thread>
  <message>Text of object &amp;apos;Object Repository/Covid-19 Object Repo/Page_Coronavirus Update (Live) 1204075 Case_106633/td_3&amp;apos; is: &amp;apos;+16&amp;apos;</message>
  <nestedLevel>1</nestedLevel>
</record>
<record>
  <date>2020-04-08T16:10:53</date>
  <millis>1586337053867</millis>
  <sequence>133</sequence>
  <level>END</level>
  <class>com.kms.katalon.core.logging.XmlKeywordLogger</class>
  <method>endKeyword</method>
  <thread>1</thread>
  <message>End action : getText(findTestObject(\&amp;quot;Covid-19 Object Repo/Page_Coronavirus Update (Live) 1204075 Case_106633/td_3\&amp;quot;))</message>
  <nestedLevel>2</nestedLevel>
</record>
<record>
  <date>2020-04-08T16:10:53</date>
  <millis>1586337053868</millis>
  <sequence>134</sequence>
  <level>START</level>
  <class>com.kms.katalon.core.logging.XmlKeywordLogger</class>
  <method>startKeyword</method>
  <thread>1</thread>
  <message>Start action : setText(findTestObject(\&amp;quot;Object Repository/Covid-19 Object Repo/Page_Coronavirus Update (Live) 1204075 Case_106633/input_Search_form-control input-sm\&amp;quot;), findTestData(\&amp;quot;Covid-19/Country\&amp;quot;).getValue(1, rowNum))</message>
  <nestedLevel>2</nestedLevel>
  <property name="startLine">27</property>
  <property name="stepIndex">1</property>
</record>
<record>
  <date>2020-04-08T16:10:55</date>
  <millis>1586337055184</millis>
  <sequence>154</sequence>
  <level>PASSED</level>
  <class>com.kms.katalon.core.logging.XmlKeywordLogger</class>
  <method>logMessage</method>
  <thread>1</thread>
  <message>Text &amp;apos;Spain&amp;apos; is set on object &amp;apos;Object Repository/Covid-19 Object Repo/Page_Coronavirus Update (Live) 1204075 Case_106633/input_Search_form-control input-sm&amp;apos;</message>
  <nestedLevel>1</nestedLevel>
</record>
<record>
  <date>2020-04-08T16:10:55</date>
  <millis>1586337055185</millis>
  <sequence>155</sequence>
  <level>END</level>
  <class>com.kms.katalon.core.logging.XmlKeywordLogger</class>
  <method>endKeyword</method>
  <thread>1</thread>
  <message>End action : setText(findTestObject(\&amp;quot;Object Repository/Covid-19 Object Repo/Page_Coronavirus Update (Live) 1204075 Case_106633/input_Search_form-control input-sm\&amp;quot;), findTestData(\&amp;quot;Covid-19/Country\&amp;quot;).getValue(1, rowNum))</message>
  <nestedLevel>2</nestedLevel>
</record>
<record>
  <date>2020-04-08T16:10:55</date>
  <millis>1586337055186</millis>
  <sequence>156</sequence>
  <level>START</level>
  <class>com.kms.katalon.core.logging.XmlKeywordLogger</class>
  <method>startKeyword</method>
  <thread>1</thread>
  <message>Start action : getText(findTestObject(\&amp;quot;Covid-19 Object Repo/Page_Coronavirus Update (Live) 1204075 Case_106633/td_102\&amp;quot;))</message>
  <nestedLevel>2</nestedLevel>
  <property name="startLine">31</property>
  <property name="stepIndex">2</property>
  <property name="description">Get New Cases</property>
</record>
<record>
  <date>2020-04-08T16:10:55</date>
  <millis>1586337055712</millis>
  <sequence>165</sequence>
  <level>PASSED</level>
  <class>com.kms.katalon.core.logging.XmlKeywordLogger</class>
  <method>logMessage</method>
  <thread>1</thread>
  <message>Text of object &amp;apos;Object Repository/Covid-19 Object Repo/Page_Coronavirus Update (Live) 1204075 Case_106633/td_102&amp;apos; is: &amp;apos;&amp;apos;</message>
  <nestedLevel>1</nestedLevel>
</record>
<record>
  <date>2020-04-08T16:10:55</date>
  <millis>1586337055713</millis>
  <sequence>166</sequence>
  <level>END</level>
  <class>com.kms.katalon.core.logging.XmlKeywordLogger</class>
  <method>endKeyword</method>
  <thread>1</thread>
  <message>End action : getText(findTestObject(\&amp;quot;Covid-19 Object Repo/Page_Coronavirus Update (Live) 1204075 Case_106633/td_102\&amp;quot;))</message>
  <nestedLevel>2</nestedLevel>
</record>
<record>
  <date>2020-04-08T16:10:55</date>
  <millis>1586337055714</millis>
  <sequence>167</sequence>
  <level>START</level>
  <class>com.kms.katalon.core.logging.XmlKeywordLogger</class>
  <method>startKeyword</method>
  <thread>1</thread>
  <message>Start action : getText(findTestObject(\&amp;quot;Covid-19 Object Repo/Page_Coronavirus Update (Live) 1204075 Case_106633/td_3\&amp;quot;))</message>
  <nestedLevel>2</nestedLevel>
  <property name="startLine">34</property>
  <property name="stepIndex">3</property>
  <property name="description">Get New Deaths</property>
</record>
<record>
  <date>2020-04-08T16:10:56</date>
  <millis>1586337056206</millis>
  <sequence>176</sequence>
  <level>PASSED</level>
  <class>com.kms.katalon.core.logging.XmlKeywordLogger</class>
  <method>logMessage</method>
  <thread>1</thread>
  <message>Text of object &amp;apos;Object Repository/Covid-19 Object Repo/Page_Coronavirus Update (Live) 1204075 Case_106633/td_3&amp;apos; is: &amp;apos;&amp;apos;</message>
  <nestedLevel>1</nestedLevel>
</record>
<record>
  <date>2020-04-08T16:10:56</date>
  <millis>1586337056211</millis>
  <sequence>181</sequence>
  <level>END</level>
  <class>com.kms.katalon.core.logging.XmlKeywordLogger</class>
  <method>endKeyword</method>
  <thread>1</thread>
  <message>End action : getText(findTestObject(\&amp;quot;Covid-19 Object Repo/Page_Coronavirus Update (Live) 1204075 Case_106633/td_3\&amp;quot;))</message>
  <nestedLevel>2</nestedLevel>
</record>
<record>
  <date>2020-04-08T16:10:56</date>
  <millis>1586337056212</millis>
  <sequence>182</sequence>
  <level>END</level>
  <class>com.kms.katalon.core.logging.XmlKeywordLogger</class>
  <method>endKeyword</method>
  <thread>1</thread>
  <message>End action : for ([rowNum = 1, rowNum &amp;lt;= findTestData(\&amp;quot;Covid-19/Country\&amp;quot;).getRowNumbers(), (rowNum++)])</message>
  <nestedLevel>1</nestedLevel>
</record>
<record>
  <date>2020-04-08T16:10:56</date>
  <millis>1586337056212</millis>
  <sequence>183</sequence>
  <level>START</level>
  <class>com.kms.katalon.core.logging.XmlKeywordLogger</class>
  <method>startKeyword</method>
  <thread>1</thread>
  <message>Start action : closeBrowser()</message>
  <nestedLevel>1</nestedLevel>
  <property name="startLine">37</property>
  <property name="stepIndex">4</property>
</record>
<record>
  <date>2020-04-08T16:10:56</date>
  <millis>1586337056610</millis>
  <sequence>185</sequence>
  <level>PASSED</level>
  <class>com.kms.katalon.core.logging.XmlKeywordLogger</class>
  <method>logMessage</method>
  <thread>1</thread>
  <message>Browser is closed</message>
  <nestedLevel>1</nestedLevel>
</record>
<record>
  <date>2020-04-08T16:10:56</date>
  <millis>1586337056611</millis>
  <sequence>186</sequence>
  <level>END</level>
  <class>com.kms.katalon.core.logging.XmlKeywordLogger</class>
  <method>endKeyword</method>
  <thread>1</thread>
  <message>End action : closeBrowser()</message>
  <nestedLevel>1</nestedLevel>
</record>
<record>
  <date>2020-04-08T16:10:56</date>
  <millis>1586337056611</millis>
  <sequence>187</sequence>
  <level>PASSED</level>
  <class>com.kms.katalon.core.logging.XmlKeywordLogger</class>
  <method>logMessage</method>
  <thread>1</thread>
  <message>Test Cases/Log in/Covid-19</message>
  <nestedLevel>1</nestedLevel>
</record>
<record>
  <date>2020-04-08T16:10:56</date>
  <millis>1586337056612</millis>
  <sequence>188</sequence>
  <level>END</level>
  <class>com.kms.katalon.core.logging.XmlKeywordLogger</class>
  <method>endTest</method>
  <thread>1</thread>
  <message>End Test Case : Test Cases/Log in/Covid-19</message>
  <nestedLevel>0</nestedLevel>
</record>
<record>
  <date>2020-04-08T16:10:56</date>
  <millis>1586337056613</millis>
  <sequence>189</sequence>
  <level>INFO</level>
  <class>com.kms.katalon.core.logging.XmlKeywordLogger</class>
  <method>logMessage</method>
  <thread>1</thread>
  <message>=================== Smart XPath Report =======================</message>
  <nestedLevel>0</nestedLevel>
</record>
<record>
  <date>2020-04-08T16:10:56</date>
  <millis>1586337056614</millis>
  <sequence>190</sequence>
  <level>INFO</level>
  <class>com.kms.katalon.core.logging.XmlKeywordLogger</class>
  <method>logMessage</method>
  <thread>1</thread>
  <message>Refer to the link below to preview and approve auto healing on broken test objects.</message>
  <nestedLevel>0</nestedLevel>
</record>
<record>
  <date>2020-04-08T16:10:56</date>
  <millis>1586337056615</millis>
  <sequence>191</sequence>
  <level>INFO</level>
  <class>com.kms.katalon.core.logging.XmlKeywordLogger</class>
  <method>logMessage</method>
  <thread>1</thread>
  <message>https://docs.katalon.com/katalon-studio/docs/auto-healing-smart-xpath.html</message>
  <nestedLevel>0</nestedLevel>
</record>
<record>
  <date>2020-04-08T16:10:56</date>
  <millis>1586337056616</millis>
  <sequence>192</sequence>
  <level>INFO</level>
  <class>com.kms.katalon.core.logging.XmlKeywordLogger</class>
  <method>logMessage</method>
  <thread>1</thread>
  <message>===============================================================</message>
  <nestedLevel>0</nestedLevel>
</record>
<record>
  <date>2020-04-08T16:10:56</date>
  <millis>1586337056644</millis>
  <sequence>193</sequence>
  <level>START</level>
  <class>com.kms.katalon.core.logging.XmlKeywordLogger</class>
  <method>startTest</method>
  <thread>1</thread>
  <message>Start Test Case : Test Cases/Log in/Covid-19</message>
  <nestedLevel>1</nestedLevel>
  <property name="name">Test Cases/Log in/Covid-19</property>
  <property name="description"></property>
  <property name="id">Test Cases/Log in/Covid-19</property>
  <property name="source">\\Users\\thaveephongt\\Katalon Studio\\Be Demo\\Test Cases\\Log in\\Covid-19.tc</property>
  <property name="tag"></property>
  <property name="isOptional">false</property>
</record>
<record>
  <date>2020-04-08T16:10:56</date>
  <millis>1586337056663</millis>
  <sequence>195</sequence>
  <level>INFO</level>
  <class>com.kms.katalon.core.logging.XmlKeywordLogger</class>
  <method>logMessage</method>
  <thread>1</thread>
  <message>Country = USA</message>
  <nestedLevel>1</nestedLevel>
</record>
<record>
  <date>2020-04-08T16:10:56</date>
  <millis>1586337056664</millis>
  <sequence>196</sequence>
  <level>START</level>
  <class>com.kms.katalon.core.logging.XmlKeywordLogger</class>
  <method>startKeyword</method>
  <thread>1</thread>
  <message>Start action : openBrowser(\&amp;quot;https://www.worldometers.info/coronavirus/\&amp;quot;)</message>
  <nestedLevel>1</nestedLevel>
  <property name="startLine">19</property>
  <property name="stepIndex">1</property>
</record>
<record>
  <date>2020-04-08T16:10:56</date>
  <millis>1586337056677</millis>
  <sequence>198</sequence>
  <level>INFO</level>
  <class>com.kms.katalon.core.logging.XmlKeywordLogger</class>
  <method>logMessage</method>
  <thread>1</thread>
  <message>Starting &amp;apos;Chrome&amp;apos; driver</message>
  <nestedLevel>1</nestedLevel>
</record>
<record>
  <date>2020-04-08T16:10:56</date>
  <millis>1586337056680</millis>
  <sequence>200</sequence>
  <level>INFO</level>
  <class>com.kms.katalon.core.logging.XmlKeywordLogger</class>
  <method>logMessage</method>
  <thread>1</thread>
  <message>Action delay is set to 0 milliseconds</message>
  <nestedLevel>1</nestedLevel>
</record>
<record>
  <date>2020-04-08T16:10:59</date>
  <millis>1586337059076</millis>
  <sequence>202</sequence>
  <level>RUN_DATA</level>
  <class>com.kms.katalon.core.logging.XmlKeywordLogger</class>
  <method>logMessage</method>
  <thread>1</thread>
  <message>sessionId = 2ce48a45fa50f3290d438e501807edeb</message>
  <nestedLevel>1</nestedLevel>
  <property name="sessionId">2ce48a45fa50f3290d438e501807edeb</property>
</record>
<record>
  <date>2020-04-08T16:10:59</date>
  <millis>1586337059107</millis>
  <sequence>203</sequence>
  <level>RUN_DATA</level>
  <class>com.kms.katalon.core.logging.XmlKeywordLogger</class>
  <method>logMessage</method>
  <thread>1</thread>
  <message>browser = Chrome 80.0.3987.163</message>
  <nestedLevel>1</nestedLevel>
  <property name="browser">Chrome 80.0.3987.163</property>
</record>
<record>
  <date>2020-04-08T16:10:59</date>
  <millis>1586337059108</millis>
  <sequence>204</sequence>
  <level>RUN_DATA</level>
  <class>com.kms.katalon.core.logging.XmlKeywordLogger</class>
  <method>logMessage</method>
  <thread>1</thread>
  <message>platform = Mac OS X</message>
  <nestedLevel>1</nestedLevel>
  <property name="platform">Mac OS X</property>
</record>
<record>
  <date>2020-04-08T16:10:59</date>
  <millis>1586337059109</millis>
  <sequence>205</sequence>
  <level>RUN_DATA</level>
  <class>com.kms.katalon.core.logging.XmlKeywordLogger</class>
  <method>logMessage</method>
  <thread>1</thread>
  <message>seleniumVersion = 3.141.59</message>
  <nestedLevel>1</nestedLevel>
  <property name="seleniumVersion">3.141.59</property>
</record>
<record>
  <date>2020-04-08T16:10:59</date>
  <millis>1586337059110</millis>
  <sequence>206</sequence>
  <level>RUN_DATA</level>
  <class>com.kms.katalon.core.logging.XmlKeywordLogger</class>
  <method>logMessage</method>
  <thread>1</thread>
  <message>proxyInformation = ProxyInformation{proxyOption=NO_PROXY, proxyServerType=HTTP, password=, proxyServerAddress=, proxyServerPort=0, executionList=}</message>
  <nestedLevel>1</nestedLevel>
  <property name="proxyInformation">ProxyInformation{proxyOption=NO_PROXY, proxyServerType=HTTP, password=, proxyServerAddress=, proxyServerPort=0, executionList=}</property>
</record>
<record>
  <date>2020-04-08T16:11:20</date>
  <millis>1586337080216</millis>
  <sequence>208</sequence>
  <level>PASSED</level>
  <class>com.kms.katalon.core.logging.XmlKeywordLogger</class>
  <method>logMessage</method>
  <thread>1</thread>
  <message>Browser is opened with url: &amp;apos;https://www.worldometers.info/coronavirus/&amp;apos;</message>
  <nestedLevel>1</nestedLevel>
</record>
<record>
  <date>2020-04-08T16:11:20</date>
  <millis>1586337080217</millis>
  <sequence>209</sequence>
  <level>END</level>
  <class>com.kms.katalon.core.logging.XmlKeywordLogger</class>
  <method>endKeyword</method>
  <thread>1</thread>
  <message>End action : openBrowser(\&amp;quot;https://www.worldometers.info/coronavirus/\&amp;quot;)</message>
  <nestedLevel>1</nestedLevel>
</record>
<record>
  <date>2020-04-08T16:11:20</date>
  <millis>1586337080218</millis>
  <sequence>210</sequence>
  <level>START</level>
  <class>com.kms.katalon.core.logging.XmlKeywordLogger</class>
  <method>startKeyword</method>
  <thread>1</thread>
  <message>Start action : click(findTestObject(\&amp;quot;Object Repository/Covid-19 Object Repo/Page_Coronavirus Update (Live) 1204075 Case_106633/a_view by country\&amp;quot;))</message>
  <nestedLevel>1</nestedLevel>
  <property name="startLine">21</property>
  <property name="stepIndex">2</property>
</record>
<record>
  <date>2020-04-08T16:11:21</date>
  <millis>1586337081504</millis>
  <sequence>219</sequence>
  <level>PASSED</level>
  <class>com.kms.katalon.core.logging.XmlKeywordLogger</class>
  <method>logMessage</method>
  <thread>1</thread>
  <message>Object: &amp;apos;Object Repository/Covid-19 Object Repo/Page_Coronavirus Update (Live) 1204075 Case_106633/a_view by country&amp;apos; is clicked on</message>
  <nestedLevel>1</nestedLevel>
</record>
<record>
  <date>2020-04-08T16:11:21</date>
  <millis>1586337081506</millis>
  <sequence>220</sequence>
  <level>END</level>
  <class>com.kms.katalon.core.logging.XmlKeywordLogger</class>
  <method>endKeyword</method>
  <thread>1</thread>
  <message>End action : click(findTestObject(\&amp;quot;Object Repository/Covid-19 Object Repo/Page_Coronavirus Update (Live) 1204075 Case_106633/a_view by country\&amp;quot;))</message>
  <nestedLevel>1</nestedLevel>
</record>
<record>
  <date>2020-04-08T16:11:21</date>
  <millis>1586337081507</millis>
  <sequence>221</sequence>
  <level>START</level>
  <class>com.kms.katalon.core.logging.XmlKeywordLogger</class>
  <method>startKeyword</method>
  <thread>1</thread>
  <message>Start action : for ([rowNum = 1, rowNum &amp;lt;= findTestData(\&amp;quot;Covid-19/Country\&amp;quot;).getRowNumbers(), (rowNum++)])</message>
  <nestedLevel>1</nestedLevel>
  <property name="startLine">25</property>
  <property name="stepIndex">3</property>
</record>
<record>
  <date>2020-04-08T16:11:21</date>
  <millis>1586337081516</millis>
  <sequence>226</sequence>
  <level>START</level>
  <class>com.kms.katalon.core.logging.XmlKeywordLogger</class>
  <method>startKeyword</method>
  <thread>1</thread>
  <message>Start action : setText(findTestObject(\&amp;quot;Object Repository/Covid-19 Object Repo/Page_Coronavirus Update (Live) 1204075 Case_106633/input_Search_form-control input-sm\&amp;quot;), findTestData(\&amp;quot;Covid-19/Country\&amp;quot;).getValue(1, rowNum))</message>
  <nestedLevel>2</nestedLevel>
  <property name="startLine">27</property>
  <property name="stepIndex">1</property>
</record>
<record>
  <date>2020-04-08T16:11:23</date>
  <millis>1586337083811</millis>
  <sequence>246</sequence>
  <level>PASSED</level>
  <class>com.kms.katalon.core.logging.XmlKeywordLogger</class>
  <method>logMessage</method>
  <thread>1</thread>
  <message>Text &amp;apos;Thailand&amp;apos; is set on object &amp;apos;Object Repository/Covid-19 Object Repo/Page_Coronavirus Update (Live) 1204075 Case_106633/input_Search_form-control input-sm&amp;apos;</message>
  <nestedLevel>1</nestedLevel>
</record>
<record>
  <date>2020-04-08T16:11:23</date>
  <millis>1586337083812</millis>
  <sequence>247</sequence>
  <level>END</level>
  <class>com.kms.katalon.core.logging.XmlKeywordLogger</class>
  <method>endKeyword</method>
  <thread>1</thread>
  <message>End action : setText(findTestObject(\&amp;quot;Object Repository/Covid-19 Object Repo/Page_Coronavirus Update (Live) 1204075 Case_106633/input_Search_form-control input-sm\&amp;quot;), findTestData(\&amp;quot;Covid-19/Country\&amp;quot;).getValue(1, rowNum))</message>
  <nestedLevel>2</nestedLevel>
</record>
<record>
  <date>2020-04-08T16:11:23</date>
  <millis>1586337083812</millis>
  <sequence>248</sequence>
  <level>START</level>
  <class>com.kms.katalon.core.logging.XmlKeywordLogger</class>
  <method>startKeyword</method>
  <thread>1</thread>
  <message>Start action : getText(findTestObject(\&amp;quot;Covid-19 Object Repo/Page_Coronavirus Update (Live) 1204075 Case_106633/td_102\&amp;quot;))</message>
  <nestedLevel>2</nestedLevel>
  <property name="startLine">31</property>
  <property name="stepIndex">2</property>
  <property name="description">Get New Cases</property>
</record>
<record>
  <date>2020-04-08T16:11:24</date>
  <millis>1586337084335</millis>
  <sequence>257</sequence>
  <level>PASSED</level>
  <class>com.kms.katalon.core.logging.XmlKeywordLogger</class>
  <method>logMessage</method>
  <thread>1</thread>
  <message>Text of object &amp;apos;Object Repository/Covid-19 Object Repo/Page_Coronavirus Update (Live) 1204075 Case_106633/td_102&amp;apos; is: &amp;apos;+111&amp;apos;</message>
  <nestedLevel>1</nestedLevel>
</record>
<record>
  <date>2020-04-08T16:11:24</date>
  <millis>1586337084336</millis>
  <sequence>258</sequence>
  <level>END</level>
  <class>com.kms.katalon.core.logging.XmlKeywordLogger</class>
  <method>endKeyword</method>
  <thread>1</thread>
  <message>End action : getText(findTestObject(\&amp;quot;Covid-19 Object Repo/Page_Coronavirus Update (Live) 1204075 Case_106633/td_102\&amp;quot;))</message>
  <nestedLevel>2</nestedLevel>
</record>
<record>
  <date>2020-04-08T16:11:24</date>
  <millis>1586337084337</millis>
  <sequence>259</sequence>
  <level>START</level>
  <class>com.kms.katalon.core.logging.XmlKeywordLogger</class>
  <method>startKeyword</method>
  <thread>1</thread>
  <message>Start action : getText(findTestObject(\&amp;quot;Covid-19 Object Repo/Page_Coronavirus Update (Live) 1204075 Case_106633/td_3\&amp;quot;))</message>
  <nestedLevel>2</nestedLevel>
  <property name="startLine">34</property>
  <property name="stepIndex">3</property>
  <property name="description">Get New Deaths</property>
</record>
<record>
  <date>2020-04-08T16:11:24</date>
  <millis>1586337084874</millis>
  <sequence>268</sequence>
  <level>PASSED</level>
  <class>com.kms.katalon.core.logging.XmlKeywordLogger</class>
  <method>logMessage</method>
  <thread>1</thread>
  <message>Text of object &amp;apos;Object Repository/Covid-19 Object Repo/Page_Coronavirus Update (Live) 1204075 Case_106633/td_3&amp;apos; is: &amp;apos;+3&amp;apos;</message>
  <nestedLevel>1</nestedLevel>
</record>
<record>
  <date>2020-04-08T16:11:24</date>
  <millis>1586337084880</millis>
  <sequence>273</sequence>
  <level>END</level>
  <class>com.kms.katalon.core.logging.XmlKeywordLogger</class>
  <method>endKeyword</method>
  <thread>1</thread>
  <message>End action : getText(findTestObject(\&amp;quot;Covid-19 Object Repo/Page_Coronavirus Update (Live) 1204075 Case_106633/td_3\&amp;quot;))</message>
  <nestedLevel>2</nestedLevel>
</record>
<record>
  <date>2020-04-08T16:11:24</date>
  <millis>1586337084880</millis>
  <sequence>274</sequence>
  <level>START</level>
  <class>com.kms.katalon.core.logging.XmlKeywordLogger</class>
  <method>startKeyword</method>
  <thread>1</thread>
  <message>Start action : setText(findTestObject(\&amp;quot;Object Repository/Covid-19 Object Repo/Page_Coronavirus Update (Live) 1204075 Case_106633/input_Search_form-control input-sm\&amp;quot;), findTestData(\&amp;quot;Covid-19/Country\&amp;quot;).getValue(1, rowNum))</message>
  <nestedLevel>2</nestedLevel>
  <property name="startLine">27</property>
  <property name="stepIndex">1</property>
</record>
<record>
  <date>2020-04-08T16:11:26</date>
  <millis>1586337086459</millis>
  <sequence>294</sequence>
  <level>PASSED</level>
  <class>com.kms.katalon.core.logging.XmlKeywordLogger</class>
  <method>logMessage</method>
  <thread>1</thread>
  <message>Text &amp;apos;USA&amp;apos; is set on object &amp;apos;Object Repository/Covid-19 Object Repo/Page_Coronavirus Update (Live) 1204075 Case_106633/input_Search_form-control input-sm&amp;apos;</message>
  <nestedLevel>1</nestedLevel>
</record>
<record>
  <date>2020-04-08T16:11:26</date>
  <millis>1586337086460</millis>
  <sequence>295</sequence>
  <level>END</level>
  <class>com.kms.katalon.core.logging.XmlKeywordLogger</class>
  <method>endKeyword</method>
  <thread>1</thread>
  <message>End action : setText(findTestObject(\&amp;quot;Object Repository/Covid-19 Object Repo/Page_Coronavirus Update (Live) 1204075 Case_106633/input_Search_form-control input-sm\&amp;quot;), findTestData(\&amp;quot;Covid-19/Country\&amp;quot;).getValue(1, rowNum))</message>
  <nestedLevel>2</nestedLevel>
</record>
<record>
  <date>2020-04-08T16:11:26</date>
  <millis>1586337086461</millis>
  <sequence>296</sequence>
  <level>START</level>
  <class>com.kms.katalon.core.logging.XmlKeywordLogger</class>
  <method>startKeyword</method>
  <thread>1</thread>
  <message>Start action : getText(findTestObject(\&amp;quot;Covid-19 Object Repo/Page_Coronavirus Update (Live) 1204075 Case_106633/td_102\&amp;quot;))</message>
  <nestedLevel>2</nestedLevel>
  <property name="startLine">31</property>
  <property name="stepIndex">2</property>
  <property name="description">Get New Cases</property>
</record>
<record>
  <date>2020-04-08T16:11:26</date>
  <millis>1586337086976</millis>
  <sequence>305</sequence>
  <level>PASSED</level>
  <class>com.kms.katalon.core.logging.XmlKeywordLogger</class>
  <method>logMessage</method>
  <thread>1</thread>
  <message>Text of object &amp;apos;Object Repository/Covid-19 Object Repo/Page_Coronavirus Update (Live) 1204075 Case_106633/td_102&amp;apos; is: &amp;apos;+214&amp;apos;</message>
  <nestedLevel>1</nestedLevel>
</record>
<record>
  <date>2020-04-08T16:11:26</date>
  <millis>1586337086977</millis>
  <sequence>306</sequence>
  <level>END</level>
  <class>com.kms.katalon.core.logging.XmlKeywordLogger</class>
  <method>endKeyword</method>
  <thread>1</thread>
  <message>End action : getText(findTestObject(\&amp;quot;Covid-19 Object Repo/Page_Coronavirus Update (Live) 1204075 Case_106633/td_102\&amp;quot;))</message>
  <nestedLevel>2</nestedLevel>
</record>
<record>
  <date>2020-04-08T16:11:26</date>
  <millis>1586337086978</millis>
  <sequence>307</sequence>
  <level>START</level>
  <class>com.kms.katalon.core.logging.XmlKeywordLogger</class>
  <method>startKeyword</method>
  <thread>1</thread>
  <message>Start action : getText(findTestObject(\&amp;quot;Covid-19 Object Repo/Page_Coronavirus Update (Live) 1204075 Case_106633/td_3\&amp;quot;))</message>
  <nestedLevel>2</nestedLevel>
  <property name="startLine">34</property>
  <property name="stepIndex">3</property>
  <property name="description">Get New Deaths</property>
</record>
<record>
  <date>2020-04-08T16:11:27</date>
  <millis>1586337087604</millis>
  <sequence>316</sequence>
  <level>PASSED</level>
  <class>com.kms.katalon.core.logging.XmlKeywordLogger</class>
  <method>logMessage</method>
  <thread>1</thread>
  <message>Text of object &amp;apos;Object Repository/Covid-19 Object Repo/Page_Coronavirus Update (Live) 1204075 Case_106633/td_3&amp;apos; is: &amp;apos;+16&amp;apos;</message>
  <nestedLevel>1</nestedLevel>
</record>
<record>
  <date>2020-04-08T16:11:27</date>
  <millis>1586337087609</millis>
  <sequence>321</sequence>
  <level>END</level>
  <class>com.kms.katalon.core.logging.XmlKeywordLogger</class>
  <method>endKeyword</method>
  <thread>1</thread>
  <message>End action : getText(findTestObject(\&amp;quot;Covid-19 Object Repo/Page_Coronavirus Update (Live) 1204075 Case_106633/td_3\&amp;quot;))</message>
  <nestedLevel>2</nestedLevel>
</record>
<record>
  <date>2020-04-08T16:11:27</date>
  <millis>1586337087609</millis>
  <sequence>322</sequence>
  <level>START</level>
  <class>com.kms.katalon.core.logging.XmlKeywordLogger</class>
  <method>startKeyword</method>
  <thread>1</thread>
  <message>Start action : setText(findTestObject(\&amp;quot;Object Repository/Covid-19 Object Repo/Page_Coronavirus Update (Live) 1204075 Case_106633/input_Search_form-control input-sm\&amp;quot;), findTestData(\&amp;quot;Covid-19/Country\&amp;quot;).getValue(1, rowNum))</message>
  <nestedLevel>2</nestedLevel>
  <property name="startLine">27</property>
  <property name="stepIndex">1</property>
</record>
<record>
  <date>2020-04-08T16:11:28</date>
  <millis>1586337088894</millis>
  <sequence>342</sequence>
  <level>PASSED</level>
  <class>com.kms.katalon.core.logging.XmlKeywordLogger</class>
  <method>logMessage</method>
  <thread>1</thread>
  <message>Text &amp;apos;Spain&amp;apos; is set on object &amp;apos;Object Repository/Covid-19 Object Repo/Page_Coronavirus Update (Live) 1204075 Case_106633/input_Search_form-control input-sm&amp;apos;</message>
  <nestedLevel>1</nestedLevel>
</record>
<record>
  <date>2020-04-08T16:11:28</date>
  <millis>1586337088894</millis>
  <sequence>343</sequence>
  <level>END</level>
  <class>com.kms.katalon.core.logging.XmlKeywordLogger</class>
  <method>endKeyword</method>
  <thread>1</thread>
  <message>End action : setText(findTestObject(\&amp;quot;Object Repository/Covid-19 Object Repo/Page_Coronavirus Update (Live) 1204075 Case_106633/input_Search_form-control input-sm\&amp;quot;), findTestData(\&amp;quot;Covid-19/Country\&amp;quot;).getValue(1, rowNum))</message>
  <nestedLevel>2</nestedLevel>
</record>
<record>
  <date>2020-04-08T16:11:28</date>
  <millis>1586337088895</millis>
  <sequence>344</sequence>
  <level>START</level>
  <class>com.kms.katalon.core.logging.XmlKeywordLogger</class>
  <method>startKeyword</method>
  <thread>1</thread>
  <message>Start action : getText(findTestObject(\&amp;quot;Covid-19 Object Repo/Page_Coronavirus Update (Live) 1204075 Case_106633/td_102\&amp;quot;))</message>
  <nestedLevel>2</nestedLevel>
  <property name="startLine">31</property>
  <property name="stepIndex">2</property>
  <property name="description">Get New Cases</property>
</record>
<record>
  <date>2020-04-08T16:11:29</date>
  <millis>1586337089390</millis>
  <sequence>353</sequence>
  <level>PASSED</level>
  <class>com.kms.katalon.core.logging.XmlKeywordLogger</class>
  <method>logMessage</method>
  <thread>1</thread>
  <message>Text of object &amp;apos;Object Repository/Covid-19 Object Repo/Page_Coronavirus Update (Live) 1204075 Case_106633/td_102&amp;apos; is: &amp;apos;&amp;apos;</message>
  <nestedLevel>1</nestedLevel>
</record>
<record>
  <date>2020-04-08T16:11:29</date>
  <millis>1586337089391</millis>
  <sequence>354</sequence>
  <level>END</level>
  <class>com.kms.katalon.core.logging.XmlKeywordLogger</class>
  <method>endKeyword</method>
  <thread>1</thread>
  <message>End action : getText(findTestObject(\&amp;quot;Covid-19 Object Repo/Page_Coronavirus Update (Live) 1204075 Case_106633/td_102\&amp;quot;))</message>
  <nestedLevel>2</nestedLevel>
</record>
<record>
  <date>2020-04-08T16:11:29</date>
  <millis>1586337089392</millis>
  <sequence>355</sequence>
  <level>START</level>
  <class>com.kms.katalon.core.logging.XmlKeywordLogger</class>
  <method>startKeyword</method>
  <thread>1</thread>
  <message>Start action : getText(findTestObject(\&amp;quot;Covid-19 Object Repo/Page_Coronavirus Update (Live) 1204075 Case_106633/td_3\&amp;quot;))</message>
  <nestedLevel>2</nestedLevel>
  <property name="startLine">34</property>
  <property name="stepIndex">3</property>
  <property name="description">Get New Deaths</property>
</record>
<record>
  <date>2020-04-08T16:11:29</date>
  <millis>1586337089871</millis>
  <sequence>364</sequence>
  <level>PASSED</level>
  <class>com.kms.katalon.core.logging.XmlKeywordLogger</class>
  <method>logMessage</method>
  <thread>1</thread>
  <message>Text of object &amp;apos;Object Repository/Covid-19 Object Repo/Page_Coronavirus Update (Live) 1204075 Case_106633/td_3&amp;apos; is: &amp;apos;&amp;apos;</message>
  <nestedLevel>1</nestedLevel>
</record>
<record>
  <date>2020-04-08T16:11:29</date>
  <millis>1586337089875</millis>
  <sequence>369</sequence>
  <level>END</level>
  <class>com.kms.katalon.core.logging.XmlKeywordLogger</class>
  <method>endKeyword</method>
  <thread>1</thread>
  <message>End action : getText(findTestObject(\&amp;quot;Covid-19 Object Repo/Page_Coronavirus Update (Live) 1204075 Case_106633/td_3\&amp;quot;))</message>
  <nestedLevel>2</nestedLevel>
</record>
<record>
  <date>2020-04-08T16:11:29</date>
  <millis>1586337089876</millis>
  <sequence>370</sequence>
  <level>END</level>
  <class>com.kms.katalon.core.logging.XmlKeywordLogger</class>
  <method>endKeyword</method>
  <thread>1</thread>
  <message>End action : for ([rowNum = 1, rowNum &amp;lt;= findTestData(\&amp;quot;Covid-19/Country\&amp;quot;).getRowNumbers(), (rowNum++)])</message>
  <nestedLevel>1</nestedLevel>
</record>
<record>
  <date>2020-04-08T16:11:29</date>
  <millis>1586337089876</millis>
  <sequence>371</sequence>
  <level>START</level>
  <class>com.kms.katalon.core.logging.XmlKeywordLogger</class>
  <method>startKeyword</method>
  <thread>1</thread>
  <message>Start action : closeBrowser()</message>
  <nestedLevel>1</nestedLevel>
  <property name="startLine">37</property>
  <property name="stepIndex">4</property>
</record>
<record>
  <date>2020-04-08T16:11:30</date>
  <millis>1586337090158</millis>
  <sequence>373</sequence>
  <level>PASSED</level>
  <class>com.kms.katalon.core.logging.XmlKeywordLogger</class>
  <method>logMessage</method>
  <thread>1</thread>
  <message>Browser is closed</message>
  <nestedLevel>1</nestedLevel>
</record>
<record>
  <date>2020-04-08T16:11:30</date>
  <millis>1586337090159</millis>
  <sequence>374</sequence>
  <level>END</level>
  <class>com.kms.katalon.core.logging.XmlKeywordLogger</class>
  <method>endKeyword</method>
  <thread>1</thread>
  <message>End action : closeBrowser()</message>
  <nestedLevel>1</nestedLevel>
</record>
<record>
  <date>2020-04-08T16:11:30</date>
  <millis>1586337090160</millis>
  <sequence>375</sequence>
  <level>PASSED</level>
  <class>com.kms.katalon.core.logging.XmlKeywordLogger</class>
  <method>logMessage</method>
  <thread>1</thread>
  <message>Test Cases/Log in/Covid-19</message>
  <nestedLevel>1</nestedLevel>
</record>
<record>
  <date>2020-04-08T16:11:30</date>
  <millis>1586337090160</millis>
  <sequence>376</sequence>
  <level>END</level>
  <class>com.kms.katalon.core.logging.XmlKeywordLogger</class>
  <method>endTest</method>
  <thread>1</thread>
  <message>End Test Case : Test Cases/Log in/Covid-19</message>
  <nestedLevel>0</nestedLevel>
</record>
<record>
  <date>2020-04-08T16:11:30</date>
  <millis>1586337090162</millis>
  <sequence>377</sequence>
  <level>INFO</level>
  <class>com.kms.katalon.core.logging.XmlKeywordLogger</class>
  <method>logMessage</method>
  <thread>1</thread>
  <message>=================== Smart XPath Report =======================</message>
  <nestedLevel>0</nestedLevel>
</record>
<record>
  <date>2020-04-08T16:11:30</date>
  <millis>1586337090163</millis>
  <sequence>378</sequence>
  <level>INFO</level>
  <class>com.kms.katalon.core.logging.XmlKeywordLogger</class>
  <method>logMessage</method>
  <thread>1</thread>
  <message>Refer to the link below to preview and approve auto healing on broken test objects.</message>
  <nestedLevel>0</nestedLevel>
</record>
<record>
  <date>2020-04-08T16:11:30</date>
  <millis>1586337090164</millis>
  <sequence>379</sequence>
  <level>INFO</level>
  <class>com.kms.katalon.core.logging.XmlKeywordLogger</class>
  <method>logMessage</method>
  <thread>1</thread>
  <message>https://docs.katalon.com/katalon-studio/docs/auto-healing-smart-xpath.html</message>
  <nestedLevel>0</nestedLevel>
</record>
<record>
  <date>2020-04-08T16:11:30</date>
  <millis>1586337090164</millis>
  <sequence>380</sequence>
  <level>INFO</level>
  <class>com.kms.katalon.core.logging.XmlKeywordLogger</class>
  <method>logMessage</method>
  <thread>1</thread>
  <message>===============================================================</message>
  <nestedLevel>0</nestedLevel>
</record>
<record>
  <date>2020-04-08T16:11:30</date>
  <millis>1586337090190</millis>
  <sequence>381</sequence>
  <level>START</level>
  <class>com.kms.katalon.core.logging.XmlKeywordLogger</class>
  <method>startTest</method>
  <thread>1</thread>
  <message>Start Test Case : Test Cases/Log in/Covid-19</message>
  <nestedLevel>1</nestedLevel>
  <property name="name">Test Cases/Log in/Covid-19</property>
  <property name="description"></property>
  <property name="id">Test Cases/Log in/Covid-19</property>
  <property name="source">\\Users\\thaveephongt\\Katalon Studio\\Be Demo\\Test Cases\\Log in\\Covid-19.tc</property>
  <property name="tag"></property>
  <property name="isOptional">false</property>
</record>
<record>
  <date>2020-04-08T16:11:30</date>
  <millis>1586337090202</millis>
  <sequence>383</sequence>
  <level>INFO</level>
  <class>com.kms.katalon.core.logging.XmlKeywordLogger</class>
  <method>logMessage</method>
  <thread>1</thread>
  <message>Country = Spain</message>
  <nestedLevel>1</nestedLevel>
</record>
<record>
  <date>2020-04-08T16:11:30</date>
  <millis>1586337090204</millis>
  <sequence>384</sequence>
  <level>START</level>
  <class>com.kms.katalon.core.logging.XmlKeywordLogger</class>
  <method>startKeyword</method>
  <thread>1</thread>
  <message>Start action : openBrowser(\&amp;quot;https://www.worldometers.info/coronavirus/\&amp;quot;)</message>
  <nestedLevel>1</nestedLevel>
  <property name="startLine">19</property>
  <property name="stepIndex">1</property>
</record>
<record>
  <date>2020-04-08T16:11:30</date>
  <millis>1586337090214</millis>
  <sequence>386</sequence>
  <level>INFO</level>
  <class>com.kms.katalon.core.logging.XmlKeywordLogger</class>
  <method>logMessage</method>
  <thread>1</thread>
  <message>Starting &amp;apos;Chrome&amp;apos; driver</message>
  <nestedLevel>1</nestedLevel>
</record>
<record>
  <date>2020-04-08T16:11:30</date>
  <millis>1586337090217</millis>
  <sequence>388</sequence>
  <level>INFO</level>
  <class>com.kms.katalon.core.logging.XmlKeywordLogger</class>
  <method>logMessage</method>
  <thread>1</thread>
  <message>Action delay is set to 0 milliseconds</message>
  <nestedLevel>1</nestedLevel>
</record>
<record>
  <date>2020-04-08T16:11:32</date>
  <millis>1586337092489</millis>
  <sequence>390</sequence>
  <level>RUN_DATA</level>
  <class>com.kms.katalon.core.logging.XmlKeywordLogger</class>
  <method>logMessage</method>
  <thread>1</thread>
  <message>sessionId = d38a715432eb02b59da43a7d087ed46b</message>
  <nestedLevel>1</nestedLevel>
  <property name="sessionId">d38a715432eb02b59da43a7d087ed46b</property>
</record>
<record>
  <date>2020-04-08T16:11:32</date>
  <millis>1586337092547</millis>
  <sequence>391</sequence>
  <level>RUN_DATA</level>
  <class>com.kms.katalon.core.logging.XmlKeywordLogger</class>
  <method>logMessage</method>
  <thread>1</thread>
  <message>browser = Chrome 80.0.3987.163</message>
  <nestedLevel>1</nestedLevel>
  <property name="browser">Chrome 80.0.3987.163</property>
</record>
<record>
  <date>2020-04-08T16:11:32</date>
  <millis>1586337092548</millis>
  <sequence>392</sequence>
  <level>RUN_DATA</level>
  <class>com.kms.katalon.core.logging.XmlKeywordLogger</class>
  <method>logMessage</method>
  <thread>1</thread>
  <message>platform = Mac OS X</message>
  <nestedLevel>1</nestedLevel>
  <property name="platform">Mac OS X</property>
</record>
<record>
  <date>2020-04-08T16:11:32</date>
  <millis>1586337092548</millis>
  <sequence>393</sequence>
  <level>RUN_DATA</level>
  <class>com.kms.katalon.core.logging.XmlKeywordLogger</class>
  <method>logMessage</method>
  <thread>1</thread>
  <message>seleniumVersion = 3.141.59</message>
  <nestedLevel>1</nestedLevel>
  <property name="seleniumVersion">3.141.59</property>
</record>
<record>
  <date>2020-04-08T16:11:32</date>
  <millis>1586337092550</millis>
  <sequence>394</sequence>
  <level>RUN_DATA</level>
  <class>com.kms.katalon.core.logging.XmlKeywordLogger</class>
  <method>logMessage</method>
  <thread>1</thread>
  <message>proxyInformation = ProxyInformation{proxyOption=NO_PROXY, proxyServerType=HTTP, password=, proxyServerAddress=, proxyServerPort=0, executionList=}</message>
  <nestedLevel>1</nestedLevel>
  <property name="proxyInformation">ProxyInformation{proxyOption=NO_PROXY, proxyServerType=HTTP, password=, proxyServerAddress=, proxyServerPort=0, executionList=}</property>
</record>
<record>
  <date>2020-04-08T16:12:11</date>
  <millis>1586337131926</millis>
  <sequence>396</sequence>
  <level>PASSED</level>
  <class>com.kms.katalon.core.logging.XmlKeywordLogger</class>
  <method>logMessage</method>
  <thread>1</thread>
  <message>Browser is opened with url: &amp;apos;https://www.worldometers.info/coronavirus/&amp;apos;</message>
  <nestedLevel>1</nestedLevel>
</record>
<record>
  <date>2020-04-08T16:12:11</date>
  <millis>1586337131928</millis>
  <sequence>397</sequence>
  <level>END</level>
  <class>com.kms.katalon.core.logging.XmlKeywordLogger</class>
  <method>endKeyword</method>
  <thread>1</thread>
  <message>End action : openBrowser(\&amp;quot;https://www.worldometers.info/coronavirus/\&amp;quot;)</message>
  <nestedLevel>1</nestedLevel>
</record>
<record>
  <date>2020-04-08T16:12:11</date>
  <millis>1586337131928</millis>
  <sequence>398</sequence>
  <level>START</level>
  <class>com.kms.katalon.core.logging.XmlKeywordLogger</class>
  <method>startKeyword</method>
  <thread>1</thread>
  <message>Start action : click(findTestObject(\&amp;quot;Object Repository/Covid-19 Object Repo/Page_Coronavirus Update (Live) 1204075 Case_106633/a_view by country\&amp;quot;))</message>
  <nestedLevel>1</nestedLevel>
  <property name="startLine">21</property>
  <property name="stepIndex">2</property>
</record>
<record>
  <date>2020-04-08T16:12:20</date>
  <millis>1586337140358</millis>
  <sequence>407</sequence>
  <level>PASSED</level>
  <class>com.kms.katalon.core.logging.XmlKeywordLogger</class>
  <method>logMessage</method>
  <thread>1</thread>
  <message>Object: &amp;apos;Object Repository/Covid-19 Object Repo/Page_Coronavirus Update (Live) 1204075 Case_106633/a_view by country&amp;apos; is clicked on</message>
  <nestedLevel>1</nestedLevel>
</record>
<record>
  <date>2020-04-08T16:12:20</date>
  <millis>1586337140359</millis>
  <sequence>408</sequence>
  <level>END</level>
  <class>com.kms.katalon.core.logging.XmlKeywordLogger</class>
  <method>endKeyword</method>
  <thread>1</thread>
  <message>End action : click(findTestObject(\&amp;quot;Object Repository/Covid-19 Object Repo/Page_Coronavirus Update (Live) 1204075 Case_106633/a_view by country\&amp;quot;))</message>
  <nestedLevel>1</nestedLevel>
</record>
<record>
  <date>2020-04-08T16:12:20</date>
  <millis>1586337140360</millis>
  <sequence>409</sequence>
  <level>START</level>
  <class>com.kms.katalon.core.logging.XmlKeywordLogger</class>
  <method>startKeyword</method>
  <thread>1</thread>
  <message>Start action : for ([rowNum = 1, rowNum &amp;lt;= findTestData(\&amp;quot;Covid-19/Country\&amp;quot;).getRowNumbers(), (rowNum++)])</message>
  <nestedLevel>1</nestedLevel>
  <property name="startLine">25</property>
  <property name="stepIndex">3</property>
</record>
<record>
  <date>2020-04-08T16:12:20</date>
  <millis>1586337140365</millis>
  <sequence>414</sequence>
  <level>START</level>
  <class>com.kms.katalon.core.logging.XmlKeywordLogger</class>
  <method>startKeyword</method>
  <thread>1</thread>
  <message>Start action : setText(findTestObject(\&amp;quot;Object Repository/Covid-19 Object Repo/Page_Coronavirus Update (Live) 1204075 Case_106633/input_Search_form-control input-sm\&amp;quot;), findTestData(\&amp;quot;Covid-19/Country\&amp;quot;).getValue(1, rowNum))</message>
  <nestedLevel>2</nestedLevel>
  <property name="startLine">27</property>
  <property name="stepIndex">1</property>
</record>
<record>
  <date>2020-04-08T16:12:22</date>
  <millis>1586337142121</millis>
  <sequence>434</sequence>
  <level>PASSED</level>
  <class>com.kms.katalon.core.logging.XmlKeywordLogger</class>
  <method>logMessage</method>
  <thread>1</thread>
  <message>Text &amp;apos;Thailand&amp;apos; is set on object &amp;apos;Object Repository/Covid-19 Object Repo/Page_Coronavirus Update (Live) 1204075 Case_106633/input_Search_form-control input-sm&amp;apos;</message>
  <nestedLevel>1</nestedLevel>
</record>
<record>
  <date>2020-04-08T16:12:22</date>
  <millis>1586337142122</millis>
  <sequence>435</sequence>
  <level>END</level>
  <class>com.kms.katalon.core.logging.XmlKeywordLogger</class>
  <method>endKeyword</method>
  <thread>1</thread>
  <message>End action : setText(findTestObject(\&amp;quot;Object Repository/Covid-19 Object Repo/Page_Coronavirus Update (Live) 1204075 Case_106633/input_Search_form-control input-sm\&amp;quot;), findTestData(\&amp;quot;Covid-19/Country\&amp;quot;).getValue(1, rowNum))</message>
  <nestedLevel>2</nestedLevel>
</record>
<record>
  <date>2020-04-08T16:12:22</date>
  <millis>1586337142123</millis>
  <sequence>436</sequence>
  <level>START</level>
  <class>com.kms.katalon.core.logging.XmlKeywordLogger</class>
  <method>startKeyword</method>
  <thread>1</thread>
  <message>Start action : getText(findTestObject(\&amp;quot;Covid-19 Object Repo/Page_Coronavirus Update (Live) 1204075 Case_106633/td_102\&amp;quot;))</message>
  <nestedLevel>2</nestedLevel>
  <property name="startLine">31</property>
  <property name="stepIndex">2</property>
  <property name="description">Get New Cases</property>
</record>
<record>
  <date>2020-04-08T16:12:22</date>
  <millis>1586337142641</millis>
  <sequence>445</sequence>
  <level>PASSED</level>
  <class>com.kms.katalon.core.logging.XmlKeywordLogger</class>
  <method>logMessage</method>
  <thread>1</thread>
  <message>Text of object &amp;apos;Object Repository/Covid-19 Object Repo/Page_Coronavirus Update (Live) 1204075 Case_106633/td_102&amp;apos; is: &amp;apos;+111&amp;apos;</message>
  <nestedLevel>1</nestedLevel>
</record>
<record>
  <date>2020-04-08T16:12:22</date>
  <millis>1586337142642</millis>
  <sequence>446</sequence>
  <level>END</level>
  <class>com.kms.katalon.core.logging.XmlKeywordLogger</class>
  <method>endKeyword</method>
  <thread>1</thread>
  <message>End action : getText(findTestObject(\&amp;quot;Covid-19 Object Repo/Page_Coronavirus Update (Live) 1204075 Case_106633/td_102\&amp;quot;))</message>
  <nestedLevel>2</nestedLevel>
</record>
<record>
  <date>2020-04-08T16:12:22</date>
  <millis>1586337142642</millis>
  <sequence>447</sequence>
  <level>START</level>
  <class>com.kms.katalon.core.logging.XmlKeywordLogger</class>
  <method>startKeyword</method>
  <thread>1</thread>
  <message>Start action : getText(findTestObject(\&amp;quot;Covid-19 Object Repo/Page_Coronavirus Update (Live) 1204075 Case_106633/td_3\&amp;quot;))</message>
  <nestedLevel>2</nestedLevel>
  <property name="startLine">34</property>
  <property name="stepIndex">3</property>
  <property name="description">Get New Deaths</property>
</record>
<record>
  <date>2020-04-08T16:12:23</date>
  <millis>1586337143175</millis>
  <sequence>456</sequence>
  <level>PASSED</level>
  <class>com.kms.katalon.core.logging.XmlKeywordLogger</class>
  <method>logMessage</method>
  <thread>1</thread>
  <message>Text of object &amp;apos;Object Repository/Covid-19 Object Repo/Page_Coronavirus Update (Live) 1204075 Case_106633/td_3&amp;apos; is: &amp;apos;+3&amp;apos;</message>
  <nestedLevel>1</nestedLevel>
</record>
<record>
  <date>2020-04-08T16:12:23</date>
  <millis>1586337143179</millis>
  <sequence>461</sequence>
  <level>END</level>
  <class>com.kms.katalon.core.logging.XmlKeywordLogger</class>
  <method>endKeyword</method>
  <thread>1</thread>
  <message>End action : getText(findTestObject(\&amp;quot;Covid-19 Object Repo/Page_Coronavirus Update (Live) 1204075 Case_106633/td_3\&amp;quot;))</message>
  <nestedLevel>2</nestedLevel>
</record>
<record>
  <date>2020-04-08T16:12:23</date>
  <millis>1586337143180</millis>
  <sequence>462</sequence>
  <level>START</level>
  <class>com.kms.katalon.core.logging.XmlKeywordLogger</class>
  <method>startKeyword</method>
  <thread>1</thread>
  <message>Start action : setText(findTestObject(\&amp;quot;Object Repository/Covid-19 Object Repo/Page_Coronavirus Update (Live) 1204075 Case_106633/input_Search_form-control input-sm\&amp;quot;), findTestData(\&amp;quot;Covid-19/Country\&amp;quot;).getValue(1, rowNum))</message>
  <nestedLevel>2</nestedLevel>
  <property name="startLine">27</property>
  <property name="stepIndex">1</property>
</record>
<record>
  <date>2020-04-08T16:12:24</date>
  <millis>1586337144546</millis>
  <sequence>482</sequence>
  <level>PASSED</level>
  <class>com.kms.katalon.core.logging.XmlKeywordLogger</class>
  <method>logMessage</method>
  <thread>1</thread>
  <message>Text &amp;apos;USA&amp;apos; is set on object &amp;apos;Object Repository/Covid-19 Object Repo/Page_Coronavirus Update (Live) 1204075 Case_106633/input_Search_form-control input-sm&amp;apos;</message>
  <nestedLevel>1</nestedLevel>
</record>
<record>
  <date>2020-04-08T16:12:24</date>
  <millis>1586337144547</millis>
  <sequence>483</sequence>
  <level>END</level>
  <class>com.kms.katalon.core.logging.XmlKeywordLogger</class>
  <method>endKeyword</method>
  <thread>1</thread>
  <message>End action : setText(findTestObject(\&amp;quot;Object Repository/Covid-19 Object Repo/Page_Coronavirus Update (Live) 1204075 Case_106633/input_Search_form-control input-sm\&amp;quot;), findTestData(\&amp;quot;Covid-19/Country\&amp;quot;).getValue(1, rowNum))</message>
  <nestedLevel>2</nestedLevel>
</record>
<record>
  <date>2020-04-08T16:12:24</date>
  <millis>1586337144548</millis>
  <sequence>484</sequence>
  <level>START</level>
  <class>com.kms.katalon.core.logging.XmlKeywordLogger</class>
  <method>startKeyword</method>
  <thread>1</thread>
  <message>Start action : getText(findTestObject(\&amp;quot;Covid-19 Object Repo/Page_Coronavirus Update (Live) 1204075 Case_106633/td_102\&amp;quot;))</message>
  <nestedLevel>2</nestedLevel>
  <property name="startLine">31</property>
  <property name="stepIndex">2</property>
  <property name="description">Get New Cases</property>
</record>
<record>
  <date>2020-04-08T16:12:25</date>
  <millis>1586337145018</millis>
  <sequence>493</sequence>
  <level>PASSED</level>
  <class>com.kms.katalon.core.logging.XmlKeywordLogger</class>
  <method>logMessage</method>
  <thread>1</thread>
  <message>Text of object &amp;apos;Object Repository/Covid-19 Object Repo/Page_Coronavirus Update (Live) 1204075 Case_106633/td_102&amp;apos; is: &amp;apos;+214&amp;apos;</message>
  <nestedLevel>1</nestedLevel>
</record>
<record>
  <date>2020-04-08T16:12:25</date>
  <millis>1586337145019</millis>
  <sequence>494</sequence>
  <level>END</level>
  <class>com.kms.katalon.core.logging.XmlKeywordLogger</class>
  <method>endKeyword</method>
  <thread>1</thread>
  <message>End action : getText(findTestObject(\&amp;quot;Covid-19 Object Repo/Page_Coronavirus Update (Live) 1204075 Case_106633/td_102\&amp;quot;))</message>
  <nestedLevel>2</nestedLevel>
</record>
<record>
  <date>2020-04-08T16:12:25</date>
  <millis>1586337145019</millis>
  <sequence>495</sequence>
  <level>START</level>
  <class>com.kms.katalon.core.logging.XmlKeywordLogger</class>
  <method>startKeyword</method>
  <thread>1</thread>
  <message>Start action : getText(findTestObject(\&amp;quot;Covid-19 Object Repo/Page_Coronavirus Update (Live) 1204075 Case_106633/td_3\&amp;quot;))</message>
  <nestedLevel>2</nestedLevel>
  <property name="startLine">34</property>
  <property name="stepIndex">3</property>
  <property name="description">Get New Deaths</property>
</record>
<record>
  <date>2020-04-08T16:12:25</date>
  <millis>1586337145532</millis>
  <sequence>504</sequence>
  <level>PASSED</level>
  <class>com.kms.katalon.core.logging.XmlKeywordLogger</class>
  <method>logMessage</method>
  <thread>1</thread>
  <message>Text of object &amp;apos;Object Repository/Covid-19 Object Repo/Page_Coronavirus Update (Live) 1204075 Case_106633/td_3&amp;apos; is: &amp;apos;+16&amp;apos;</message>
  <nestedLevel>1</nestedLevel>
</record>
<record>
  <date>2020-04-08T16:12:25</date>
  <millis>1586337145538</millis>
  <sequence>509</sequence>
  <level>END</level>
  <class>com.kms.katalon.core.logging.XmlKeywordLogger</class>
  <method>endKeyword</method>
  <thread>1</thread>
  <message>End action : getText(findTestObject(\&amp;quot;Covid-19 Object Repo/Page_Coronavirus Update (Live) 1204075 Case_106633/td_3\&amp;quot;))</message>
  <nestedLevel>2</nestedLevel>
</record>
<record>
  <date>2020-04-08T16:12:25</date>
  <millis>1586337145538</millis>
  <sequence>510</sequence>
  <level>START</level>
  <class>com.kms.katalon.core.logging.XmlKeywordLogger</class>
  <method>startKeyword</method>
  <thread>1</thread>
  <message>Start action : setText(findTestObject(\&amp;quot;Object Repository/Covid-19 Object Repo/Page_Coronavirus Update (Live) 1204075 Case_106633/input_Search_form-control input-sm\&amp;quot;), findTestData(\&amp;quot;Covid-19/Country\&amp;quot;).getValue(1, rowNum))</message>
  <nestedLevel>2</nestedLevel>
  <property name="startLine">27</property>
  <property name="stepIndex">1</property>
</record>
<record>
  <date>2020-04-08T16:12:26</date>
  <millis>1586337146815</millis>
  <sequence>530</sequence>
  <level>PASSED</level>
  <class>com.kms.katalon.core.logging.XmlKeywordLogger</class>
  <method>logMessage</method>
  <thread>1</thread>
  <message>Text &amp;apos;Spain&amp;apos; is set on object &amp;apos;Object Repository/Covid-19 Object Repo/Page_Coronavirus Update (Live) 1204075 Case_106633/input_Search_form-control input-sm&amp;apos;</message>
  <nestedLevel>1</nestedLevel>
</record>
<record>
  <date>2020-04-08T16:12:26</date>
  <millis>1586337146815</millis>
  <sequence>531</sequence>
  <level>END</level>
  <class>com.kms.katalon.core.logging.XmlKeywordLogger</class>
  <method>endKeyword</method>
  <thread>1</thread>
  <message>End action : setText(findTestObject(\&amp;quot;Object Repository/Covid-19 Object Repo/Page_Coronavirus Update (Live) 1204075 Case_106633/input_Search_form-control input-sm\&amp;quot;), findTestData(\&amp;quot;Covid-19/Country\&amp;quot;).getValue(1, rowNum))</message>
  <nestedLevel>2</nestedLevel>
</record>
<record>
  <date>2020-04-08T16:12:26</date>
  <millis>1586337146816</millis>
  <sequence>532</sequence>
  <level>START</level>
  <class>com.kms.katalon.core.logging.XmlKeywordLogger</class>
  <method>startKeyword</method>
  <thread>1</thread>
  <message>Start action : getText(findTestObject(\&amp;quot;Covid-19 Object Repo/Page_Coronavirus Update (Live) 1204075 Case_106633/td_102\&amp;quot;))</message>
  <nestedLevel>2</nestedLevel>
  <property name="startLine">31</property>
  <property name="stepIndex">2</property>
  <property name="description">Get New Cases</property>
</record>
<record>
  <date>2020-04-08T16:12:27</date>
  <millis>1586337147325</millis>
  <sequence>541</sequence>
  <level>PASSED</level>
  <class>com.kms.katalon.core.logging.XmlKeywordLogger</class>
  <method>logMessage</method>
  <thread>1</thread>
  <message>Text of object &amp;apos;Object Repository/Covid-19 Object Repo/Page_Coronavirus Update (Live) 1204075 Case_106633/td_102&amp;apos; is: &amp;apos;&amp;apos;</message>
  <nestedLevel>1</nestedLevel>
</record>
<record>
  <date>2020-04-08T16:12:27</date>
  <millis>1586337147326</millis>
  <sequence>542</sequence>
  <level>END</level>
  <class>com.kms.katalon.core.logging.XmlKeywordLogger</class>
  <method>endKeyword</method>
  <thread>1</thread>
  <message>End action : getText(findTestObject(\&amp;quot;Covid-19 Object Repo/Page_Coronavirus Update (Live) 1204075 Case_106633/td_102\&amp;quot;))</message>
  <nestedLevel>2</nestedLevel>
</record>
<record>
  <date>2020-04-08T16:12:27</date>
  <millis>1586337147327</millis>
  <sequence>543</sequence>
  <level>START</level>
  <class>com.kms.katalon.core.logging.XmlKeywordLogger</class>
  <method>startKeyword</method>
  <thread>1</thread>
  <message>Start action : getText(findTestObject(\&amp;quot;Covid-19 Object Repo/Page_Coronavirus Update (Live) 1204075 Case_106633/td_3\&amp;quot;))</message>
  <nestedLevel>2</nestedLevel>
  <property name="startLine">34</property>
  <property name="stepIndex">3</property>
  <property name="description">Get New Deaths</property>
</record>
<record>
  <date>2020-04-08T16:12:27</date>
  <millis>1586337147847</millis>
  <sequence>552</sequence>
  <level>PASSED</level>
  <class>com.kms.katalon.core.logging.XmlKeywordLogger</class>
  <method>logMessage</method>
  <thread>1</thread>
  <message>Text of object &amp;apos;Object Repository/Covid-19 Object Repo/Page_Coronavirus Update (Live) 1204075 Case_106633/td_3&amp;apos; is: &amp;apos;&amp;apos;</message>
  <nestedLevel>1</nestedLevel>
</record>
<record>
  <date>2020-04-08T16:12:27</date>
  <millis>1586337147851</millis>
  <sequence>557</sequence>
  <level>END</level>
  <class>com.kms.katalon.core.logging.XmlKeywordLogger</class>
  <method>endKeyword</method>
  <thread>1</thread>
  <message>End action : getText(findTestObject(\&amp;quot;Covid-19 Object Repo/Page_Coronavirus Update (Live) 1204075 Case_106633/td_3\&amp;quot;))</message>
  <nestedLevel>2</nestedLevel>
</record>
<record>
  <date>2020-04-08T16:12:27</date>
  <millis>1586337147852</millis>
  <sequence>558</sequence>
  <level>END</level>
  <class>com.kms.katalon.core.logging.XmlKeywordLogger</class>
  <method>endKeyword</method>
  <thread>1</thread>
  <message>End action : for ([rowNum = 1, rowNum &amp;lt;= findTestData(\&amp;quot;Covid-19/Country\&amp;quot;).getRowNumbers(), (rowNum++)])</message>
  <nestedLevel>1</nestedLevel>
</record>
<record>
  <date>2020-04-08T16:12:27</date>
  <millis>1586337147852</millis>
  <sequence>559</sequence>
  <level>START</level>
  <class>com.kms.katalon.core.logging.XmlKeywordLogger</class>
  <method>startKeyword</method>
  <thread>1</thread>
  <message>Start action : closeBrowser()</message>
  <nestedLevel>1</nestedLevel>
  <property name="startLine">37</property>
  <property name="stepIndex">4</property>
</record>
<record>
  <date>2020-04-08T16:12:28</date>
  <millis>1586337148243</millis>
  <sequence>561</sequence>
  <level>PASSED</level>
  <class>com.kms.katalon.core.logging.XmlKeywordLogger</class>
  <method>logMessage</method>
  <thread>1</thread>
  <message>Browser is closed</message>
  <nestedLevel>1</nestedLevel>
</record>
<record>
  <date>2020-04-08T16:12:28</date>
  <millis>1586337148243</millis>
  <sequence>562</sequence>
  <level>END</level>
  <class>com.kms.katalon.core.logging.XmlKeywordLogger</class>
  <method>endKeyword</method>
  <thread>1</thread>
  <message>End action : closeBrowser()</message>
  <nestedLevel>1</nestedLevel>
</record>
<record>
  <date>2020-04-08T16:12:28</date>
  <millis>1586337148243</millis>
  <sequence>563</sequence>
  <level>PASSED</level>
  <class>com.kms.katalon.core.logging.XmlKeywordLogger</class>
  <method>logMessage</method>
  <thread>1</thread>
  <message>Test Cases/Log in/Covid-19</message>
  <nestedLevel>1</nestedLevel>
</record>
<record>
  <date>2020-04-08T16:12:28</date>
  <millis>1586337148244</millis>
  <sequence>564</sequence>
  <level>END</level>
  <class>com.kms.katalon.core.logging.XmlKeywordLogger</class>
  <method>endTest</method>
  <thread>1</thread>
  <message>End Test Case : Test Cases/Log in/Covid-19</message>
  <nestedLevel>0</nestedLevel>
</record>
<record>
  <date>2020-04-08T16:12:28</date>
  <millis>1586337148245</millis>
  <sequence>565</sequence>
  <level>INFO</level>
  <class>com.kms.katalon.core.logging.XmlKeywordLogger</class>
  <method>logMessage</method>
  <thread>1</thread>
  <message>=================== Smart XPath Report =======================</message>
  <nestedLevel>0</nestedLevel>
</record>
<record>
  <date>2020-04-08T16:12:28</date>
  <millis>1586337148246</millis>
  <sequence>566</sequence>
  <level>INFO</level>
  <class>com.kms.katalon.core.logging.XmlKeywordLogger</class>
  <method>logMessage</method>
  <thread>1</thread>
  <message>Refer to the link below to preview and approve auto healing on broken test objects.</message>
  <nestedLevel>0</nestedLevel>
</record>
<record>
  <date>2020-04-08T16:12:28</date>
  <millis>1586337148246</millis>
  <sequence>567</sequence>
  <level>INFO</level>
  <class>com.kms.katalon.core.logging.XmlKeywordLogger</class>
  <method>logMessage</method>
  <thread>1</thread>
  <message>https://docs.katalon.com/katalon-studio/docs/auto-healing-smart-xpath.html</message>
  <nestedLevel>0</nestedLevel>
</record>
<record>
  <date>2020-04-08T16:12:28</date>
  <millis>1586337148247</millis>
  <sequence>568</sequence>
  <level>INFO</level>
  <class>com.kms.katalon.core.logging.XmlKeywordLogger</class>
  <method>logMessage</method>
  <thread>1</thread>
  <message>===============================================================</message>
  <nestedLevel>0</nestedLevel>
</record>
<record>
  <date>2020-04-08T16:12:28</date>
  <millis>1586337148247</millis>
  <sequence>569</sequence>
  <level>START</level>
  <class>com.kms.katalon.core.logging.XmlKeywordLogger</class>
  <method>startKeyword</method>
  <thread>1</thread>
  <message>Start listener action : exportKatalonReports</message>
  <nestedLevel>0</nestedLevel>
</record>
<record>
  <date>2020-04-08T16:12:28</date>
  <millis>1586337148488</millis>
  <sequence>901</sequence>
  <level>INFO</level>
  <class>com.kms.katalon.core.logging.XmlKeywordLogger</class>
  <method>logMessage</method>
  <thread>1</thread>
  <message>Start generating HTML report folder at: /Users/thaveephongt/Katalon Studio/Be Demo/Reports/20200408_160955/Covid-19/20200408_160955...</message>
  <nestedLevel>0</nestedLevel>
</record>
<record>
  <date>2020-04-08T16:12:28</date>
  <millis>1586337148526</millis>
  <sequence>902</sequence>
  <level>INFO</level>
  <class>com.kms.katalon.core.logging.XmlKeywordLogger</class>
  <method>logMessage</method>
  <thread>1</thread>
  <message>HTML report generated</message>
  <nestedLevel>0</nestedLevel>
</record>
<record>
  <date>2020-04-08T16:12:28</date>
  <millis>1586337148526</millis>
  <sequence>903</sequence>
  <level>INFO</level>
  <class>com.kms.katalon.core.logging.XmlKeywordLogger</class>
  <method>logMessage</method>
  <thread>1</thread>
  <message>Start generating CSV report folder at: /Users/thaveephongt/Katalon Studio/Be Demo/Reports/20200408_160955/Covid-19/20200408_160955...</message>
  <nestedLevel>0</nestedLevel>
</record>
<record>
  <date>2020-04-08T16:12:28</date>
  <millis>1586337148544</millis>
  <sequence>904</sequence>
  <level>INFO</level>
  <class>com.kms.katalon.core.logging.XmlKeywordLogger</class>
  <method>logMessage</method>
  <thread>1</thread>
  <message>CSV report generated</message>
  <nestedLevel>0</nestedLevel>
</record>
<record>
  <date>2020-04-08T16:12:28</date>
  <millis>1586337148545</millis>
  <sequence>906</sequence>
  <level>END</level>
  <class>com.kms.katalon.core.logging.XmlKeywordLogger</class>
  <method>endKeyword</method>
  <thread>1</thread>
  <message>End listener action : exportKatalonReports</message>
  <nestedLevel>0</nestedLevel>
</record>
<record>
  <date>2020-04-08T16:12:28</date>
  <millis>1586337148627</millis>
  <sequence>907</sequence>
  <level>END</level>
  <class>com.kms.katalon.core.logging.XmlKeywordLogger</class>
  <method>endSuite</method>
  <thread>1</thread>
  <message>End Test Suite : Test Suites/Covid-19</message>
  <nestedLevel>0</nestedLevel>
</record>
</log>