<?xml version="1.0" encoding="UTF-8" standalone="no"?>
<!DOCTYPE log SYSTEM "logger.dtd">
<log>
<record>
  <date>2020-04-13T20:03:55</date>
  <millis>1586783035482</millis>
  <sequence>0</sequence>
  <level>START</level>
  <class>com.kms.katalon.core.logging.XmlKeywordLogger</class>
  <method>startSuite</method>
  <thread>1</thread>
  <message>Start Test Suite : Test Suites/OpenClose</message>
  <nestedLevel>0</nestedLevel>
  <property name="name">OpenClose</property>
  <property name="description"></property>
  <property name="id">Test Suites/OpenClose</property>
</record>
<record>
  <date>2020-04-13T20:03:55</date>
  <millis>1586783035507</millis>
  <sequence>1</sequence>
  <level>RUN_DATA</level>
  <class>com.kms.katalon.core.logging.XmlKeywordLogger</class>
  <method>logMessage</method>
  <thread>1</thread>
  <message>hostName = thaveephongt - 192.168.1.107</message>
  <nestedLevel>0</nestedLevel>
  <property name="hostName">thaveephongt - 192.168.1.107</property>
</record>
<record>
  <date>2020-04-13T20:03:55</date>
  <millis>1586783035511</millis>
  <sequence>2</sequence>
  <level>RUN_DATA</level>
  <class>com.kms.katalon.core.logging.XmlKeywordLogger</class>
  <method>logMessage</method>
  <thread>1</thread>
  <message>os = Mac OS X 64bit</message>
  <nestedLevel>0</nestedLevel>
  <property name="os">Mac OS X 64bit</property>
</record>
<record>
  <date>2020-04-13T20:03:55</date>
  <millis>1586783035512</millis>
  <sequence>3</sequence>
  <level>RUN_DATA</level>
  <class>com.kms.katalon.core.logging.XmlKeywordLogger</class>
  <method>logMessage</method>
  <thread>1</thread>
  <message>hostAddress = 192.168.1.107</message>
  <nestedLevel>0</nestedLevel>
  <property name="hostAddress">192.168.1.107</property>
</record>
<record>
  <date>2020-04-13T20:03:55</date>
  <millis>1586783035519</millis>
  <sequence>4</sequence>
  <level>RUN_DATA</level>
  <class>com.kms.katalon.core.logging.XmlKeywordLogger</class>
  <method>logMessage</method>
  <thread>1</thread>
  <message>katalonVersion = 7.3.0.1</message>
  <nestedLevel>0</nestedLevel>
  <property name="katalonVersion">7.3.0.1</property>
</record>
<record>
  <date>2020-04-13T20:03:56</date>
  <millis>1586783036029</millis>
  <sequence>5</sequence>
  <level>START</level>
  <class>com.kms.katalon.core.logging.XmlKeywordLogger</class>
  <method>startTest</method>
  <thread>1</thread>
  <message>Start Test Case : Test Cases/OpenClose1</message>
  <nestedLevel>1</nestedLevel>
  <property name="name">Test Cases/OpenClose1</property>
  <property name="description"></property>
  <property name="id">Test Cases/OpenClose1</property>
  <property name="source">\\Users\\thaveephongt\\Katalon Studio\\Be Demo\\Test Cases\\OpenClose1.tc</property>
  <property name="tag"></property>
  <property name="isOptional">false</property>
</record>
<record>
  <date>2020-04-13T20:03:56</date>
  <millis>1586783036497</millis>
  <sequence>7</sequence>
  <level>START</level>
  <class>com.kms.katalon.core.logging.XmlKeywordLogger</class>
  <method>startKeyword</method>
  <thread>1</thread>
  <message>Start action : openBrowser(\&amp;quot;https://www.ic-connection.com\&amp;quot;)</message>
  <nestedLevel>1</nestedLevel>
  <property name="startLine">19</property>
  <property name="stepIndex">1</property>
</record>
<record>
  <date>2020-04-13T20:03:56</date>
  <millis>1586783036885</millis>
  <sequence>9</sequence>
  <level>INFO</level>
  <class>com.kms.katalon.core.logging.XmlKeywordLogger</class>
  <method>logMessage</method>
  <thread>1</thread>
  <message>Starting &amp;apos;Firefox&amp;apos; driver</message>
  <nestedLevel>1</nestedLevel>
</record>
<record>
  <date>2020-04-13T20:03:57</date>
  <millis>1586783037064</millis>
  <sequence>11</sequence>
  <level>INFO</level>
  <class>com.kms.katalon.core.logging.XmlKeywordLogger</class>
  <method>logMessage</method>
  <thread>1</thread>
  <message>Action delay is set to 0 milliseconds</message>
  <nestedLevel>1</nestedLevel>
</record>
<record>
  <date>2020-04-13T20:04:03</date>
  <millis>1586783043372</millis>
  <sequence>13</sequence>
  <level>RUN_DATA</level>
  <class>com.kms.katalon.core.logging.XmlKeywordLogger</class>
  <method>logMessage</method>
  <thread>1</thread>
  <message>sessionId = 42fc8b77-5094-4342-9691-f9f0622549ef</message>
  <nestedLevel>1</nestedLevel>
  <property name="sessionId">42fc8b77-5094-4342-9691-f9f0622549ef</property>
</record>
<record>
  <date>2020-04-13T20:04:03</date>
  <millis>1586783043412</millis>
  <sequence>14</sequence>
  <level>RUN_DATA</level>
  <class>com.kms.katalon.core.logging.XmlKeywordLogger</class>
  <method>logMessage</method>
  <thread>1</thread>
  <message>browser = Firefox 74.0</message>
  <nestedLevel>1</nestedLevel>
  <property name="browser">Firefox 74.0</property>
</record>
<record>
  <date>2020-04-13T20:04:03</date>
  <millis>1586783043413</millis>
  <sequence>15</sequence>
  <level>RUN_DATA</level>
  <class>com.kms.katalon.core.logging.XmlKeywordLogger</class>
  <method>logMessage</method>
  <thread>1</thread>
  <message>platform = Mac OS X</message>
  <nestedLevel>1</nestedLevel>
  <property name="platform">Mac OS X</property>
</record>
<record>
  <date>2020-04-13T20:04:03</date>
  <millis>1586783043414</millis>
  <sequence>16</sequence>
  <level>RUN_DATA</level>
  <class>com.kms.katalon.core.logging.XmlKeywordLogger</class>
  <method>logMessage</method>
  <thread>1</thread>
  <message>seleniumVersion = 3.141.59</message>
  <nestedLevel>1</nestedLevel>
  <property name="seleniumVersion">3.141.59</property>
</record>
<record>
  <date>2020-04-13T20:04:03</date>
  <millis>1586783043415</millis>
  <sequence>17</sequence>
  <level>RUN_DATA</level>
  <class>com.kms.katalon.core.logging.XmlKeywordLogger</class>
  <method>logMessage</method>
  <thread>1</thread>
  <message>proxyInformation = ProxyInformation{proxyOption=NO_PROXY, proxyServerType=HTTP, password=, proxyServerAddress=, proxyServerPort=0, executionList=}</message>
  <nestedLevel>1</nestedLevel>
  <property name="proxyInformation">ProxyInformation{proxyOption=NO_PROXY, proxyServerType=HTTP, password=, proxyServerAddress=, proxyServerPort=0, executionList=}</property>
</record>
<record>
  <date>2020-04-13T20:04:07</date>
  <millis>1586783047024</millis>
  <sequence>19</sequence>
  <level>PASSED</level>
  <class>com.kms.katalon.core.logging.XmlKeywordLogger</class>
  <method>logMessage</method>
  <thread>1</thread>
  <message>Browser is opened with url: &amp;apos;https://www.ic-connection.com&amp;apos;</message>
  <nestedLevel>1</nestedLevel>
</record>
<record>
  <date>2020-04-13T20:04:07</date>
  <millis>1586783047025</millis>
  <sequence>20</sequence>
  <level>END</level>
  <class>com.kms.katalon.core.logging.XmlKeywordLogger</class>
  <method>endKeyword</method>
  <thread>1</thread>
  <message>End action : openBrowser(\&amp;quot;https://www.ic-connection.com\&amp;quot;)</message>
  <nestedLevel>1</nestedLevel>
</record>
<record>
  <date>2020-04-13T20:04:07</date>
  <millis>1586783047026</millis>
  <sequence>21</sequence>
  <level>START</level>
  <class>com.kms.katalon.core.logging.XmlKeywordLogger</class>
  <method>startKeyword</method>
  <thread>1</thread>
  <message>Start action : closeBrowser()</message>
  <nestedLevel>1</nestedLevel>
  <property name="startLine">21</property>
  <property name="stepIndex">2</property>
</record>
<record>
  <date>2020-04-13T20:04:10</date>
  <millis>1586783050980</millis>
  <sequence>23</sequence>
  <level>PASSED</level>
  <class>com.kms.katalon.core.logging.XmlKeywordLogger</class>
  <method>logMessage</method>
  <thread>1</thread>
  <message>Browser is closed</message>
  <nestedLevel>1</nestedLevel>
</record>
<record>
  <date>2020-04-13T20:04:10</date>
  <millis>1586783050981</millis>
  <sequence>24</sequence>
  <level>END</level>
  <class>com.kms.katalon.core.logging.XmlKeywordLogger</class>
  <method>endKeyword</method>
  <thread>1</thread>
  <message>End action : closeBrowser()</message>
  <nestedLevel>1</nestedLevel>
</record>
<record>
  <date>2020-04-13T20:04:10</date>
  <millis>1586783050981</millis>
  <sequence>25</sequence>
  <level>PASSED</level>
  <class>com.kms.katalon.core.logging.XmlKeywordLogger</class>
  <method>logMessage</method>
  <thread>1</thread>
  <message>Test Cases/OpenClose1</message>
  <nestedLevel>1</nestedLevel>
</record>
<record>
  <date>2020-04-13T20:04:10</date>
  <millis>1586783050982</millis>
  <sequence>26</sequence>
  <level>END</level>
  <class>com.kms.katalon.core.logging.XmlKeywordLogger</class>
  <method>endTest</method>
  <thread>1</thread>
  <message>End Test Case : Test Cases/OpenClose1</message>
  <nestedLevel>0</nestedLevel>
</record>
<record>
  <date>2020-04-13T20:04:10</date>
  <millis>1586783050987</millis>
  <sequence>27</sequence>
  <level>INFO</level>
  <class>com.kms.katalon.core.logging.XmlKeywordLogger</class>
  <method>logMessage</method>
  <thread>1</thread>
  <message>=================== Smart XPath Report =======================</message>
  <nestedLevel>0</nestedLevel>
</record>
<record>
  <date>2020-04-13T20:04:10</date>
  <millis>1586783050987</millis>
  <sequence>28</sequence>
  <level>INFO</level>
  <class>com.kms.katalon.core.logging.XmlKeywordLogger</class>
  <method>logMessage</method>
  <thread>1</thread>
  <message>Refer to the link below to preview and approve auto healing on broken test objects.</message>
  <nestedLevel>0</nestedLevel>
</record>
<record>
  <date>2020-04-13T20:04:10</date>
  <millis>1586783050988</millis>
  <sequence>29</sequence>
  <level>INFO</level>
  <class>com.kms.katalon.core.logging.XmlKeywordLogger</class>
  <method>logMessage</method>
  <thread>1</thread>
  <message>https://docs.katalon.com/katalon-studio/docs/auto-healing-smart-xpath.html</message>
  <nestedLevel>0</nestedLevel>
</record>
<record>
  <date>2020-04-13T20:04:10</date>
  <millis>1586783050988</millis>
  <sequence>30</sequence>
  <level>INFO</level>
  <class>com.kms.katalon.core.logging.XmlKeywordLogger</class>
  <method>logMessage</method>
  <thread>1</thread>
  <message>===============================================================</message>
  <nestedLevel>0</nestedLevel>
</record>
<record>
  <date>2020-04-13T20:04:10</date>
  <millis>1586783050995</millis>
  <sequence>31</sequence>
  <level>START</level>
  <class>com.kms.katalon.core.logging.XmlKeywordLogger</class>
  <method>startTest</method>
  <thread>1</thread>
  <message>Start Test Case : Test Cases/OpenClose2</message>
  <nestedLevel>1</nestedLevel>
  <property name="name">Test Cases/OpenClose2</property>
  <property name="description"></property>
  <property name="id">Test Cases/OpenClose2</property>
  <property name="source">\\Users\\thaveephongt\\Katalon Studio\\Be Demo\\Test Cases\\OpenClose2.tc</property>
  <property name="tag"></property>
  <property name="isOptional">false</property>
</record>
<record>
  <date>2020-04-13T20:04:11</date>
  <millis>1586783051222</millis>
  <sequence>33</sequence>
  <level>START</level>
  <class>com.kms.katalon.core.logging.XmlKeywordLogger</class>
  <method>startKeyword</method>
  <thread>1</thread>
  <message>Start action : openBrowser(\&amp;quot;https://www.ic-connection.com\&amp;quot;)</message>
  <nestedLevel>1</nestedLevel>
  <property name="startLine">19</property>
  <property name="stepIndex">1</property>
</record>
<record>
  <date>2020-04-13T20:04:11</date>
  <millis>1586783051235</millis>
  <sequence>35</sequence>
  <level>INFO</level>
  <class>com.kms.katalon.core.logging.XmlKeywordLogger</class>
  <method>logMessage</method>
  <thread>1</thread>
  <message>Starting &amp;apos;Firefox&amp;apos; driver</message>
  <nestedLevel>1</nestedLevel>
</record>
<record>
  <date>2020-04-13T20:04:11</date>
  <millis>1586783051239</millis>
  <sequence>37</sequence>
  <level>INFO</level>
  <class>com.kms.katalon.core.logging.XmlKeywordLogger</class>
  <method>logMessage</method>
  <thread>1</thread>
  <message>Action delay is set to 0 milliseconds</message>
  <nestedLevel>1</nestedLevel>
</record>
<record>
  <date>2020-04-13T20:04:15</date>
  <millis>1586783055711</millis>
  <sequence>39</sequence>
  <level>RUN_DATA</level>
  <class>com.kms.katalon.core.logging.XmlKeywordLogger</class>
  <method>logMessage</method>
  <thread>1</thread>
  <message>sessionId = c724e3ee-1d3b-fa4c-aab1-edfe12505392</message>
  <nestedLevel>1</nestedLevel>
  <property name="sessionId">c724e3ee-1d3b-fa4c-aab1-edfe12505392</property>
</record>
<record>
  <date>2020-04-13T20:04:15</date>
  <millis>1586783055740</millis>
  <sequence>40</sequence>
  <level>RUN_DATA</level>
  <class>com.kms.katalon.core.logging.XmlKeywordLogger</class>
  <method>logMessage</method>
  <thread>1</thread>
  <message>browser = Firefox 74.0</message>
  <nestedLevel>1</nestedLevel>
  <property name="browser">Firefox 74.0</property>
</record>
<record>
  <date>2020-04-13T20:04:15</date>
  <millis>1586783055741</millis>
  <sequence>41</sequence>
  <level>RUN_DATA</level>
  <class>com.kms.katalon.core.logging.XmlKeywordLogger</class>
  <method>logMessage</method>
  <thread>1</thread>
  <message>platform = Mac OS X</message>
  <nestedLevel>1</nestedLevel>
  <property name="platform">Mac OS X</property>
</record>
<record>
  <date>2020-04-13T20:04:15</date>
  <millis>1586783055742</millis>
  <sequence>42</sequence>
  <level>RUN_DATA</level>
  <class>com.kms.katalon.core.logging.XmlKeywordLogger</class>
  <method>logMessage</method>
  <thread>1</thread>
  <message>seleniumVersion = 3.141.59</message>
  <nestedLevel>1</nestedLevel>
  <property name="seleniumVersion">3.141.59</property>
</record>
<record>
  <date>2020-04-13T20:04:15</date>
  <millis>1586783055743</millis>
  <sequence>43</sequence>
  <level>RUN_DATA</level>
  <class>com.kms.katalon.core.logging.XmlKeywordLogger</class>
  <method>logMessage</method>
  <thread>1</thread>
  <message>proxyInformation = ProxyInformation{proxyOption=NO_PROXY, proxyServerType=HTTP, password=, proxyServerAddress=, proxyServerPort=0, executionList=}</message>
  <nestedLevel>1</nestedLevel>
  <property name="proxyInformation">ProxyInformation{proxyOption=NO_PROXY, proxyServerType=HTTP, password=, proxyServerAddress=, proxyServerPort=0, executionList=}</property>
</record>
<record>
  <date>2020-04-13T20:04:16</date>
  <millis>1586783056917</millis>
  <sequence>45</sequence>
  <level>PASSED</level>
  <class>com.kms.katalon.core.logging.XmlKeywordLogger</class>
  <method>logMessage</method>
  <thread>1</thread>
  <message>Browser is opened with url: &amp;apos;https://www.ic-connection.com&amp;apos;</message>
  <nestedLevel>1</nestedLevel>
</record>
<record>
  <date>2020-04-13T20:04:16</date>
  <millis>1586783056918</millis>
  <sequence>46</sequence>
  <level>END</level>
  <class>com.kms.katalon.core.logging.XmlKeywordLogger</class>
  <method>endKeyword</method>
  <thread>1</thread>
  <message>End action : openBrowser(\&amp;quot;https://www.ic-connection.com\&amp;quot;)</message>
  <nestedLevel>1</nestedLevel>
</record>
<record>
  <date>2020-04-13T20:04:16</date>
  <millis>1586783056919</millis>
  <sequence>47</sequence>
  <level>START</level>
  <class>com.kms.katalon.core.logging.XmlKeywordLogger</class>
  <method>startKeyword</method>
  <thread>1</thread>
  <message>Start action : closeBrowser()</message>
  <nestedLevel>1</nestedLevel>
  <property name="startLine">21</property>
  <property name="stepIndex">2</property>
</record>
<record>
  <date>2020-04-13T20:04:20</date>
  <millis>1586783060900</millis>
  <sequence>49</sequence>
  <level>PASSED</level>
  <class>com.kms.katalon.core.logging.XmlKeywordLogger</class>
  <method>logMessage</method>
  <thread>1</thread>
  <message>Browser is closed</message>
  <nestedLevel>1</nestedLevel>
</record>
<record>
  <date>2020-04-13T20:04:20</date>
  <millis>1586783060900</millis>
  <sequence>50</sequence>
  <level>END</level>
  <class>com.kms.katalon.core.logging.XmlKeywordLogger</class>
  <method>endKeyword</method>
  <thread>1</thread>
  <message>End action : closeBrowser()</message>
  <nestedLevel>1</nestedLevel>
</record>
<record>
  <date>2020-04-13T20:04:20</date>
  <millis>1586783060901</millis>
  <sequence>51</sequence>
  <level>PASSED</level>
  <class>com.kms.katalon.core.logging.XmlKeywordLogger</class>
  <method>logMessage</method>
  <thread>1</thread>
  <message>Test Cases/OpenClose2</message>
  <nestedLevel>1</nestedLevel>
</record>
<record>
  <date>2020-04-13T20:04:20</date>
  <millis>1586783060902</millis>
  <sequence>52</sequence>
  <level>END</level>
  <class>com.kms.katalon.core.logging.XmlKeywordLogger</class>
  <method>endTest</method>
  <thread>1</thread>
  <message>End Test Case : Test Cases/OpenClose2</message>
  <nestedLevel>0</nestedLevel>
</record>
<record>
  <date>2020-04-13T20:04:20</date>
  <millis>1586783060905</millis>
  <sequence>53</sequence>
  <level>INFO</level>
  <class>com.kms.katalon.core.logging.XmlKeywordLogger</class>
  <method>logMessage</method>
  <thread>1</thread>
  <message>=================== Smart XPath Report =======================</message>
  <nestedLevel>0</nestedLevel>
</record>
<record>
  <date>2020-04-13T20:04:20</date>
  <millis>1586783060905</millis>
  <sequence>54</sequence>
  <level>INFO</level>
  <class>com.kms.katalon.core.logging.XmlKeywordLogger</class>
  <method>logMessage</method>
  <thread>1</thread>
  <message>Refer to the link below to preview and approve auto healing on broken test objects.</message>
  <nestedLevel>0</nestedLevel>
</record>
<record>
  <date>2020-04-13T20:04:20</date>
  <millis>1586783060906</millis>
  <sequence>55</sequence>
  <level>INFO</level>
  <class>com.kms.katalon.core.logging.XmlKeywordLogger</class>
  <method>logMessage</method>
  <thread>1</thread>
  <message>https://docs.katalon.com/katalon-studio/docs/auto-healing-smart-xpath.html</message>
  <nestedLevel>0</nestedLevel>
</record>
<record>
  <date>2020-04-13T20:04:20</date>
  <millis>1586783060906</millis>
  <sequence>56</sequence>
  <level>INFO</level>
  <class>com.kms.katalon.core.logging.XmlKeywordLogger</class>
  <method>logMessage</method>
  <thread>1</thread>
  <message>===============================================================</message>
  <nestedLevel>0</nestedLevel>
</record>
<record>
  <date>2020-04-13T20:04:20</date>
  <millis>1586783060907</millis>
  <sequence>57</sequence>
  <level>START</level>
  <class>com.kms.katalon.core.logging.XmlKeywordLogger</class>
  <method>startKeyword</method>
  <thread>1</thread>
  <message>Start listener action : exportKatalonReports</message>
  <nestedLevel>0</nestedLevel>
</record>
<record>
  <date>2020-04-13T20:04:21</date>
  <millis>1586783061059</millis>
  <sequence>151</sequence>
  <level>INFO</level>
  <class>com.kms.katalon.core.logging.XmlKeywordLogger</class>
  <method>logMessage</method>
  <thread>1</thread>
  <message>Start generating HTML report folder at: /Users/thaveephongt/Katalon Studio/Be Demo/Reports/20200413_200333/OpenClose/20200413_200333...</message>
  <nestedLevel>0</nestedLevel>
</record>
<record>
  <date>2020-04-13T20:04:21</date>
  <millis>1586783061073</millis>
  <sequence>152</sequence>
  <level>INFO</level>
  <class>com.kms.katalon.core.logging.XmlKeywordLogger</class>
  <method>logMessage</method>
  <thread>1</thread>
  <message>HTML report generated</message>
  <nestedLevel>0</nestedLevel>
</record>
<record>
  <date>2020-04-13T20:04:21</date>
  <millis>1586783061074</millis>
  <sequence>153</sequence>
  <level>INFO</level>
  <class>com.kms.katalon.core.logging.XmlKeywordLogger</class>
  <method>logMessage</method>
  <thread>1</thread>
  <message>Start generating CSV report folder at: /Users/thaveephongt/Katalon Studio/Be Demo/Reports/20200413_200333/OpenClose/20200413_200333...</message>
  <nestedLevel>0</nestedLevel>
</record>
<record>
  <date>2020-04-13T20:04:21</date>
  <millis>1586783061095</millis>
  <sequence>154</sequence>
  <level>INFO</level>
  <class>com.kms.katalon.core.logging.XmlKeywordLogger</class>
  <method>logMessage</method>
  <thread>1</thread>
  <message>CSV report generated</message>
  <nestedLevel>0</nestedLevel>
</record>
<record>
  <date>2020-04-13T20:04:21</date>
  <millis>1586783061095</millis>
  <sequence>156</sequence>
  <level>END</level>
  <class>com.kms.katalon.core.logging.XmlKeywordLogger</class>
  <method>endKeyword</method>
  <thread>1</thread>
  <message>End listener action : exportKatalonReports</message>
  <nestedLevel>0</nestedLevel>
</record>
<record>
  <date>2020-04-13T20:04:21</date>
  <millis>1586783061170</millis>
  <sequence>157</sequence>
  <level>END</level>
  <class>com.kms.katalon.core.logging.XmlKeywordLogger</class>
  <method>endSuite</method>
  <thread>1</thread>
  <message>End Test Suite : Test Suites/OpenClose</message>
  <nestedLevel>0</nestedLevel>
</record>
</log>