<?xml version="1.0" encoding="UTF-8" standalone="no"?>
<!DOCTYPE log SYSTEM "logger.dtd">
<log>
<record>
  <date>2020-04-08T16:32:30</date>
  <millis>1586338350752</millis>
  <sequence>0</sequence>
  <level>START</level>
  <class>com.kms.katalon.core.logging.XmlKeywordLogger</class>
  <method>startSuite</method>
  <thread>1</thread>
  <message>Start Test Suite : Test Suites/Covid-19</message>
  <nestedLevel>0</nestedLevel>
  <property name="name">Covid-19</property>
  <property name="description"></property>
  <property name="id">Test Suites/Covid-19</property>
</record>
<record>
  <date>2020-04-08T16:32:30</date>
  <millis>1586338350791</millis>
  <sequence>1</sequence>
  <level>RUN_DATA</level>
  <class>com.kms.katalon.core.logging.XmlKeywordLogger</class>
  <method>logMessage</method>
  <thread>1</thread>
  <message>hostName = thaveephongt - 192.168.1.107</message>
  <nestedLevel>0</nestedLevel>
  <property name="hostName">thaveephongt - 192.168.1.107</property>
</record>
<record>
  <date>2020-04-08T16:32:30</date>
  <millis>1586338350852</millis>
  <sequence>2</sequence>
  <level>RUN_DATA</level>
  <class>com.kms.katalon.core.logging.XmlKeywordLogger</class>
  <method>logMessage</method>
  <thread>1</thread>
  <message>os = Mac OS X 64bit</message>
  <nestedLevel>0</nestedLevel>
  <property name="os">Mac OS X 64bit</property>
</record>
<record>
  <date>2020-04-08T16:32:30</date>
  <millis>1586338350887</millis>
  <sequence>3</sequence>
  <level>RUN_DATA</level>
  <class>com.kms.katalon.core.logging.XmlKeywordLogger</class>
  <method>logMessage</method>
  <thread>1</thread>
  <message>hostAddress = 192.168.1.107</message>
  <nestedLevel>0</nestedLevel>
  <property name="hostAddress">192.168.1.107</property>
</record>
<record>
  <date>2020-04-08T16:32:30</date>
  <millis>1586338350961</millis>
  <sequence>4</sequence>
  <level>RUN_DATA</level>
  <class>com.kms.katalon.core.logging.XmlKeywordLogger</class>
  <method>logMessage</method>
  <thread>1</thread>
  <message>katalonVersion = 7.3.0.1</message>
  <nestedLevel>0</nestedLevel>
  <property name="katalonVersion">7.3.0.1</property>
</record>
<record>
  <date>2020-04-08T16:32:32</date>
  <millis>1586338352063</millis>
  <sequence>5</sequence>
  <level>START</level>
  <class>com.kms.katalon.core.logging.XmlKeywordLogger</class>
  <method>startTest</method>
  <thread>1</thread>
  <message>Start Test Case : Test Cases/Log in/Covid-19</message>
  <nestedLevel>1</nestedLevel>
  <property name="name">Test Cases/Log in/Covid-19</property>
  <property name="description"></property>
  <property name="id">Test Cases/Log in/Covid-19</property>
  <property name="source">\\Users\\thaveephongt\\Katalon Studio\\Be Demo\\Test Cases\\Log in\\Covid-19.tc</property>
  <property name="tag"></property>
  <property name="isOptional">false</property>
</record>
<record>
  <date>2020-04-08T16:32:32</date>
  <millis>1586338352156</millis>
  <sequence>7</sequence>
  <level>INFO</level>
  <class>com.kms.katalon.core.logging.XmlKeywordLogger</class>
  <method>logMessage</method>
  <thread>1</thread>
  <message>Country = Thailand</message>
  <nestedLevel>1</nestedLevel>
</record>
<record>
  <date>2020-04-08T16:32:33</date>
  <millis>1586338353190</millis>
  <sequence>8</sequence>
  <level>START</level>
  <class>com.kms.katalon.core.logging.XmlKeywordLogger</class>
  <method>startKeyword</method>
  <thread>1</thread>
  <message>Start action : openBrowser(\&amp;quot;https://www.worldometers.info/coronavirus/\&amp;quot;)</message>
  <nestedLevel>1</nestedLevel>
  <property name="startLine">19</property>
  <property name="stepIndex">1</property>
</record>
<record>
  <date>2020-04-08T16:32:33</date>
  <millis>1586338353911</millis>
  <sequence>10</sequence>
  <level>INFO</level>
  <class>com.kms.katalon.core.logging.XmlKeywordLogger</class>
  <method>logMessage</method>
  <thread>1</thread>
  <message>Starting &amp;apos;Chrome&amp;apos; driver</message>
  <nestedLevel>1</nestedLevel>
</record>
<record>
  <date>2020-04-08T16:32:34</date>
  <millis>1586338354011</millis>
  <sequence>12</sequence>
  <level>INFO</level>
  <class>com.kms.katalon.core.logging.XmlKeywordLogger</class>
  <method>logMessage</method>
  <thread>1</thread>
  <message>Action delay is set to 0 milliseconds</message>
  <nestedLevel>1</nestedLevel>
</record>
<record>
  <date>2020-04-08T16:32:38</date>
  <millis>1586338358038</millis>
  <sequence>14</sequence>
  <level>RUN_DATA</level>
  <class>com.kms.katalon.core.logging.XmlKeywordLogger</class>
  <method>logMessage</method>
  <thread>1</thread>
  <message>sessionId = 1dcf2f5bc8d1809ea07eeaa36f4615f1</message>
  <nestedLevel>1</nestedLevel>
  <property name="sessionId">1dcf2f5bc8d1809ea07eeaa36f4615f1</property>
</record>
<record>
  <date>2020-04-08T16:32:38</date>
  <millis>1586338358096</millis>
  <sequence>15</sequence>
  <level>RUN_DATA</level>
  <class>com.kms.katalon.core.logging.XmlKeywordLogger</class>
  <method>logMessage</method>
  <thread>1</thread>
  <message>browser = Chrome 80.0.3987.163</message>
  <nestedLevel>1</nestedLevel>
  <property name="browser">Chrome 80.0.3987.163</property>
</record>
<record>
  <date>2020-04-08T16:32:38</date>
  <millis>1586338358098</millis>
  <sequence>16</sequence>
  <level>RUN_DATA</level>
  <class>com.kms.katalon.core.logging.XmlKeywordLogger</class>
  <method>logMessage</method>
  <thread>1</thread>
  <message>platform = Mac OS X</message>
  <nestedLevel>1</nestedLevel>
  <property name="platform">Mac OS X</property>
</record>
<record>
  <date>2020-04-08T16:32:38</date>
  <millis>1586338358099</millis>
  <sequence>17</sequence>
  <level>RUN_DATA</level>
  <class>com.kms.katalon.core.logging.XmlKeywordLogger</class>
  <method>logMessage</method>
  <thread>1</thread>
  <message>seleniumVersion = 3.141.59</message>
  <nestedLevel>1</nestedLevel>
  <property name="seleniumVersion">3.141.59</property>
</record>
<record>
  <date>2020-04-08T16:32:38</date>
  <millis>1586338358104</millis>
  <sequence>18</sequence>
  <level>RUN_DATA</level>
  <class>com.kms.katalon.core.logging.XmlKeywordLogger</class>
  <method>logMessage</method>
  <thread>1</thread>
  <message>proxyInformation = ProxyInformation{proxyOption=NO_PROXY, proxyServerType=HTTP, password=, proxyServerAddress=, proxyServerPort=0, executionList=}</message>
  <nestedLevel>1</nestedLevel>
  <property name="proxyInformation">ProxyInformation{proxyOption=NO_PROXY, proxyServerType=HTTP, password=, proxyServerAddress=, proxyServerPort=0, executionList=}</property>
</record>
<record>
  <date>2020-04-08T16:32:52</date>
  <millis>1586338372446</millis>
  <sequence>20</sequence>
  <level>PASSED</level>
  <class>com.kms.katalon.core.logging.XmlKeywordLogger</class>
  <method>logMessage</method>
  <thread>1</thread>
  <message>Browser is opened with url: &amp;apos;https://www.worldometers.info/coronavirus/&amp;apos;</message>
  <nestedLevel>1</nestedLevel>
</record>
<record>
  <date>2020-04-08T16:32:52</date>
  <millis>1586338372452</millis>
  <sequence>21</sequence>
  <level>END</level>
  <class>com.kms.katalon.core.logging.XmlKeywordLogger</class>
  <method>endKeyword</method>
  <thread>1</thread>
  <message>End action : openBrowser(\&amp;quot;https://www.worldometers.info/coronavirus/\&amp;quot;)</message>
  <nestedLevel>1</nestedLevel>
</record>
<record>
  <date>2020-04-08T16:32:52</date>
  <millis>1586338372453</millis>
  <sequence>22</sequence>
  <level>START</level>
  <class>com.kms.katalon.core.logging.XmlKeywordLogger</class>
  <method>startKeyword</method>
  <thread>1</thread>
  <message>Start action : click(findTestObject(\&amp;quot;Object Repository/Covid-19 Object Repo/Page_Coronavirus Update (Live) 1204075 Case_106633/a_view by country\&amp;quot;))</message>
  <nestedLevel>1</nestedLevel>
  <property name="startLine">21</property>
  <property name="stepIndex">2</property>
</record>
<record>
  <date>2020-04-08T16:32:53</date>
  <millis>1586338373860</millis>
  <sequence>31</sequence>
  <level>PASSED</level>
  <class>com.kms.katalon.core.logging.XmlKeywordLogger</class>
  <method>logMessage</method>
  <thread>1</thread>
  <message>Object: &amp;apos;Object Repository/Covid-19 Object Repo/Page_Coronavirus Update (Live) 1204075 Case_106633/a_view by country&amp;apos; is clicked on</message>
  <nestedLevel>1</nestedLevel>
</record>
<record>
  <date>2020-04-08T16:32:53</date>
  <millis>1586338373862</millis>
  <sequence>32</sequence>
  <level>END</level>
  <class>com.kms.katalon.core.logging.XmlKeywordLogger</class>
  <method>endKeyword</method>
  <thread>1</thread>
  <message>End action : click(findTestObject(\&amp;quot;Object Repository/Covid-19 Object Repo/Page_Coronavirus Update (Live) 1204075 Case_106633/a_view by country\&amp;quot;))</message>
  <nestedLevel>1</nestedLevel>
</record>
<record>
  <date>2020-04-08T16:32:53</date>
  <millis>1586338373863</millis>
  <sequence>33</sequence>
  <level>START</level>
  <class>com.kms.katalon.core.logging.XmlKeywordLogger</class>
  <method>startKeyword</method>
  <thread>1</thread>
  <message>Start action : for ([rowNum = 1, rowNum &amp;lt;= findTestData(\&amp;quot;Covid-19/Country\&amp;quot;).getRowNumbers(), (rowNum++)])</message>
  <nestedLevel>1</nestedLevel>
  <property name="startLine">25</property>
  <property name="stepIndex">3</property>
</record>
<record>
  <date>2020-04-08T16:32:53</date>
  <millis>1586338373936</millis>
  <sequence>38</sequence>
  <level>START</level>
  <class>com.kms.katalon.core.logging.XmlKeywordLogger</class>
  <method>startKeyword</method>
  <thread>1</thread>
  <message>Start action : setText(findTestObject(\&amp;quot;Object Repository/Covid-19 Object Repo/Page_Coronavirus Update (Live) 1204075 Case_106633/input_Search_form-control input-sm\&amp;quot;), findTestData(\&amp;quot;Covid-19/Country\&amp;quot;).getValue(1, rowNum))</message>
  <nestedLevel>2</nestedLevel>
  <property name="startLine">27</property>
  <property name="stepIndex">1</property>
</record>
<record>
  <date>2020-04-08T16:33:03</date>
  <millis>1586338383845</millis>
  <sequence>58</sequence>
  <level>PASSED</level>
  <class>com.kms.katalon.core.logging.XmlKeywordLogger</class>
  <method>logMessage</method>
  <thread>1</thread>
  <message>Text &amp;apos;Thailand&amp;apos; is set on object &amp;apos;Object Repository/Covid-19 Object Repo/Page_Coronavirus Update (Live) 1204075 Case_106633/input_Search_form-control input-sm&amp;apos;</message>
  <nestedLevel>1</nestedLevel>
</record>
<record>
  <date>2020-04-08T16:33:03</date>
  <millis>1586338383852</millis>
  <sequence>59</sequence>
  <level>END</level>
  <class>com.kms.katalon.core.logging.XmlKeywordLogger</class>
  <method>endKeyword</method>
  <thread>1</thread>
  <message>End action : setText(findTestObject(\&amp;quot;Object Repository/Covid-19 Object Repo/Page_Coronavirus Update (Live) 1204075 Case_106633/input_Search_form-control input-sm\&amp;quot;), findTestData(\&amp;quot;Covid-19/Country\&amp;quot;).getValue(1, rowNum))</message>
  <nestedLevel>2</nestedLevel>
</record>
<record>
  <date>2020-04-08T16:33:03</date>
  <millis>1586338383854</millis>
  <sequence>60</sequence>
  <level>START</level>
  <class>com.kms.katalon.core.logging.XmlKeywordLogger</class>
  <method>startKeyword</method>
  <thread>1</thread>
  <message>Start action : getText(findTestObject(\&amp;quot;Covid-19 Object Repo/Page_Coronavirus Update (Live) 1204075 Case_106633/td_102\&amp;quot;))</message>
  <nestedLevel>2</nestedLevel>
  <property name="startLine">31</property>
  <property name="stepIndex">2</property>
  <property name="description">Get New Cases</property>
</record>
<record>
  <date>2020-04-08T16:33:04</date>
  <millis>1586338384520</millis>
  <sequence>69</sequence>
  <level>PASSED</level>
  <class>com.kms.katalon.core.logging.XmlKeywordLogger</class>
  <method>logMessage</method>
  <thread>1</thread>
  <message>Text of object &amp;apos;Object Repository/Covid-19 Object Repo/Page_Coronavirus Update (Live) 1204075 Case_106633/td_102&amp;apos; is: &amp;apos;+111&amp;apos;</message>
  <nestedLevel>1</nestedLevel>
</record>
<record>
  <date>2020-04-08T16:33:04</date>
  <millis>1586338384523</millis>
  <sequence>70</sequence>
  <level>END</level>
  <class>com.kms.katalon.core.logging.XmlKeywordLogger</class>
  <method>endKeyword</method>
  <thread>1</thread>
  <message>End action : getText(findTestObject(\&amp;quot;Covid-19 Object Repo/Page_Coronavirus Update (Live) 1204075 Case_106633/td_102\&amp;quot;))</message>
  <nestedLevel>2</nestedLevel>
</record>
<record>
  <date>2020-04-08T16:33:04</date>
  <millis>1586338384524</millis>
  <sequence>71</sequence>
  <level>START</level>
  <class>com.kms.katalon.core.logging.XmlKeywordLogger</class>
  <method>startKeyword</method>
  <thread>1</thread>
  <message>Start action : getText(findTestObject(\&amp;quot;Covid-19 Object Repo/Page_Coronavirus Update (Live) 1204075 Case_106633/td_3\&amp;quot;))</message>
  <nestedLevel>2</nestedLevel>
  <property name="startLine">34</property>
  <property name="stepIndex">3</property>
  <property name="description">Get New Deaths</property>
</record>
<record>
  <date>2020-04-08T16:33:05</date>
  <millis>1586338385008</millis>
  <sequence>80</sequence>
  <level>PASSED</level>
  <class>com.kms.katalon.core.logging.XmlKeywordLogger</class>
  <method>logMessage</method>
  <thread>1</thread>
  <message>Text of object &amp;apos;Object Repository/Covid-19 Object Repo/Page_Coronavirus Update (Live) 1204075 Case_106633/td_3&amp;apos; is: &amp;apos;+3&amp;apos;</message>
  <nestedLevel>1</nestedLevel>
</record>
<record>
  <date>2020-04-08T16:33:05</date>
  <millis>1586338385016</millis>
  <sequence>85</sequence>
  <level>END</level>
  <class>com.kms.katalon.core.logging.XmlKeywordLogger</class>
  <method>endKeyword</method>
  <thread>1</thread>
  <message>End action : getText(findTestObject(\&amp;quot;Covid-19 Object Repo/Page_Coronavirus Update (Live) 1204075 Case_106633/td_3\&amp;quot;))</message>
  <nestedLevel>2</nestedLevel>
</record>
<record>
  <date>2020-04-08T16:33:05</date>
  <millis>1586338385016</millis>
  <sequence>86</sequence>
  <level>START</level>
  <class>com.kms.katalon.core.logging.XmlKeywordLogger</class>
  <method>startKeyword</method>
  <thread>1</thread>
  <message>Start action : setText(findTestObject(\&amp;quot;Object Repository/Covid-19 Object Repo/Page_Coronavirus Update (Live) 1204075 Case_106633/input_Search_form-control input-sm\&amp;quot;), findTestData(\&amp;quot;Covid-19/Country\&amp;quot;).getValue(1, rowNum))</message>
  <nestedLevel>2</nestedLevel>
  <property name="startLine">27</property>
  <property name="stepIndex">1</property>
</record>
<record>
  <date>2020-04-08T16:33:06</date>
  <millis>1586338386318</millis>
  <sequence>106</sequence>
  <level>PASSED</level>
  <class>com.kms.katalon.core.logging.XmlKeywordLogger</class>
  <method>logMessage</method>
  <thread>1</thread>
  <message>Text &amp;apos;USA&amp;apos; is set on object &amp;apos;Object Repository/Covid-19 Object Repo/Page_Coronavirus Update (Live) 1204075 Case_106633/input_Search_form-control input-sm&amp;apos;</message>
  <nestedLevel>1</nestedLevel>
</record>
<record>
  <date>2020-04-08T16:33:06</date>
  <millis>1586338386319</millis>
  <sequence>107</sequence>
  <level>END</level>
  <class>com.kms.katalon.core.logging.XmlKeywordLogger</class>
  <method>endKeyword</method>
  <thread>1</thread>
  <message>End action : setText(findTestObject(\&amp;quot;Object Repository/Covid-19 Object Repo/Page_Coronavirus Update (Live) 1204075 Case_106633/input_Search_form-control input-sm\&amp;quot;), findTestData(\&amp;quot;Covid-19/Country\&amp;quot;).getValue(1, rowNum))</message>
  <nestedLevel>2</nestedLevel>
</record>
<record>
  <date>2020-04-08T16:33:06</date>
  <millis>1586338386320</millis>
  <sequence>108</sequence>
  <level>START</level>
  <class>com.kms.katalon.core.logging.XmlKeywordLogger</class>
  <method>startKeyword</method>
  <thread>1</thread>
  <message>Start action : getText(findTestObject(\&amp;quot;Covid-19 Object Repo/Page_Coronavirus Update (Live) 1204075 Case_106633/td_102\&amp;quot;))</message>
  <nestedLevel>2</nestedLevel>
  <property name="startLine">31</property>
  <property name="stepIndex">2</property>
  <property name="description">Get New Cases</property>
</record>
<record>
  <date>2020-04-08T16:33:06</date>
  <millis>1586338386977</millis>
  <sequence>117</sequence>
  <level>PASSED</level>
  <class>com.kms.katalon.core.logging.XmlKeywordLogger</class>
  <method>logMessage</method>
  <thread>1</thread>
  <message>Text of object &amp;apos;Object Repository/Covid-19 Object Repo/Page_Coronavirus Update (Live) 1204075 Case_106633/td_102&amp;apos; is: &amp;apos;+214&amp;apos;</message>
  <nestedLevel>1</nestedLevel>
</record>
<record>
  <date>2020-04-08T16:33:06</date>
  <millis>1586338386978</millis>
  <sequence>118</sequence>
  <level>END</level>
  <class>com.kms.katalon.core.logging.XmlKeywordLogger</class>
  <method>endKeyword</method>
  <thread>1</thread>
  <message>End action : getText(findTestObject(\&amp;quot;Covid-19 Object Repo/Page_Coronavirus Update (Live) 1204075 Case_106633/td_102\&amp;quot;))</message>
  <nestedLevel>2</nestedLevel>
</record>
<record>
  <date>2020-04-08T16:33:06</date>
  <millis>1586338386979</millis>
  <sequence>119</sequence>
  <level>START</level>
  <class>com.kms.katalon.core.logging.XmlKeywordLogger</class>
  <method>startKeyword</method>
  <thread>1</thread>
  <message>Start action : getText(findTestObject(\&amp;quot;Covid-19 Object Repo/Page_Coronavirus Update (Live) 1204075 Case_106633/td_3\&amp;quot;))</message>
  <nestedLevel>2</nestedLevel>
  <property name="startLine">34</property>
  <property name="stepIndex">3</property>
  <property name="description">Get New Deaths</property>
</record>
<record>
  <date>2020-04-08T16:33:07</date>
  <millis>1586338387453</millis>
  <sequence>128</sequence>
  <level>PASSED</level>
  <class>com.kms.katalon.core.logging.XmlKeywordLogger</class>
  <method>logMessage</method>
  <thread>1</thread>
  <message>Text of object &amp;apos;Object Repository/Covid-19 Object Repo/Page_Coronavirus Update (Live) 1204075 Case_106633/td_3&amp;apos; is: &amp;apos;+16&amp;apos;</message>
  <nestedLevel>1</nestedLevel>
</record>
<record>
  <date>2020-04-08T16:33:07</date>
  <millis>1586338387460</millis>
  <sequence>133</sequence>
  <level>END</level>
  <class>com.kms.katalon.core.logging.XmlKeywordLogger</class>
  <method>endKeyword</method>
  <thread>1</thread>
  <message>End action : getText(findTestObject(\&amp;quot;Covid-19 Object Repo/Page_Coronavirus Update (Live) 1204075 Case_106633/td_3\&amp;quot;))</message>
  <nestedLevel>2</nestedLevel>
</record>
<record>
  <date>2020-04-08T16:33:07</date>
  <millis>1586338387461</millis>
  <sequence>134</sequence>
  <level>START</level>
  <class>com.kms.katalon.core.logging.XmlKeywordLogger</class>
  <method>startKeyword</method>
  <thread>1</thread>
  <message>Start action : setText(findTestObject(\&amp;quot;Object Repository/Covid-19 Object Repo/Page_Coronavirus Update (Live) 1204075 Case_106633/input_Search_form-control input-sm\&amp;quot;), findTestData(\&amp;quot;Covid-19/Country\&amp;quot;).getValue(1, rowNum))</message>
  <nestedLevel>2</nestedLevel>
  <property name="startLine">27</property>
  <property name="stepIndex">1</property>
</record>
<record>
  <date>2020-04-08T16:33:08</date>
  <millis>1586338388765</millis>
  <sequence>154</sequence>
  <level>PASSED</level>
  <class>com.kms.katalon.core.logging.XmlKeywordLogger</class>
  <method>logMessage</method>
  <thread>1</thread>
  <message>Text &amp;apos;Spain&amp;apos; is set on object &amp;apos;Object Repository/Covid-19 Object Repo/Page_Coronavirus Update (Live) 1204075 Case_106633/input_Search_form-control input-sm&amp;apos;</message>
  <nestedLevel>1</nestedLevel>
</record>
<record>
  <date>2020-04-08T16:33:08</date>
  <millis>1586338388766</millis>
  <sequence>155</sequence>
  <level>END</level>
  <class>com.kms.katalon.core.logging.XmlKeywordLogger</class>
  <method>endKeyword</method>
  <thread>1</thread>
  <message>End action : setText(findTestObject(\&amp;quot;Object Repository/Covid-19 Object Repo/Page_Coronavirus Update (Live) 1204075 Case_106633/input_Search_form-control input-sm\&amp;quot;), findTestData(\&amp;quot;Covid-19/Country\&amp;quot;).getValue(1, rowNum))</message>
  <nestedLevel>2</nestedLevel>
</record>
<record>
  <date>2020-04-08T16:33:08</date>
  <millis>1586338388767</millis>
  <sequence>156</sequence>
  <level>START</level>
  <class>com.kms.katalon.core.logging.XmlKeywordLogger</class>
  <method>startKeyword</method>
  <thread>1</thread>
  <message>Start action : getText(findTestObject(\&amp;quot;Covid-19 Object Repo/Page_Coronavirus Update (Live) 1204075 Case_106633/td_102\&amp;quot;))</message>
  <nestedLevel>2</nestedLevel>
  <property name="startLine">31</property>
  <property name="stepIndex">2</property>
  <property name="description">Get New Cases</property>
</record>
<record>
  <date>2020-04-08T16:33:09</date>
  <millis>1586338389327</millis>
  <sequence>165</sequence>
  <level>PASSED</level>
  <class>com.kms.katalon.core.logging.XmlKeywordLogger</class>
  <method>logMessage</method>
  <thread>1</thread>
  <message>Text of object &amp;apos;Object Repository/Covid-19 Object Repo/Page_Coronavirus Update (Live) 1204075 Case_106633/td_102&amp;apos; is: &amp;apos;&amp;apos;</message>
  <nestedLevel>1</nestedLevel>
</record>
<record>
  <date>2020-04-08T16:33:09</date>
  <millis>1586338389328</millis>
  <sequence>166</sequence>
  <level>END</level>
  <class>com.kms.katalon.core.logging.XmlKeywordLogger</class>
  <method>endKeyword</method>
  <thread>1</thread>
  <message>End action : getText(findTestObject(\&amp;quot;Covid-19 Object Repo/Page_Coronavirus Update (Live) 1204075 Case_106633/td_102\&amp;quot;))</message>
  <nestedLevel>2</nestedLevel>
</record>
<record>
  <date>2020-04-08T16:33:09</date>
  <millis>1586338389329</millis>
  <sequence>167</sequence>
  <level>START</level>
  <class>com.kms.katalon.core.logging.XmlKeywordLogger</class>
  <method>startKeyword</method>
  <thread>1</thread>
  <message>Start action : getText(findTestObject(\&amp;quot;Covid-19 Object Repo/Page_Coronavirus Update (Live) 1204075 Case_106633/td_3\&amp;quot;))</message>
  <nestedLevel>2</nestedLevel>
  <property name="startLine">34</property>
  <property name="stepIndex">3</property>
  <property name="description">Get New Deaths</property>
</record>
<record>
  <date>2020-04-08T16:33:09</date>
  <millis>1586338389833</millis>
  <sequence>176</sequence>
  <level>PASSED</level>
  <class>com.kms.katalon.core.logging.XmlKeywordLogger</class>
  <method>logMessage</method>
  <thread>1</thread>
  <message>Text of object &amp;apos;Object Repository/Covid-19 Object Repo/Page_Coronavirus Update (Live) 1204075 Case_106633/td_3&amp;apos; is: &amp;apos;&amp;apos;</message>
  <nestedLevel>1</nestedLevel>
</record>
<record>
  <date>2020-04-08T16:33:09</date>
  <millis>1586338389842</millis>
  <sequence>181</sequence>
  <level>END</level>
  <class>com.kms.katalon.core.logging.XmlKeywordLogger</class>
  <method>endKeyword</method>
  <thread>1</thread>
  <message>End action : getText(findTestObject(\&amp;quot;Covid-19 Object Repo/Page_Coronavirus Update (Live) 1204075 Case_106633/td_3\&amp;quot;))</message>
  <nestedLevel>2</nestedLevel>
</record>
<record>
  <date>2020-04-08T16:33:09</date>
  <millis>1586338389843</millis>
  <sequence>182</sequence>
  <level>END</level>
  <class>com.kms.katalon.core.logging.XmlKeywordLogger</class>
  <method>endKeyword</method>
  <thread>1</thread>
  <message>End action : for ([rowNum = 1, rowNum &amp;lt;= findTestData(\&amp;quot;Covid-19/Country\&amp;quot;).getRowNumbers(), (rowNum++)])</message>
  <nestedLevel>1</nestedLevel>
</record>
<record>
  <date>2020-04-08T16:33:09</date>
  <millis>1586338389845</millis>
  <sequence>183</sequence>
  <level>START</level>
  <class>com.kms.katalon.core.logging.XmlKeywordLogger</class>
  <method>startKeyword</method>
  <thread>1</thread>
  <message>Start action : closeBrowser()</message>
  <nestedLevel>1</nestedLevel>
  <property name="startLine">37</property>
  <property name="stepIndex">4</property>
</record>
<record>
  <date>2020-04-08T16:33:10</date>
  <millis>1586338390280</millis>
  <sequence>185</sequence>
  <level>PASSED</level>
  <class>com.kms.katalon.core.logging.XmlKeywordLogger</class>
  <method>logMessage</method>
  <thread>1</thread>
  <message>Browser is closed</message>
  <nestedLevel>1</nestedLevel>
</record>
<record>
  <date>2020-04-08T16:33:10</date>
  <millis>1586338390281</millis>
  <sequence>186</sequence>
  <level>END</level>
  <class>com.kms.katalon.core.logging.XmlKeywordLogger</class>
  <method>endKeyword</method>
  <thread>1</thread>
  <message>End action : closeBrowser()</message>
  <nestedLevel>1</nestedLevel>
</record>
<record>
  <date>2020-04-08T16:33:10</date>
  <millis>1586338390281</millis>
  <sequence>187</sequence>
  <level>PASSED</level>
  <class>com.kms.katalon.core.logging.XmlKeywordLogger</class>
  <method>logMessage</method>
  <thread>1</thread>
  <message>Test Cases/Log in/Covid-19</message>
  <nestedLevel>1</nestedLevel>
</record>
<record>
  <date>2020-04-08T16:33:10</date>
  <millis>1586338390282</millis>
  <sequence>188</sequence>
  <level>END</level>
  <class>com.kms.katalon.core.logging.XmlKeywordLogger</class>
  <method>endTest</method>
  <thread>1</thread>
  <message>End Test Case : Test Cases/Log in/Covid-19</message>
  <nestedLevel>0</nestedLevel>
</record>
<record>
  <date>2020-04-08T16:33:10</date>
  <millis>1586338390284</millis>
  <sequence>189</sequence>
  <level>INFO</level>
  <class>com.kms.katalon.core.logging.XmlKeywordLogger</class>
  <method>logMessage</method>
  <thread>1</thread>
  <message>=================== Smart XPath Report =======================</message>
  <nestedLevel>0</nestedLevel>
</record>
<record>
  <date>2020-04-08T16:33:10</date>
  <millis>1586338390286</millis>
  <sequence>190</sequence>
  <level>INFO</level>
  <class>com.kms.katalon.core.logging.XmlKeywordLogger</class>
  <method>logMessage</method>
  <thread>1</thread>
  <message>Refer to the link below to preview and approve auto healing on broken test objects.</message>
  <nestedLevel>0</nestedLevel>
</record>
<record>
  <date>2020-04-08T16:33:10</date>
  <millis>1586338390287</millis>
  <sequence>191</sequence>
  <level>INFO</level>
  <class>com.kms.katalon.core.logging.XmlKeywordLogger</class>
  <method>logMessage</method>
  <thread>1</thread>
  <message>https://docs.katalon.com/katalon-studio/docs/auto-healing-smart-xpath.html</message>
  <nestedLevel>0</nestedLevel>
</record>
<record>
  <date>2020-04-08T16:33:10</date>
  <millis>1586338390288</millis>
  <sequence>192</sequence>
  <level>INFO</level>
  <class>com.kms.katalon.core.logging.XmlKeywordLogger</class>
  <method>logMessage</method>
  <thread>1</thread>
  <message>===============================================================</message>
  <nestedLevel>0</nestedLevel>
</record>
<record>
  <date>2020-04-08T16:33:10</date>
  <millis>1586338390325</millis>
  <sequence>193</sequence>
  <level>START</level>
  <class>com.kms.katalon.core.logging.XmlKeywordLogger</class>
  <method>startTest</method>
  <thread>1</thread>
  <message>Start Test Case : Test Cases/Log in/Covid-19</message>
  <nestedLevel>1</nestedLevel>
  <property name="name">Test Cases/Log in/Covid-19</property>
  <property name="description"></property>
  <property name="id">Test Cases/Log in/Covid-19</property>
  <property name="source">\\Users\\thaveephongt\\Katalon Studio\\Be Demo\\Test Cases\\Log in\\Covid-19.tc</property>
  <property name="tag"></property>
  <property name="isOptional">false</property>
</record>
<record>
  <date>2020-04-08T16:33:10</date>
  <millis>1586338390345</millis>
  <sequence>195</sequence>
  <level>INFO</level>
  <class>com.kms.katalon.core.logging.XmlKeywordLogger</class>
  <method>logMessage</method>
  <thread>1</thread>
  <message>Country = USA</message>
  <nestedLevel>1</nestedLevel>
</record>
<record>
  <date>2020-04-08T16:33:10</date>
  <millis>1586338390348</millis>
  <sequence>196</sequence>
  <level>START</level>
  <class>com.kms.katalon.core.logging.XmlKeywordLogger</class>
  <method>startKeyword</method>
  <thread>1</thread>
  <message>Start action : openBrowser(\&amp;quot;https://www.worldometers.info/coronavirus/\&amp;quot;)</message>
  <nestedLevel>1</nestedLevel>
  <property name="startLine">19</property>
  <property name="stepIndex">1</property>
</record>
<record>
  <date>2020-04-08T16:33:10</date>
  <millis>1586338390372</millis>
  <sequence>198</sequence>
  <level>INFO</level>
  <class>com.kms.katalon.core.logging.XmlKeywordLogger</class>
  <method>logMessage</method>
  <thread>1</thread>
  <message>Starting &amp;apos;Chrome&amp;apos; driver</message>
  <nestedLevel>1</nestedLevel>
</record>
<record>
  <date>2020-04-08T16:33:10</date>
  <millis>1586338390378</millis>
  <sequence>200</sequence>
  <level>INFO</level>
  <class>com.kms.katalon.core.logging.XmlKeywordLogger</class>
  <method>logMessage</method>
  <thread>1</thread>
  <message>Action delay is set to 0 milliseconds</message>
  <nestedLevel>1</nestedLevel>
</record>
<record>
  <date>2020-04-08T16:33:12</date>
  <millis>1586338392453</millis>
  <sequence>202</sequence>
  <level>RUN_DATA</level>
  <class>com.kms.katalon.core.logging.XmlKeywordLogger</class>
  <method>logMessage</method>
  <thread>1</thread>
  <message>sessionId = e10e0cd56341d621974ee8392d6c5dd2</message>
  <nestedLevel>1</nestedLevel>
  <property name="sessionId">e10e0cd56341d621974ee8392d6c5dd2</property>
</record>
<record>
  <date>2020-04-08T16:33:12</date>
  <millis>1586338392479</millis>
  <sequence>203</sequence>
  <level>RUN_DATA</level>
  <class>com.kms.katalon.core.logging.XmlKeywordLogger</class>
  <method>logMessage</method>
  <thread>1</thread>
  <message>browser = Chrome 80.0.3987.163</message>
  <nestedLevel>1</nestedLevel>
  <property name="browser">Chrome 80.0.3987.163</property>
</record>
<record>
  <date>2020-04-08T16:33:12</date>
  <millis>1586338392479</millis>
  <sequence>204</sequence>
  <level>RUN_DATA</level>
  <class>com.kms.katalon.core.logging.XmlKeywordLogger</class>
  <method>logMessage</method>
  <thread>1</thread>
  <message>platform = Mac OS X</message>
  <nestedLevel>1</nestedLevel>
  <property name="platform">Mac OS X</property>
</record>
<record>
  <date>2020-04-08T16:33:12</date>
  <millis>1586338392480</millis>
  <sequence>205</sequence>
  <level>RUN_DATA</level>
  <class>com.kms.katalon.core.logging.XmlKeywordLogger</class>
  <method>logMessage</method>
  <thread>1</thread>
  <message>seleniumVersion = 3.141.59</message>
  <nestedLevel>1</nestedLevel>
  <property name="seleniumVersion">3.141.59</property>
</record>
<record>
  <date>2020-04-08T16:33:12</date>
  <millis>1586338392482</millis>
  <sequence>206</sequence>
  <level>RUN_DATA</level>
  <class>com.kms.katalon.core.logging.XmlKeywordLogger</class>
  <method>logMessage</method>
  <thread>1</thread>
  <message>proxyInformation = ProxyInformation{proxyOption=NO_PROXY, proxyServerType=HTTP, password=, proxyServerAddress=, proxyServerPort=0, executionList=}</message>
  <nestedLevel>1</nestedLevel>
  <property name="proxyInformation">ProxyInformation{proxyOption=NO_PROXY, proxyServerType=HTTP, password=, proxyServerAddress=, proxyServerPort=0, executionList=}</property>
</record>
<record>
  <date>2020-04-08T16:33:25</date>
  <millis>1586338405303</millis>
  <sequence>208</sequence>
  <level>PASSED</level>
  <class>com.kms.katalon.core.logging.XmlKeywordLogger</class>
  <method>logMessage</method>
  <thread>1</thread>
  <message>Browser is opened with url: &amp;apos;https://www.worldometers.info/coronavirus/&amp;apos;</message>
  <nestedLevel>1</nestedLevel>
</record>
<record>
  <date>2020-04-08T16:33:25</date>
  <millis>1586338405305</millis>
  <sequence>209</sequence>
  <level>END</level>
  <class>com.kms.katalon.core.logging.XmlKeywordLogger</class>
  <method>endKeyword</method>
  <thread>1</thread>
  <message>End action : openBrowser(\&amp;quot;https://www.worldometers.info/coronavirus/\&amp;quot;)</message>
  <nestedLevel>1</nestedLevel>
</record>
<record>
  <date>2020-04-08T16:33:25</date>
  <millis>1586338405305</millis>
  <sequence>210</sequence>
  <level>START</level>
  <class>com.kms.katalon.core.logging.XmlKeywordLogger</class>
  <method>startKeyword</method>
  <thread>1</thread>
  <message>Start action : click(findTestObject(\&amp;quot;Object Repository/Covid-19 Object Repo/Page_Coronavirus Update (Live) 1204075 Case_106633/a_view by country\&amp;quot;))</message>
  <nestedLevel>1</nestedLevel>
  <property name="startLine">21</property>
  <property name="stepIndex">2</property>
</record>
<record>
  <date>2020-04-08T16:33:26</date>
  <millis>1586338406067</millis>
  <sequence>219</sequence>
  <level>PASSED</level>
  <class>com.kms.katalon.core.logging.XmlKeywordLogger</class>
  <method>logMessage</method>
  <thread>1</thread>
  <message>Object: &amp;apos;Object Repository/Covid-19 Object Repo/Page_Coronavirus Update (Live) 1204075 Case_106633/a_view by country&amp;apos; is clicked on</message>
  <nestedLevel>1</nestedLevel>
</record>
<record>
  <date>2020-04-08T16:33:26</date>
  <millis>1586338406070</millis>
  <sequence>220</sequence>
  <level>END</level>
  <class>com.kms.katalon.core.logging.XmlKeywordLogger</class>
  <method>endKeyword</method>
  <thread>1</thread>
  <message>End action : click(findTestObject(\&amp;quot;Object Repository/Covid-19 Object Repo/Page_Coronavirus Update (Live) 1204075 Case_106633/a_view by country\&amp;quot;))</message>
  <nestedLevel>1</nestedLevel>
</record>
<record>
  <date>2020-04-08T16:33:26</date>
  <millis>1586338406070</millis>
  <sequence>221</sequence>
  <level>START</level>
  <class>com.kms.katalon.core.logging.XmlKeywordLogger</class>
  <method>startKeyword</method>
  <thread>1</thread>
  <message>Start action : for ([rowNum = 1, rowNum &amp;lt;= findTestData(\&amp;quot;Covid-19/Country\&amp;quot;).getRowNumbers(), (rowNum++)])</message>
  <nestedLevel>1</nestedLevel>
  <property name="startLine">25</property>
  <property name="stepIndex">3</property>
</record>
<record>
  <date>2020-04-08T16:33:26</date>
  <millis>1586338406079</millis>
  <sequence>226</sequence>
  <level>START</level>
  <class>com.kms.katalon.core.logging.XmlKeywordLogger</class>
  <method>startKeyword</method>
  <thread>1</thread>
  <message>Start action : setText(findTestObject(\&amp;quot;Object Repository/Covid-19 Object Repo/Page_Coronavirus Update (Live) 1204075 Case_106633/input_Search_form-control input-sm\&amp;quot;), findTestData(\&amp;quot;Covid-19/Country\&amp;quot;).getValue(1, rowNum))</message>
  <nestedLevel>2</nestedLevel>
  <property name="startLine">27</property>
  <property name="stepIndex">1</property>
</record>
<record>
  <date>2020-04-08T16:33:34</date>
  <millis>1586338414763</millis>
  <sequence>246</sequence>
  <level>PASSED</level>
  <class>com.kms.katalon.core.logging.XmlKeywordLogger</class>
  <method>logMessage</method>
  <thread>1</thread>
  <message>Text &amp;apos;Thailand&amp;apos; is set on object &amp;apos;Object Repository/Covid-19 Object Repo/Page_Coronavirus Update (Live) 1204075 Case_106633/input_Search_form-control input-sm&amp;apos;</message>
  <nestedLevel>1</nestedLevel>
</record>
<record>
  <date>2020-04-08T16:33:34</date>
  <millis>1586338414765</millis>
  <sequence>247</sequence>
  <level>END</level>
  <class>com.kms.katalon.core.logging.XmlKeywordLogger</class>
  <method>endKeyword</method>
  <thread>1</thread>
  <message>End action : setText(findTestObject(\&amp;quot;Object Repository/Covid-19 Object Repo/Page_Coronavirus Update (Live) 1204075 Case_106633/input_Search_form-control input-sm\&amp;quot;), findTestData(\&amp;quot;Covid-19/Country\&amp;quot;).getValue(1, rowNum))</message>
  <nestedLevel>2</nestedLevel>
</record>
<record>
  <date>2020-04-08T16:33:34</date>
  <millis>1586338414766</millis>
  <sequence>248</sequence>
  <level>START</level>
  <class>com.kms.katalon.core.logging.XmlKeywordLogger</class>
  <method>startKeyword</method>
  <thread>1</thread>
  <message>Start action : getText(findTestObject(\&amp;quot;Covid-19 Object Repo/Page_Coronavirus Update (Live) 1204075 Case_106633/td_102\&amp;quot;))</message>
  <nestedLevel>2</nestedLevel>
  <property name="startLine">31</property>
  <property name="stepIndex">2</property>
  <property name="description">Get New Cases</property>
</record>
<record>
  <date>2020-04-08T16:33:35</date>
  <millis>1586338415274</millis>
  <sequence>257</sequence>
  <level>PASSED</level>
  <class>com.kms.katalon.core.logging.XmlKeywordLogger</class>
  <method>logMessage</method>
  <thread>1</thread>
  <message>Text of object &amp;apos;Object Repository/Covid-19 Object Repo/Page_Coronavirus Update (Live) 1204075 Case_106633/td_102&amp;apos; is: &amp;apos;+111&amp;apos;</message>
  <nestedLevel>1</nestedLevel>
</record>
<record>
  <date>2020-04-08T16:33:35</date>
  <millis>1586338415278</millis>
  <sequence>258</sequence>
  <level>END</level>
  <class>com.kms.katalon.core.logging.XmlKeywordLogger</class>
  <method>endKeyword</method>
  <thread>1</thread>
  <message>End action : getText(findTestObject(\&amp;quot;Covid-19 Object Repo/Page_Coronavirus Update (Live) 1204075 Case_106633/td_102\&amp;quot;))</message>
  <nestedLevel>2</nestedLevel>
</record>
<record>
  <date>2020-04-08T16:33:35</date>
  <millis>1586338415278</millis>
  <sequence>259</sequence>
  <level>START</level>
  <class>com.kms.katalon.core.logging.XmlKeywordLogger</class>
  <method>startKeyword</method>
  <thread>1</thread>
  <message>Start action : getText(findTestObject(\&amp;quot;Covid-19 Object Repo/Page_Coronavirus Update (Live) 1204075 Case_106633/td_3\&amp;quot;))</message>
  <nestedLevel>2</nestedLevel>
  <property name="startLine">34</property>
  <property name="stepIndex">3</property>
  <property name="description">Get New Deaths</property>
</record>
<record>
  <date>2020-04-08T16:33:35</date>
  <millis>1586338415796</millis>
  <sequence>268</sequence>
  <level>PASSED</level>
  <class>com.kms.katalon.core.logging.XmlKeywordLogger</class>
  <method>logMessage</method>
  <thread>1</thread>
  <message>Text of object &amp;apos;Object Repository/Covid-19 Object Repo/Page_Coronavirus Update (Live) 1204075 Case_106633/td_3&amp;apos; is: &amp;apos;+3&amp;apos;</message>
  <nestedLevel>1</nestedLevel>
</record>
<record>
  <date>2020-04-08T16:33:35</date>
  <millis>1586338415800</millis>
  <sequence>273</sequence>
  <level>END</level>
  <class>com.kms.katalon.core.logging.XmlKeywordLogger</class>
  <method>endKeyword</method>
  <thread>1</thread>
  <message>End action : getText(findTestObject(\&amp;quot;Covid-19 Object Repo/Page_Coronavirus Update (Live) 1204075 Case_106633/td_3\&amp;quot;))</message>
  <nestedLevel>2</nestedLevel>
</record>
<record>
  <date>2020-04-08T16:33:35</date>
  <millis>1586338415801</millis>
  <sequence>274</sequence>
  <level>START</level>
  <class>com.kms.katalon.core.logging.XmlKeywordLogger</class>
  <method>startKeyword</method>
  <thread>1</thread>
  <message>Start action : setText(findTestObject(\&amp;quot;Object Repository/Covid-19 Object Repo/Page_Coronavirus Update (Live) 1204075 Case_106633/input_Search_form-control input-sm\&amp;quot;), findTestData(\&amp;quot;Covid-19/Country\&amp;quot;).getValue(1, rowNum))</message>
  <nestedLevel>2</nestedLevel>
  <property name="startLine">27</property>
  <property name="stepIndex">1</property>
</record>
<record>
  <date>2020-04-08T16:33:37</date>
  <millis>1586338417286</millis>
  <sequence>294</sequence>
  <level>PASSED</level>
  <class>com.kms.katalon.core.logging.XmlKeywordLogger</class>
  <method>logMessage</method>
  <thread>1</thread>
  <message>Text &amp;apos;USA&amp;apos; is set on object &amp;apos;Object Repository/Covid-19 Object Repo/Page_Coronavirus Update (Live) 1204075 Case_106633/input_Search_form-control input-sm&amp;apos;</message>
  <nestedLevel>1</nestedLevel>
</record>
<record>
  <date>2020-04-08T16:33:37</date>
  <millis>1586338417287</millis>
  <sequence>295</sequence>
  <level>END</level>
  <class>com.kms.katalon.core.logging.XmlKeywordLogger</class>
  <method>endKeyword</method>
  <thread>1</thread>
  <message>End action : setText(findTestObject(\&amp;quot;Object Repository/Covid-19 Object Repo/Page_Coronavirus Update (Live) 1204075 Case_106633/input_Search_form-control input-sm\&amp;quot;), findTestData(\&amp;quot;Covid-19/Country\&amp;quot;).getValue(1, rowNum))</message>
  <nestedLevel>2</nestedLevel>
</record>
<record>
  <date>2020-04-08T16:33:37</date>
  <millis>1586338417287</millis>
  <sequence>296</sequence>
  <level>START</level>
  <class>com.kms.katalon.core.logging.XmlKeywordLogger</class>
  <method>startKeyword</method>
  <thread>1</thread>
  <message>Start action : getText(findTestObject(\&amp;quot;Covid-19 Object Repo/Page_Coronavirus Update (Live) 1204075 Case_106633/td_102\&amp;quot;))</message>
  <nestedLevel>2</nestedLevel>
  <property name="startLine">31</property>
  <property name="stepIndex">2</property>
  <property name="description">Get New Cases</property>
</record>
<record>
  <date>2020-04-08T16:33:37</date>
  <millis>1586338417794</millis>
  <sequence>305</sequence>
  <level>PASSED</level>
  <class>com.kms.katalon.core.logging.XmlKeywordLogger</class>
  <method>logMessage</method>
  <thread>1</thread>
  <message>Text of object &amp;apos;Object Repository/Covid-19 Object Repo/Page_Coronavirus Update (Live) 1204075 Case_106633/td_102&amp;apos; is: &amp;apos;+214&amp;apos;</message>
  <nestedLevel>1</nestedLevel>
</record>
<record>
  <date>2020-04-08T16:33:37</date>
  <millis>1586338417796</millis>
  <sequence>306</sequence>
  <level>END</level>
  <class>com.kms.katalon.core.logging.XmlKeywordLogger</class>
  <method>endKeyword</method>
  <thread>1</thread>
  <message>End action : getText(findTestObject(\&amp;quot;Covid-19 Object Repo/Page_Coronavirus Update (Live) 1204075 Case_106633/td_102\&amp;quot;))</message>
  <nestedLevel>2</nestedLevel>
</record>
<record>
  <date>2020-04-08T16:33:37</date>
  <millis>1586338417797</millis>
  <sequence>307</sequence>
  <level>START</level>
  <class>com.kms.katalon.core.logging.XmlKeywordLogger</class>
  <method>startKeyword</method>
  <thread>1</thread>
  <message>Start action : getText(findTestObject(\&amp;quot;Covid-19 Object Repo/Page_Coronavirus Update (Live) 1204075 Case_106633/td_3\&amp;quot;))</message>
  <nestedLevel>2</nestedLevel>
  <property name="startLine">34</property>
  <property name="stepIndex">3</property>
  <property name="description">Get New Deaths</property>
</record>
<record>
  <date>2020-04-08T16:33:38</date>
  <millis>1586338418286</millis>
  <sequence>316</sequence>
  <level>PASSED</level>
  <class>com.kms.katalon.core.logging.XmlKeywordLogger</class>
  <method>logMessage</method>
  <thread>1</thread>
  <message>Text of object &amp;apos;Object Repository/Covid-19 Object Repo/Page_Coronavirus Update (Live) 1204075 Case_106633/td_3&amp;apos; is: &amp;apos;+16&amp;apos;</message>
  <nestedLevel>1</nestedLevel>
</record>
<record>
  <date>2020-04-08T16:33:38</date>
  <millis>1586338418291</millis>
  <sequence>321</sequence>
  <level>END</level>
  <class>com.kms.katalon.core.logging.XmlKeywordLogger</class>
  <method>endKeyword</method>
  <thread>1</thread>
  <message>End action : getText(findTestObject(\&amp;quot;Covid-19 Object Repo/Page_Coronavirus Update (Live) 1204075 Case_106633/td_3\&amp;quot;))</message>
  <nestedLevel>2</nestedLevel>
</record>
<record>
  <date>2020-04-08T16:33:38</date>
  <millis>1586338418292</millis>
  <sequence>322</sequence>
  <level>START</level>
  <class>com.kms.katalon.core.logging.XmlKeywordLogger</class>
  <method>startKeyword</method>
  <thread>1</thread>
  <message>Start action : setText(findTestObject(\&amp;quot;Object Repository/Covid-19 Object Repo/Page_Coronavirus Update (Live) 1204075 Case_106633/input_Search_form-control input-sm\&amp;quot;), findTestData(\&amp;quot;Covid-19/Country\&amp;quot;).getValue(1, rowNum))</message>
  <nestedLevel>2</nestedLevel>
  <property name="startLine">27</property>
  <property name="stepIndex">1</property>
</record>
<record>
  <date>2020-04-08T16:33:39</date>
  <millis>1586338419737</millis>
  <sequence>342</sequence>
  <level>PASSED</level>
  <class>com.kms.katalon.core.logging.XmlKeywordLogger</class>
  <method>logMessage</method>
  <thread>1</thread>
  <message>Text &amp;apos;Spain&amp;apos; is set on object &amp;apos;Object Repository/Covid-19 Object Repo/Page_Coronavirus Update (Live) 1204075 Case_106633/input_Search_form-control input-sm&amp;apos;</message>
  <nestedLevel>1</nestedLevel>
</record>
<record>
  <date>2020-04-08T16:33:39</date>
  <millis>1586338419737</millis>
  <sequence>343</sequence>
  <level>END</level>
  <class>com.kms.katalon.core.logging.XmlKeywordLogger</class>
  <method>endKeyword</method>
  <thread>1</thread>
  <message>End action : setText(findTestObject(\&amp;quot;Object Repository/Covid-19 Object Repo/Page_Coronavirus Update (Live) 1204075 Case_106633/input_Search_form-control input-sm\&amp;quot;), findTestData(\&amp;quot;Covid-19/Country\&amp;quot;).getValue(1, rowNum))</message>
  <nestedLevel>2</nestedLevel>
</record>
<record>
  <date>2020-04-08T16:33:39</date>
  <millis>1586338419738</millis>
  <sequence>344</sequence>
  <level>START</level>
  <class>com.kms.katalon.core.logging.XmlKeywordLogger</class>
  <method>startKeyword</method>
  <thread>1</thread>
  <message>Start action : getText(findTestObject(\&amp;quot;Covid-19 Object Repo/Page_Coronavirus Update (Live) 1204075 Case_106633/td_102\&amp;quot;))</message>
  <nestedLevel>2</nestedLevel>
  <property name="startLine">31</property>
  <property name="stepIndex">2</property>
  <property name="description">Get New Cases</property>
</record>
<record>
  <date>2020-04-08T16:33:40</date>
  <millis>1586338420261</millis>
  <sequence>353</sequence>
  <level>PASSED</level>
  <class>com.kms.katalon.core.logging.XmlKeywordLogger</class>
  <method>logMessage</method>
  <thread>1</thread>
  <message>Text of object &amp;apos;Object Repository/Covid-19 Object Repo/Page_Coronavirus Update (Live) 1204075 Case_106633/td_102&amp;apos; is: &amp;apos;&amp;apos;</message>
  <nestedLevel>1</nestedLevel>
</record>
<record>
  <date>2020-04-08T16:33:40</date>
  <millis>1586338420262</millis>
  <sequence>354</sequence>
  <level>END</level>
  <class>com.kms.katalon.core.logging.XmlKeywordLogger</class>
  <method>endKeyword</method>
  <thread>1</thread>
  <message>End action : getText(findTestObject(\&amp;quot;Covid-19 Object Repo/Page_Coronavirus Update (Live) 1204075 Case_106633/td_102\&amp;quot;))</message>
  <nestedLevel>2</nestedLevel>
</record>
<record>
  <date>2020-04-08T16:33:40</date>
  <millis>1586338420264</millis>
  <sequence>355</sequence>
  <level>START</level>
  <class>com.kms.katalon.core.logging.XmlKeywordLogger</class>
  <method>startKeyword</method>
  <thread>1</thread>
  <message>Start action : getText(findTestObject(\&amp;quot;Covid-19 Object Repo/Page_Coronavirus Update (Live) 1204075 Case_106633/td_3\&amp;quot;))</message>
  <nestedLevel>2</nestedLevel>
  <property name="startLine">34</property>
  <property name="stepIndex">3</property>
  <property name="description">Get New Deaths</property>
</record>
<record>
  <date>2020-04-08T16:33:40</date>
  <millis>1586338420875</millis>
  <sequence>364</sequence>
  <level>PASSED</level>
  <class>com.kms.katalon.core.logging.XmlKeywordLogger</class>
  <method>logMessage</method>
  <thread>1</thread>
  <message>Text of object &amp;apos;Object Repository/Covid-19 Object Repo/Page_Coronavirus Update (Live) 1204075 Case_106633/td_3&amp;apos; is: &amp;apos;&amp;apos;</message>
  <nestedLevel>1</nestedLevel>
</record>
<record>
  <date>2020-04-08T16:33:40</date>
  <millis>1586338420880</millis>
  <sequence>369</sequence>
  <level>END</level>
  <class>com.kms.katalon.core.logging.XmlKeywordLogger</class>
  <method>endKeyword</method>
  <thread>1</thread>
  <message>End action : getText(findTestObject(\&amp;quot;Covid-19 Object Repo/Page_Coronavirus Update (Live) 1204075 Case_106633/td_3\&amp;quot;))</message>
  <nestedLevel>2</nestedLevel>
</record>
<record>
  <date>2020-04-08T16:33:40</date>
  <millis>1586338420881</millis>
  <sequence>370</sequence>
  <level>END</level>
  <class>com.kms.katalon.core.logging.XmlKeywordLogger</class>
  <method>endKeyword</method>
  <thread>1</thread>
  <message>End action : for ([rowNum = 1, rowNum &amp;lt;= findTestData(\&amp;quot;Covid-19/Country\&amp;quot;).getRowNumbers(), (rowNum++)])</message>
  <nestedLevel>1</nestedLevel>
</record>
<record>
  <date>2020-04-08T16:33:40</date>
  <millis>1586338420881</millis>
  <sequence>371</sequence>
  <level>START</level>
  <class>com.kms.katalon.core.logging.XmlKeywordLogger</class>
  <method>startKeyword</method>
  <thread>1</thread>
  <message>Start action : closeBrowser()</message>
  <nestedLevel>1</nestedLevel>
  <property name="startLine">37</property>
  <property name="stepIndex">4</property>
</record>
<record>
  <date>2020-04-08T16:33:41</date>
  <millis>1586338421246</millis>
  <sequence>373</sequence>
  <level>PASSED</level>
  <class>com.kms.katalon.core.logging.XmlKeywordLogger</class>
  <method>logMessage</method>
  <thread>1</thread>
  <message>Browser is closed</message>
  <nestedLevel>1</nestedLevel>
</record>
<record>
  <date>2020-04-08T16:33:41</date>
  <millis>1586338421246</millis>
  <sequence>374</sequence>
  <level>END</level>
  <class>com.kms.katalon.core.logging.XmlKeywordLogger</class>
  <method>endKeyword</method>
  <thread>1</thread>
  <message>End action : closeBrowser()</message>
  <nestedLevel>1</nestedLevel>
</record>
<record>
  <date>2020-04-08T16:33:41</date>
  <millis>1586338421247</millis>
  <sequence>375</sequence>
  <level>PASSED</level>
  <class>com.kms.katalon.core.logging.XmlKeywordLogger</class>
  <method>logMessage</method>
  <thread>1</thread>
  <message>Test Cases/Log in/Covid-19</message>
  <nestedLevel>1</nestedLevel>
</record>
<record>
  <date>2020-04-08T16:33:41</date>
  <millis>1586338421247</millis>
  <sequence>376</sequence>
  <level>END</level>
  <class>com.kms.katalon.core.logging.XmlKeywordLogger</class>
  <method>endTest</method>
  <thread>1</thread>
  <message>End Test Case : Test Cases/Log in/Covid-19</message>
  <nestedLevel>0</nestedLevel>
</record>
<record>
  <date>2020-04-08T16:33:41</date>
  <millis>1586338421248</millis>
  <sequence>377</sequence>
  <level>INFO</level>
  <class>com.kms.katalon.core.logging.XmlKeywordLogger</class>
  <method>logMessage</method>
  <thread>1</thread>
  <message>=================== Smart XPath Report =======================</message>
  <nestedLevel>0</nestedLevel>
</record>
<record>
  <date>2020-04-08T16:33:41</date>
  <millis>1586338421249</millis>
  <sequence>378</sequence>
  <level>INFO</level>
  <class>com.kms.katalon.core.logging.XmlKeywordLogger</class>
  <method>logMessage</method>
  <thread>1</thread>
  <message>Refer to the link below to preview and approve auto healing on broken test objects.</message>
  <nestedLevel>0</nestedLevel>
</record>
<record>
  <date>2020-04-08T16:33:41</date>
  <millis>1586338421249</millis>
  <sequence>379</sequence>
  <level>INFO</level>
  <class>com.kms.katalon.core.logging.XmlKeywordLogger</class>
  <method>logMessage</method>
  <thread>1</thread>
  <message>https://docs.katalon.com/katalon-studio/docs/auto-healing-smart-xpath.html</message>
  <nestedLevel>0</nestedLevel>
</record>
<record>
  <date>2020-04-08T16:33:41</date>
  <millis>1586338421250</millis>
  <sequence>380</sequence>
  <level>INFO</level>
  <class>com.kms.katalon.core.logging.XmlKeywordLogger</class>
  <method>logMessage</method>
  <thread>1</thread>
  <message>===============================================================</message>
  <nestedLevel>0</nestedLevel>
</record>
<record>
  <date>2020-04-08T16:33:41</date>
  <millis>1586338421271</millis>
  <sequence>381</sequence>
  <level>START</level>
  <class>com.kms.katalon.core.logging.XmlKeywordLogger</class>
  <method>startTest</method>
  <thread>1</thread>
  <message>Start Test Case : Test Cases/Log in/Covid-19</message>
  <nestedLevel>1</nestedLevel>
  <property name="name">Test Cases/Log in/Covid-19</property>
  <property name="description"></property>
  <property name="id">Test Cases/Log in/Covid-19</property>
  <property name="source">\\Users\\thaveephongt\\Katalon Studio\\Be Demo\\Test Cases\\Log in\\Covid-19.tc</property>
  <property name="tag"></property>
  <property name="isOptional">false</property>
</record>
<record>
  <date>2020-04-08T16:33:41</date>
  <millis>1586338421294</millis>
  <sequence>383</sequence>
  <level>INFO</level>
  <class>com.kms.katalon.core.logging.XmlKeywordLogger</class>
  <method>logMessage</method>
  <thread>1</thread>
  <message>Country = Spain</message>
  <nestedLevel>1</nestedLevel>
</record>
<record>
  <date>2020-04-08T16:33:41</date>
  <millis>1586338421297</millis>
  <sequence>384</sequence>
  <level>START</level>
  <class>com.kms.katalon.core.logging.XmlKeywordLogger</class>
  <method>startKeyword</method>
  <thread>1</thread>
  <message>Start action : openBrowser(\&amp;quot;https://www.worldometers.info/coronavirus/\&amp;quot;)</message>
  <nestedLevel>1</nestedLevel>
  <property name="startLine">19</property>
  <property name="stepIndex">1</property>
</record>
<record>
  <date>2020-04-08T16:33:41</date>
  <millis>1586338421313</millis>
  <sequence>386</sequence>
  <level>INFO</level>
  <class>com.kms.katalon.core.logging.XmlKeywordLogger</class>
  <method>logMessage</method>
  <thread>1</thread>
  <message>Starting &amp;apos;Chrome&amp;apos; driver</message>
  <nestedLevel>1</nestedLevel>
</record>
<record>
  <date>2020-04-08T16:33:41</date>
  <millis>1586338421316</millis>
  <sequence>388</sequence>
  <level>INFO</level>
  <class>com.kms.katalon.core.logging.XmlKeywordLogger</class>
  <method>logMessage</method>
  <thread>1</thread>
  <message>Action delay is set to 0 milliseconds</message>
  <nestedLevel>1</nestedLevel>
</record>
<record>
  <date>2020-04-08T16:33:43</date>
  <millis>1586338423486</millis>
  <sequence>390</sequence>
  <level>RUN_DATA</level>
  <class>com.kms.katalon.core.logging.XmlKeywordLogger</class>
  <method>logMessage</method>
  <thread>1</thread>
  <message>sessionId = 867ee1093c5a6c781b86590edf328dce</message>
  <nestedLevel>1</nestedLevel>
  <property name="sessionId">867ee1093c5a6c781b86590edf328dce</property>
</record>
<record>
  <date>2020-04-08T16:33:43</date>
  <millis>1586338423517</millis>
  <sequence>391</sequence>
  <level>RUN_DATA</level>
  <class>com.kms.katalon.core.logging.XmlKeywordLogger</class>
  <method>logMessage</method>
  <thread>1</thread>
  <message>browser = Chrome 80.0.3987.163</message>
  <nestedLevel>1</nestedLevel>
  <property name="browser">Chrome 80.0.3987.163</property>
</record>
<record>
  <date>2020-04-08T16:33:43</date>
  <millis>1586338423518</millis>
  <sequence>392</sequence>
  <level>RUN_DATA</level>
  <class>com.kms.katalon.core.logging.XmlKeywordLogger</class>
  <method>logMessage</method>
  <thread>1</thread>
  <message>platform = Mac OS X</message>
  <nestedLevel>1</nestedLevel>
  <property name="platform">Mac OS X</property>
</record>
<record>
  <date>2020-04-08T16:33:43</date>
  <millis>1586338423518</millis>
  <sequence>393</sequence>
  <level>RUN_DATA</level>
  <class>com.kms.katalon.core.logging.XmlKeywordLogger</class>
  <method>logMessage</method>
  <thread>1</thread>
  <message>seleniumVersion = 3.141.59</message>
  <nestedLevel>1</nestedLevel>
  <property name="seleniumVersion">3.141.59</property>
</record>
<record>
  <date>2020-04-08T16:33:43</date>
  <millis>1586338423520</millis>
  <sequence>394</sequence>
  <level>RUN_DATA</level>
  <class>com.kms.katalon.core.logging.XmlKeywordLogger</class>
  <method>logMessage</method>
  <thread>1</thread>
  <message>proxyInformation = ProxyInformation{proxyOption=NO_PROXY, proxyServerType=HTTP, password=, proxyServerAddress=, proxyServerPort=0, executionList=}</message>
  <nestedLevel>1</nestedLevel>
  <property name="proxyInformation">ProxyInformation{proxyOption=NO_PROXY, proxyServerType=HTTP, password=, proxyServerAddress=, proxyServerPort=0, executionList=}</property>
</record>
<record>
  <date>2020-04-08T16:34:00</date>
  <millis>1586338440414</millis>
  <sequence>396</sequence>
  <level>PASSED</level>
  <class>com.kms.katalon.core.logging.XmlKeywordLogger</class>
  <method>logMessage</method>
  <thread>1</thread>
  <message>Browser is opened with url: &amp;apos;https://www.worldometers.info/coronavirus/&amp;apos;</message>
  <nestedLevel>1</nestedLevel>
</record>
<record>
  <date>2020-04-08T16:34:00</date>
  <millis>1586338440415</millis>
  <sequence>397</sequence>
  <level>END</level>
  <class>com.kms.katalon.core.logging.XmlKeywordLogger</class>
  <method>endKeyword</method>
  <thread>1</thread>
  <message>End action : openBrowser(\&amp;quot;https://www.worldometers.info/coronavirus/\&amp;quot;)</message>
  <nestedLevel>1</nestedLevel>
</record>
<record>
  <date>2020-04-08T16:34:00</date>
  <millis>1586338440415</millis>
  <sequence>398</sequence>
  <level>START</level>
  <class>com.kms.katalon.core.logging.XmlKeywordLogger</class>
  <method>startKeyword</method>
  <thread>1</thread>
  <message>Start action : click(findTestObject(\&amp;quot;Object Repository/Covid-19 Object Repo/Page_Coronavirus Update (Live) 1204075 Case_106633/a_view by country\&amp;quot;))</message>
  <nestedLevel>1</nestedLevel>
  <property name="startLine">21</property>
  <property name="stepIndex">2</property>
</record>
<record>
  <date>2020-04-08T16:34:16</date>
  <millis>1586338456208</millis>
  <sequence>407</sequence>
  <level>PASSED</level>
  <class>com.kms.katalon.core.logging.XmlKeywordLogger</class>
  <method>logMessage</method>
  <thread>1</thread>
  <message>Object: &amp;apos;Object Repository/Covid-19 Object Repo/Page_Coronavirus Update (Live) 1204075 Case_106633/a_view by country&amp;apos; is clicked on</message>
  <nestedLevel>1</nestedLevel>
</record>
<record>
  <date>2020-04-08T16:34:16</date>
  <millis>1586338456210</millis>
  <sequence>408</sequence>
  <level>END</level>
  <class>com.kms.katalon.core.logging.XmlKeywordLogger</class>
  <method>endKeyword</method>
  <thread>1</thread>
  <message>End action : click(findTestObject(\&amp;quot;Object Repository/Covid-19 Object Repo/Page_Coronavirus Update (Live) 1204075 Case_106633/a_view by country\&amp;quot;))</message>
  <nestedLevel>1</nestedLevel>
</record>
<record>
  <date>2020-04-08T16:34:16</date>
  <millis>1586338456211</millis>
  <sequence>409</sequence>
  <level>START</level>
  <class>com.kms.katalon.core.logging.XmlKeywordLogger</class>
  <method>startKeyword</method>
  <thread>1</thread>
  <message>Start action : for ([rowNum = 1, rowNum &amp;lt;= findTestData(\&amp;quot;Covid-19/Country\&amp;quot;).getRowNumbers(), (rowNum++)])</message>
  <nestedLevel>1</nestedLevel>
  <property name="startLine">25</property>
  <property name="stepIndex">3</property>
</record>
<record>
  <date>2020-04-08T16:34:16</date>
  <millis>1586338456219</millis>
  <sequence>414</sequence>
  <level>START</level>
  <class>com.kms.katalon.core.logging.XmlKeywordLogger</class>
  <method>startKeyword</method>
  <thread>1</thread>
  <message>Start action : setText(findTestObject(\&amp;quot;Object Repository/Covid-19 Object Repo/Page_Coronavirus Update (Live) 1204075 Case_106633/input_Search_form-control input-sm\&amp;quot;), findTestData(\&amp;quot;Covid-19/Country\&amp;quot;).getValue(1, rowNum))</message>
  <nestedLevel>2</nestedLevel>
  <property name="startLine">27</property>
  <property name="stepIndex">1</property>
</record>
<record>
  <date>2020-04-08T16:34:20</date>
  <millis>1586338460554</millis>
  <sequence>434</sequence>
  <level>PASSED</level>
  <class>com.kms.katalon.core.logging.XmlKeywordLogger</class>
  <method>logMessage</method>
  <thread>1</thread>
  <message>Text &amp;apos;Thailand&amp;apos; is set on object &amp;apos;Object Repository/Covid-19 Object Repo/Page_Coronavirus Update (Live) 1204075 Case_106633/input_Search_form-control input-sm&amp;apos;</message>
  <nestedLevel>1</nestedLevel>
</record>
<record>
  <date>2020-04-08T16:34:20</date>
  <millis>1586338460556</millis>
  <sequence>435</sequence>
  <level>END</level>
  <class>com.kms.katalon.core.logging.XmlKeywordLogger</class>
  <method>endKeyword</method>
  <thread>1</thread>
  <message>End action : setText(findTestObject(\&amp;quot;Object Repository/Covid-19 Object Repo/Page_Coronavirus Update (Live) 1204075 Case_106633/input_Search_form-control input-sm\&amp;quot;), findTestData(\&amp;quot;Covid-19/Country\&amp;quot;).getValue(1, rowNum))</message>
  <nestedLevel>2</nestedLevel>
</record>
<record>
  <date>2020-04-08T16:34:20</date>
  <millis>1586338460556</millis>
  <sequence>436</sequence>
  <level>START</level>
  <class>com.kms.katalon.core.logging.XmlKeywordLogger</class>
  <method>startKeyword</method>
  <thread>1</thread>
  <message>Start action : getText(findTestObject(\&amp;quot;Covid-19 Object Repo/Page_Coronavirus Update (Live) 1204075 Case_106633/td_102\&amp;quot;))</message>
  <nestedLevel>2</nestedLevel>
  <property name="startLine">31</property>
  <property name="stepIndex">2</property>
  <property name="description">Get New Cases</property>
</record>
<record>
  <date>2020-04-08T16:34:22</date>
  <millis>1586338462963</millis>
  <sequence>445</sequence>
  <level>PASSED</level>
  <class>com.kms.katalon.core.logging.XmlKeywordLogger</class>
  <method>logMessage</method>
  <thread>1</thread>
  <message>Text of object &amp;apos;Object Repository/Covid-19 Object Repo/Page_Coronavirus Update (Live) 1204075 Case_106633/td_102&amp;apos; is: &amp;apos;+111&amp;apos;</message>
  <nestedLevel>1</nestedLevel>
</record>
<record>
  <date>2020-04-08T16:34:22</date>
  <millis>1586338462964</millis>
  <sequence>446</sequence>
  <level>END</level>
  <class>com.kms.katalon.core.logging.XmlKeywordLogger</class>
  <method>endKeyword</method>
  <thread>1</thread>
  <message>End action : getText(findTestObject(\&amp;quot;Covid-19 Object Repo/Page_Coronavirus Update (Live) 1204075 Case_106633/td_102\&amp;quot;))</message>
  <nestedLevel>2</nestedLevel>
</record>
<record>
  <date>2020-04-08T16:34:22</date>
  <millis>1586338462964</millis>
  <sequence>447</sequence>
  <level>START</level>
  <class>com.kms.katalon.core.logging.XmlKeywordLogger</class>
  <method>startKeyword</method>
  <thread>1</thread>
  <message>Start action : getText(findTestObject(\&amp;quot;Covid-19 Object Repo/Page_Coronavirus Update (Live) 1204075 Case_106633/td_3\&amp;quot;))</message>
  <nestedLevel>2</nestedLevel>
  <property name="startLine">34</property>
  <property name="stepIndex">3</property>
  <property name="description">Get New Deaths</property>
</record>
<record>
  <date>2020-04-08T16:34:24</date>
  <millis>1586338464837</millis>
  <sequence>456</sequence>
  <level>PASSED</level>
  <class>com.kms.katalon.core.logging.XmlKeywordLogger</class>
  <method>logMessage</method>
  <thread>1</thread>
  <message>Text of object &amp;apos;Object Repository/Covid-19 Object Repo/Page_Coronavirus Update (Live) 1204075 Case_106633/td_3&amp;apos; is: &amp;apos;+3&amp;apos;</message>
  <nestedLevel>1</nestedLevel>
</record>
<record>
  <date>2020-04-08T16:34:24</date>
  <millis>1586338464841</millis>
  <sequence>461</sequence>
  <level>END</level>
  <class>com.kms.katalon.core.logging.XmlKeywordLogger</class>
  <method>endKeyword</method>
  <thread>1</thread>
  <message>End action : getText(findTestObject(\&amp;quot;Covid-19 Object Repo/Page_Coronavirus Update (Live) 1204075 Case_106633/td_3\&amp;quot;))</message>
  <nestedLevel>2</nestedLevel>
</record>
<record>
  <date>2020-04-08T16:34:24</date>
  <millis>1586338464842</millis>
  <sequence>462</sequence>
  <level>START</level>
  <class>com.kms.katalon.core.logging.XmlKeywordLogger</class>
  <method>startKeyword</method>
  <thread>1</thread>
  <message>Start action : setText(findTestObject(\&amp;quot;Object Repository/Covid-19 Object Repo/Page_Coronavirus Update (Live) 1204075 Case_106633/input_Search_form-control input-sm\&amp;quot;), findTestData(\&amp;quot;Covid-19/Country\&amp;quot;).getValue(1, rowNum))</message>
  <nestedLevel>2</nestedLevel>
  <property name="startLine">27</property>
  <property name="stepIndex">1</property>
</record>
<record>
  <date>2020-04-08T16:34:29</date>
  <millis>1586338469280</millis>
  <sequence>482</sequence>
  <level>PASSED</level>
  <class>com.kms.katalon.core.logging.XmlKeywordLogger</class>
  <method>logMessage</method>
  <thread>1</thread>
  <message>Text &amp;apos;USA&amp;apos; is set on object &amp;apos;Object Repository/Covid-19 Object Repo/Page_Coronavirus Update (Live) 1204075 Case_106633/input_Search_form-control input-sm&amp;apos;</message>
  <nestedLevel>1</nestedLevel>
</record>
<record>
  <date>2020-04-08T16:34:29</date>
  <millis>1586338469282</millis>
  <sequence>483</sequence>
  <level>END</level>
  <class>com.kms.katalon.core.logging.XmlKeywordLogger</class>
  <method>endKeyword</method>
  <thread>1</thread>
  <message>End action : setText(findTestObject(\&amp;quot;Object Repository/Covid-19 Object Repo/Page_Coronavirus Update (Live) 1204075 Case_106633/input_Search_form-control input-sm\&amp;quot;), findTestData(\&amp;quot;Covid-19/Country\&amp;quot;).getValue(1, rowNum))</message>
  <nestedLevel>2</nestedLevel>
</record>
<record>
  <date>2020-04-08T16:34:29</date>
  <millis>1586338469283</millis>
  <sequence>484</sequence>
  <level>START</level>
  <class>com.kms.katalon.core.logging.XmlKeywordLogger</class>
  <method>startKeyword</method>
  <thread>1</thread>
  <message>Start action : getText(findTestObject(\&amp;quot;Covid-19 Object Repo/Page_Coronavirus Update (Live) 1204075 Case_106633/td_102\&amp;quot;))</message>
  <nestedLevel>2</nestedLevel>
  <property name="startLine">31</property>
  <property name="stepIndex">2</property>
  <property name="description">Get New Cases</property>
</record>
<record>
  <date>2020-04-08T16:34:30</date>
  <millis>1586338470868</millis>
  <sequence>493</sequence>
  <level>PASSED</level>
  <class>com.kms.katalon.core.logging.XmlKeywordLogger</class>
  <method>logMessage</method>
  <thread>1</thread>
  <message>Text of object &amp;apos;Object Repository/Covid-19 Object Repo/Page_Coronavirus Update (Live) 1204075 Case_106633/td_102&amp;apos; is: &amp;apos;+214&amp;apos;</message>
  <nestedLevel>1</nestedLevel>
</record>
<record>
  <date>2020-04-08T16:34:30</date>
  <millis>1586338470868</millis>
  <sequence>494</sequence>
  <level>END</level>
  <class>com.kms.katalon.core.logging.XmlKeywordLogger</class>
  <method>endKeyword</method>
  <thread>1</thread>
  <message>End action : getText(findTestObject(\&amp;quot;Covid-19 Object Repo/Page_Coronavirus Update (Live) 1204075 Case_106633/td_102\&amp;quot;))</message>
  <nestedLevel>2</nestedLevel>
</record>
<record>
  <date>2020-04-08T16:34:30</date>
  <millis>1586338470869</millis>
  <sequence>495</sequence>
  <level>START</level>
  <class>com.kms.katalon.core.logging.XmlKeywordLogger</class>
  <method>startKeyword</method>
  <thread>1</thread>
  <message>Start action : getText(findTestObject(\&amp;quot;Covid-19 Object Repo/Page_Coronavirus Update (Live) 1204075 Case_106633/td_3\&amp;quot;))</message>
  <nestedLevel>2</nestedLevel>
  <property name="startLine">34</property>
  <property name="stepIndex">3</property>
  <property name="description">Get New Deaths</property>
</record>
<record>
  <date>2020-04-08T16:34:33</date>
  <millis>1586338473027</millis>
  <sequence>504</sequence>
  <level>PASSED</level>
  <class>com.kms.katalon.core.logging.XmlKeywordLogger</class>
  <method>logMessage</method>
  <thread>1</thread>
  <message>Text of object &amp;apos;Object Repository/Covid-19 Object Repo/Page_Coronavirus Update (Live) 1204075 Case_106633/td_3&amp;apos; is: &amp;apos;+16&amp;apos;</message>
  <nestedLevel>1</nestedLevel>
</record>
<record>
  <date>2020-04-08T16:34:33</date>
  <millis>1586338473030</millis>
  <sequence>509</sequence>
  <level>END</level>
  <class>com.kms.katalon.core.logging.XmlKeywordLogger</class>
  <method>endKeyword</method>
  <thread>1</thread>
  <message>End action : getText(findTestObject(\&amp;quot;Covid-19 Object Repo/Page_Coronavirus Update (Live) 1204075 Case_106633/td_3\&amp;quot;))</message>
  <nestedLevel>2</nestedLevel>
</record>
<record>
  <date>2020-04-08T16:34:33</date>
  <millis>1586338473030</millis>
  <sequence>510</sequence>
  <level>START</level>
  <class>com.kms.katalon.core.logging.XmlKeywordLogger</class>
  <method>startKeyword</method>
  <thread>1</thread>
  <message>Start action : setText(findTestObject(\&amp;quot;Object Repository/Covid-19 Object Repo/Page_Coronavirus Update (Live) 1204075 Case_106633/input_Search_form-control input-sm\&amp;quot;), findTestData(\&amp;quot;Covid-19/Country\&amp;quot;).getValue(1, rowNum))</message>
  <nestedLevel>2</nestedLevel>
  <property name="startLine">27</property>
  <property name="stepIndex">1</property>
</record>
<record>
  <date>2020-04-08T16:34:37</date>
  <millis>1586338477274</millis>
  <sequence>530</sequence>
  <level>PASSED</level>
  <class>com.kms.katalon.core.logging.XmlKeywordLogger</class>
  <method>logMessage</method>
  <thread>1</thread>
  <message>Text &amp;apos;Spain&amp;apos; is set on object &amp;apos;Object Repository/Covid-19 Object Repo/Page_Coronavirus Update (Live) 1204075 Case_106633/input_Search_form-control input-sm&amp;apos;</message>
  <nestedLevel>1</nestedLevel>
</record>
<record>
  <date>2020-04-08T16:34:37</date>
  <millis>1586338477275</millis>
  <sequence>531</sequence>
  <level>END</level>
  <class>com.kms.katalon.core.logging.XmlKeywordLogger</class>
  <method>endKeyword</method>
  <thread>1</thread>
  <message>End action : setText(findTestObject(\&amp;quot;Object Repository/Covid-19 Object Repo/Page_Coronavirus Update (Live) 1204075 Case_106633/input_Search_form-control input-sm\&amp;quot;), findTestData(\&amp;quot;Covid-19/Country\&amp;quot;).getValue(1, rowNum))</message>
  <nestedLevel>2</nestedLevel>
</record>
<record>
  <date>2020-04-08T16:34:37</date>
  <millis>1586338477275</millis>
  <sequence>532</sequence>
  <level>START</level>
  <class>com.kms.katalon.core.logging.XmlKeywordLogger</class>
  <method>startKeyword</method>
  <thread>1</thread>
  <message>Start action : getText(findTestObject(\&amp;quot;Covid-19 Object Repo/Page_Coronavirus Update (Live) 1204075 Case_106633/td_102\&amp;quot;))</message>
  <nestedLevel>2</nestedLevel>
  <property name="startLine">31</property>
  <property name="stepIndex">2</property>
  <property name="description">Get New Cases</property>
</record>
<record>
  <date>2020-04-08T16:34:38</date>
  <millis>1586338478983</millis>
  <sequence>541</sequence>
  <level>PASSED</level>
  <class>com.kms.katalon.core.logging.XmlKeywordLogger</class>
  <method>logMessage</method>
  <thread>1</thread>
  <message>Text of object &amp;apos;Object Repository/Covid-19 Object Repo/Page_Coronavirus Update (Live) 1204075 Case_106633/td_102&amp;apos; is: &amp;apos;&amp;apos;</message>
  <nestedLevel>1</nestedLevel>
</record>
<record>
  <date>2020-04-08T16:34:38</date>
  <millis>1586338478984</millis>
  <sequence>542</sequence>
  <level>END</level>
  <class>com.kms.katalon.core.logging.XmlKeywordLogger</class>
  <method>endKeyword</method>
  <thread>1</thread>
  <message>End action : getText(findTestObject(\&amp;quot;Covid-19 Object Repo/Page_Coronavirus Update (Live) 1204075 Case_106633/td_102\&amp;quot;))</message>
  <nestedLevel>2</nestedLevel>
</record>
<record>
  <date>2020-04-08T16:34:38</date>
  <millis>1586338478984</millis>
  <sequence>543</sequence>
  <level>START</level>
  <class>com.kms.katalon.core.logging.XmlKeywordLogger</class>
  <method>startKeyword</method>
  <thread>1</thread>
  <message>Start action : getText(findTestObject(\&amp;quot;Covid-19 Object Repo/Page_Coronavirus Update (Live) 1204075 Case_106633/td_3\&amp;quot;))</message>
  <nestedLevel>2</nestedLevel>
  <property name="startLine">34</property>
  <property name="stepIndex">3</property>
  <property name="description">Get New Deaths</property>
</record>
<record>
  <date>2020-04-08T16:34:41</date>
  <millis>1586338481089</millis>
  <sequence>552</sequence>
  <level>PASSED</level>
  <class>com.kms.katalon.core.logging.XmlKeywordLogger</class>
  <method>logMessage</method>
  <thread>1</thread>
  <message>Text of object &amp;apos;Object Repository/Covid-19 Object Repo/Page_Coronavirus Update (Live) 1204075 Case_106633/td_3&amp;apos; is: &amp;apos;&amp;apos;</message>
  <nestedLevel>1</nestedLevel>
</record>
<record>
  <date>2020-04-08T16:34:41</date>
  <millis>1586338481093</millis>
  <sequence>557</sequence>
  <level>END</level>
  <class>com.kms.katalon.core.logging.XmlKeywordLogger</class>
  <method>endKeyword</method>
  <thread>1</thread>
  <message>End action : getText(findTestObject(\&amp;quot;Covid-19 Object Repo/Page_Coronavirus Update (Live) 1204075 Case_106633/td_3\&amp;quot;))</message>
  <nestedLevel>2</nestedLevel>
</record>
<record>
  <date>2020-04-08T16:34:41</date>
  <millis>1586338481093</millis>
  <sequence>558</sequence>
  <level>END</level>
  <class>com.kms.katalon.core.logging.XmlKeywordLogger</class>
  <method>endKeyword</method>
  <thread>1</thread>
  <message>End action : for ([rowNum = 1, rowNum &amp;lt;= findTestData(\&amp;quot;Covid-19/Country\&amp;quot;).getRowNumbers(), (rowNum++)])</message>
  <nestedLevel>1</nestedLevel>
</record>
<record>
  <date>2020-04-08T16:34:41</date>
  <millis>1586338481094</millis>
  <sequence>559</sequence>
  <level>START</level>
  <class>com.kms.katalon.core.logging.XmlKeywordLogger</class>
  <method>startKeyword</method>
  <thread>1</thread>
  <message>Start action : closeBrowser()</message>
  <nestedLevel>1</nestedLevel>
  <property name="startLine">37</property>
  <property name="stepIndex">4</property>
</record>
<record>
  <date>2020-04-08T16:34:41</date>
  <millis>1586338481468</millis>
  <sequence>561</sequence>
  <level>PASSED</level>
  <class>com.kms.katalon.core.logging.XmlKeywordLogger</class>
  <method>logMessage</method>
  <thread>1</thread>
  <message>Browser is closed</message>
  <nestedLevel>1</nestedLevel>
</record>
<record>
  <date>2020-04-08T16:34:41</date>
  <millis>1586338481469</millis>
  <sequence>562</sequence>
  <level>END</level>
  <class>com.kms.katalon.core.logging.XmlKeywordLogger</class>
  <method>endKeyword</method>
  <thread>1</thread>
  <message>End action : closeBrowser()</message>
  <nestedLevel>1</nestedLevel>
</record>
<record>
  <date>2020-04-08T16:34:41</date>
  <millis>1586338481469</millis>
  <sequence>563</sequence>
  <level>PASSED</level>
  <class>com.kms.katalon.core.logging.XmlKeywordLogger</class>
  <method>logMessage</method>
  <thread>1</thread>
  <message>Test Cases/Log in/Covid-19</message>
  <nestedLevel>1</nestedLevel>
</record>
<record>
  <date>2020-04-08T16:34:41</date>
  <millis>1586338481470</millis>
  <sequence>564</sequence>
  <level>END</level>
  <class>com.kms.katalon.core.logging.XmlKeywordLogger</class>
  <method>endTest</method>
  <thread>1</thread>
  <message>End Test Case : Test Cases/Log in/Covid-19</message>
  <nestedLevel>0</nestedLevel>
</record>
<record>
  <date>2020-04-08T16:34:41</date>
  <millis>1586338481472</millis>
  <sequence>565</sequence>
  <level>INFO</level>
  <class>com.kms.katalon.core.logging.XmlKeywordLogger</class>
  <method>logMessage</method>
  <thread>1</thread>
  <message>=================== Smart XPath Report =======================</message>
  <nestedLevel>0</nestedLevel>
</record>
<record>
  <date>2020-04-08T16:34:41</date>
  <millis>1586338481476</millis>
  <sequence>566</sequence>
  <level>INFO</level>
  <class>com.kms.katalon.core.logging.XmlKeywordLogger</class>
  <method>logMessage</method>
  <thread>1</thread>
  <message>Refer to the link below to preview and approve auto healing on broken test objects.</message>
  <nestedLevel>0</nestedLevel>
</record>
<record>
  <date>2020-04-08T16:34:41</date>
  <millis>1586338481477</millis>
  <sequence>567</sequence>
  <level>INFO</level>
  <class>com.kms.katalon.core.logging.XmlKeywordLogger</class>
  <method>logMessage</method>
  <thread>1</thread>
  <message>https://docs.katalon.com/katalon-studio/docs/auto-healing-smart-xpath.html</message>
  <nestedLevel>0</nestedLevel>
</record>
<record>
  <date>2020-04-08T16:34:41</date>
  <millis>1586338481478</millis>
  <sequence>568</sequence>
  <level>INFO</level>
  <class>com.kms.katalon.core.logging.XmlKeywordLogger</class>
  <method>logMessage</method>
  <thread>1</thread>
  <message>===============================================================</message>
  <nestedLevel>0</nestedLevel>
</record>
<record>
  <date>2020-04-08T16:34:41</date>
  <millis>1586338481478</millis>
  <sequence>569</sequence>
  <level>START</level>
  <class>com.kms.katalon.core.logging.XmlKeywordLogger</class>
  <method>startKeyword</method>
  <thread>1</thread>
  <message>Start listener action : exportKatalonReports</message>
  <nestedLevel>0</nestedLevel>
</record>
<record>
  <date>2020-04-08T16:34:41</date>
  <millis>1586338481903</millis>
  <sequence>901</sequence>
  <level>INFO</level>
  <class>com.kms.katalon.core.logging.XmlKeywordLogger</class>
  <method>logMessage</method>
  <thread>1</thread>
  <message>Start generating HTML report folder at: /Users/thaveephongt/Katalon Studio/Be Demo/Reports/20200408_163206/Covid-19/20200408_163206...</message>
  <nestedLevel>0</nestedLevel>
</record>
<record>
  <date>2020-04-08T16:34:41</date>
  <millis>1586338481931</millis>
  <sequence>902</sequence>
  <level>INFO</level>
  <class>com.kms.katalon.core.logging.XmlKeywordLogger</class>
  <method>logMessage</method>
  <thread>1</thread>
  <message>HTML report generated</message>
  <nestedLevel>0</nestedLevel>
</record>
<record>
  <date>2020-04-08T16:34:41</date>
  <millis>1586338481933</millis>
  <sequence>903</sequence>
  <level>INFO</level>
  <class>com.kms.katalon.core.logging.XmlKeywordLogger</class>
  <method>logMessage</method>
  <thread>1</thread>
  <message>Start generating CSV report folder at: /Users/thaveephongt/Katalon Studio/Be Demo/Reports/20200408_163206/Covid-19/20200408_163206...</message>
  <nestedLevel>0</nestedLevel>
</record>
<record>
  <date>2020-04-08T16:34:41</date>
  <millis>1586338481957</millis>
  <sequence>904</sequence>
  <level>INFO</level>
  <class>com.kms.katalon.core.logging.XmlKeywordLogger</class>
  <method>logMessage</method>
  <thread>1</thread>
  <message>CSV report generated</message>
  <nestedLevel>0</nestedLevel>
</record>
<record>
  <date>2020-04-08T16:34:41</date>
  <millis>1586338481958</millis>
  <sequence>906</sequence>
  <level>END</level>
  <class>com.kms.katalon.core.logging.XmlKeywordLogger</class>
  <method>endKeyword</method>
  <thread>1</thread>
  <message>End listener action : exportKatalonReports</message>
  <nestedLevel>0</nestedLevel>
</record>
<record>
  <date>2020-04-08T16:34:42</date>
  <millis>1586338482040</millis>
  <sequence>907</sequence>
  <level>END</level>
  <class>com.kms.katalon.core.logging.XmlKeywordLogger</class>
  <method>endSuite</method>
  <thread>1</thread>
  <message>End Test Suite : Test Suites/Covid-19</message>
  <nestedLevel>0</nestedLevel>
</record>
</log>