<?xml version="1.0" encoding="UTF-8" standalone="no"?>
<!DOCTYPE log SYSTEM "logger.dtd">
<log>
<record>
  <date>2020-04-08T01:20:13</date>
  <millis>1586283613333</millis>
  <sequence>0</sequence>
  <level>START</level>
  <class>com.kms.katalon.core.logging.XmlKeywordLogger</class>
  <method>startSuite</method>
  <thread>1</thread>
  <message>Start Test Suite : Test Suites/Covid-19</message>
  <nestedLevel>0</nestedLevel>
  <property name="name">Covid-19</property>
  <property name="description"></property>
  <property name="id">Test Suites/Covid-19</property>
</record>
<record>
  <date>2020-04-08T01:20:13</date>
  <millis>1586283613376</millis>
  <sequence>1</sequence>
  <level>RUN_DATA</level>
  <class>com.kms.katalon.core.logging.XmlKeywordLogger</class>
  <method>logMessage</method>
  <thread>1</thread>
  <message>hostName = thaveephongt - 192.168.1.107</message>
  <nestedLevel>0</nestedLevel>
  <property name="hostName">thaveephongt - 192.168.1.107</property>
</record>
<record>
  <date>2020-04-08T01:20:13</date>
  <millis>1586283613380</millis>
  <sequence>2</sequence>
  <level>RUN_DATA</level>
  <class>com.kms.katalon.core.logging.XmlKeywordLogger</class>
  <method>logMessage</method>
  <thread>1</thread>
  <message>os = Mac OS X 64bit</message>
  <nestedLevel>0</nestedLevel>
  <property name="os">Mac OS X 64bit</property>
</record>
<record>
  <date>2020-04-08T01:20:13</date>
  <millis>1586283613382</millis>
  <sequence>3</sequence>
  <level>RUN_DATA</level>
  <class>com.kms.katalon.core.logging.XmlKeywordLogger</class>
  <method>logMessage</method>
  <thread>1</thread>
  <message>hostAddress = 192.168.1.107</message>
  <nestedLevel>0</nestedLevel>
  <property name="hostAddress">192.168.1.107</property>
</record>
<record>
  <date>2020-04-08T01:20:13</date>
  <millis>1586283613384</millis>
  <sequence>4</sequence>
  <level>RUN_DATA</level>
  <class>com.kms.katalon.core.logging.XmlKeywordLogger</class>
  <method>logMessage</method>
  <thread>1</thread>
  <message>katalonVersion = 7.3.0.1</message>
  <nestedLevel>0</nestedLevel>
  <property name="katalonVersion">7.3.0.1</property>
</record>
<record>
  <date>2020-04-08T01:20:14</date>
  <millis>1586283614324</millis>
  <sequence>5</sequence>
  <level>START</level>
  <class>com.kms.katalon.core.logging.XmlKeywordLogger</class>
  <method>startTest</method>
  <thread>1</thread>
  <message>Start Test Case : Test Cases/Log in/Covid-19</message>
  <nestedLevel>1</nestedLevel>
  <property name="name">Test Cases/Log in/Covid-19</property>
  <property name="description"></property>
  <property name="id">Test Cases/Log in/Covid-19</property>
  <property name="source">\\Users\\thaveephongt\\Katalon Studio\\Be Demo\\Test Cases\\Log in\\Covid-19.tc</property>
  <property name="tag"></property>
  <property name="isOptional">false</property>
</record>
<record>
  <date>2020-04-08T01:20:14</date>
  <millis>1586283614398</millis>
  <sequence>7</sequence>
  <level>INFO</level>
  <class>com.kms.katalon.core.logging.XmlKeywordLogger</class>
  <method>logMessage</method>
  <thread>1</thread>
  <message>Country = Thailand</message>
  <nestedLevel>1</nestedLevel>
</record>
<record>
  <date>2020-04-08T01:20:15</date>
  <millis>1586283615267</millis>
  <sequence>8</sequence>
  <level>START</level>
  <class>com.kms.katalon.core.logging.XmlKeywordLogger</class>
  <method>startKeyword</method>
  <thread>1</thread>
  <message>Start action : openBrowser(\&amp;quot;https://www.worldometers.info/coronavirus/\&amp;quot;)</message>
  <nestedLevel>1</nestedLevel>
  <property name="startLine">19</property>
  <property name="stepIndex">1</property>
</record>
<record>
  <date>2020-04-08T01:20:16</date>
  <millis>1586283616088</millis>
  <sequence>10</sequence>
  <level>INFO</level>
  <class>com.kms.katalon.core.logging.XmlKeywordLogger</class>
  <method>logMessage</method>
  <thread>1</thread>
  <message>Starting &amp;apos;Chrome&amp;apos; driver</message>
  <nestedLevel>1</nestedLevel>
</record>
<record>
  <date>2020-04-08T01:20:16</date>
  <millis>1586283616204</millis>
  <sequence>12</sequence>
  <level>INFO</level>
  <class>com.kms.katalon.core.logging.XmlKeywordLogger</class>
  <method>logMessage</method>
  <thread>1</thread>
  <message>Action delay is set to 0 milliseconds</message>
  <nestedLevel>1</nestedLevel>
</record>
<record>
  <date>2020-04-08T01:20:21</date>
  <millis>1586283621175</millis>
  <sequence>14</sequence>
  <level>RUN_DATA</level>
  <class>com.kms.katalon.core.logging.XmlKeywordLogger</class>
  <method>logMessage</method>
  <thread>1</thread>
  <message>sessionId = 4466df64dc4d8f16783e97aa7d67b80c</message>
  <nestedLevel>1</nestedLevel>
  <property name="sessionId">4466df64dc4d8f16783e97aa7d67b80c</property>
</record>
<record>
  <date>2020-04-08T01:20:21</date>
  <millis>1586283621207</millis>
  <sequence>15</sequence>
  <level>RUN_DATA</level>
  <class>com.kms.katalon.core.logging.XmlKeywordLogger</class>
  <method>logMessage</method>
  <thread>1</thread>
  <message>browser = Chrome 80.0.3987.163</message>
  <nestedLevel>1</nestedLevel>
  <property name="browser">Chrome 80.0.3987.163</property>
</record>
<record>
  <date>2020-04-08T01:20:21</date>
  <millis>1586283621209</millis>
  <sequence>16</sequence>
  <level>RUN_DATA</level>
  <class>com.kms.katalon.core.logging.XmlKeywordLogger</class>
  <method>logMessage</method>
  <thread>1</thread>
  <message>platform = Mac OS X</message>
  <nestedLevel>1</nestedLevel>
  <property name="platform">Mac OS X</property>
</record>
<record>
  <date>2020-04-08T01:20:21</date>
  <millis>1586283621210</millis>
  <sequence>17</sequence>
  <level>RUN_DATA</level>
  <class>com.kms.katalon.core.logging.XmlKeywordLogger</class>
  <method>logMessage</method>
  <thread>1</thread>
  <message>seleniumVersion = 3.141.59</message>
  <nestedLevel>1</nestedLevel>
  <property name="seleniumVersion">3.141.59</property>
</record>
<record>
  <date>2020-04-08T01:20:21</date>
  <millis>1586283621213</millis>
  <sequence>18</sequence>
  <level>RUN_DATA</level>
  <class>com.kms.katalon.core.logging.XmlKeywordLogger</class>
  <method>logMessage</method>
  <thread>1</thread>
  <message>proxyInformation = ProxyInformation{proxyOption=NO_PROXY, proxyServerType=HTTP, password=, proxyServerAddress=, proxyServerPort=0, executionList=}</message>
  <nestedLevel>1</nestedLevel>
  <property name="proxyInformation">ProxyInformation{proxyOption=NO_PROXY, proxyServerType=HTTP, password=, proxyServerAddress=, proxyServerPort=0, executionList=}</property>
</record>
<record>
  <date>2020-04-08T01:20:33</date>
  <millis>1586283633708</millis>
  <sequence>20</sequence>
  <level>PASSED</level>
  <class>com.kms.katalon.core.logging.XmlKeywordLogger</class>
  <method>logMessage</method>
  <thread>1</thread>
  <message>Browser is opened with url: &amp;apos;https://www.worldometers.info/coronavirus/&amp;apos;</message>
  <nestedLevel>1</nestedLevel>
</record>
<record>
  <date>2020-04-08T01:20:33</date>
  <millis>1586283633711</millis>
  <sequence>21</sequence>
  <level>END</level>
  <class>com.kms.katalon.core.logging.XmlKeywordLogger</class>
  <method>endKeyword</method>
  <thread>1</thread>
  <message>End action : openBrowser(\&amp;quot;https://www.worldometers.info/coronavirus/\&amp;quot;)</message>
  <nestedLevel>1</nestedLevel>
</record>
<record>
  <date>2020-04-08T01:20:33</date>
  <millis>1586283633712</millis>
  <sequence>22</sequence>
  <level>START</level>
  <class>com.kms.katalon.core.logging.XmlKeywordLogger</class>
  <method>startKeyword</method>
  <thread>1</thread>
  <message>Start action : click(findTestObject(\&amp;quot;Object Repository/Covid-19 Object Repo/Page_Coronavirus Update (Live) 1204075 Case_106633/a_view by country\&amp;quot;))</message>
  <nestedLevel>1</nestedLevel>
  <property name="startLine">21</property>
  <property name="stepIndex">2</property>
</record>
<record>
  <date>2020-04-08T01:20:46</date>
  <millis>1586283646339</millis>
  <sequence>31</sequence>
  <level>PASSED</level>
  <class>com.kms.katalon.core.logging.XmlKeywordLogger</class>
  <method>logMessage</method>
  <thread>1</thread>
  <message>Object: &amp;apos;Object Repository/Covid-19 Object Repo/Page_Coronavirus Update (Live) 1204075 Case_106633/a_view by country&amp;apos; is clicked on</message>
  <nestedLevel>1</nestedLevel>
</record>
<record>
  <date>2020-04-08T01:20:46</date>
  <millis>1586283646341</millis>
  <sequence>32</sequence>
  <level>END</level>
  <class>com.kms.katalon.core.logging.XmlKeywordLogger</class>
  <method>endKeyword</method>
  <thread>1</thread>
  <message>End action : click(findTestObject(\&amp;quot;Object Repository/Covid-19 Object Repo/Page_Coronavirus Update (Live) 1204075 Case_106633/a_view by country\&amp;quot;))</message>
  <nestedLevel>1</nestedLevel>
</record>
<record>
  <date>2020-04-08T01:20:46</date>
  <millis>1586283646342</millis>
  <sequence>33</sequence>
  <level>START</level>
  <class>com.kms.katalon.core.logging.XmlKeywordLogger</class>
  <method>startKeyword</method>
  <thread>1</thread>
  <message>Start action : for ([rowNum = 1, rowNum &amp;lt;= findTestData(\&amp;quot;Covid-19/Country\&amp;quot;).getRowNumbers(), (rowNum++)])</message>
  <nestedLevel>1</nestedLevel>
  <property name="startLine">25</property>
  <property name="stepIndex">3</property>
</record>
<record>
  <date>2020-04-08T01:20:46</date>
  <millis>1586283646436</millis>
  <sequence>38</sequence>
  <level>START</level>
  <class>com.kms.katalon.core.logging.XmlKeywordLogger</class>
  <method>startKeyword</method>
  <thread>1</thread>
  <message>Start action : setText(findTestObject(\&amp;quot;Object Repository/Covid-19 Object Repo/Page_Coronavirus Update (Live) 1204075 Case_106633/input_Search_form-control input-sm\&amp;quot;), findTestData(\&amp;quot;Covid-19/Country\&amp;quot;).getValue(1, rowNum))</message>
  <nestedLevel>2</nestedLevel>
  <property name="startLine">27</property>
  <property name="stepIndex">1</property>
</record>
<record>
  <date>2020-04-08T01:20:52</date>
  <millis>1586283652282</millis>
  <sequence>58</sequence>
  <level>PASSED</level>
  <class>com.kms.katalon.core.logging.XmlKeywordLogger</class>
  <method>logMessage</method>
  <thread>1</thread>
  <message>Text &amp;apos;Thailand&amp;apos; is set on object &amp;apos;Object Repository/Covid-19 Object Repo/Page_Coronavirus Update (Live) 1204075 Case_106633/input_Search_form-control input-sm&amp;apos;</message>
  <nestedLevel>1</nestedLevel>
</record>
<record>
  <date>2020-04-08T01:20:52</date>
  <millis>1586283652285</millis>
  <sequence>59</sequence>
  <level>END</level>
  <class>com.kms.katalon.core.logging.XmlKeywordLogger</class>
  <method>endKeyword</method>
  <thread>1</thread>
  <message>End action : setText(findTestObject(\&amp;quot;Object Repository/Covid-19 Object Repo/Page_Coronavirus Update (Live) 1204075 Case_106633/input_Search_form-control input-sm\&amp;quot;), findTestData(\&amp;quot;Covid-19/Country\&amp;quot;).getValue(1, rowNum))</message>
  <nestedLevel>2</nestedLevel>
</record>
<record>
  <date>2020-04-08T01:20:52</date>
  <millis>1586283652286</millis>
  <sequence>60</sequence>
  <level>START</level>
  <class>com.kms.katalon.core.logging.XmlKeywordLogger</class>
  <method>startKeyword</method>
  <thread>1</thread>
  <message>Start action : getText(findTestObject(\&amp;quot;Covid-19 Object Repo/Page_Coronavirus Update (Live) 1204075 Case_106633/td_102\&amp;quot;))</message>
  <nestedLevel>2</nestedLevel>
  <property name="startLine">31</property>
  <property name="stepIndex">2</property>
  <property name="description">Get New Cases</property>
</record>
<record>
  <date>2020-04-08T01:20:54</date>
  <millis>1586283654609</millis>
  <sequence>69</sequence>
  <level>PASSED</level>
  <class>com.kms.katalon.core.logging.XmlKeywordLogger</class>
  <method>logMessage</method>
  <thread>1</thread>
  <message>Text of object &amp;apos;Object Repository/Covid-19 Object Repo/Page_Coronavirus Update (Live) 1204075 Case_106633/td_102&amp;apos; is: &amp;apos;+38&amp;apos;</message>
  <nestedLevel>1</nestedLevel>
</record>
<record>
  <date>2020-04-08T01:20:54</date>
  <millis>1586283654613</millis>
  <sequence>70</sequence>
  <level>END</level>
  <class>com.kms.katalon.core.logging.XmlKeywordLogger</class>
  <method>endKeyword</method>
  <thread>1</thread>
  <message>End action : getText(findTestObject(\&amp;quot;Covid-19 Object Repo/Page_Coronavirus Update (Live) 1204075 Case_106633/td_102\&amp;quot;))</message>
  <nestedLevel>2</nestedLevel>
</record>
<record>
  <date>2020-04-08T01:20:54</date>
  <millis>1586283654614</millis>
  <sequence>71</sequence>
  <level>START</level>
  <class>com.kms.katalon.core.logging.XmlKeywordLogger</class>
  <method>startKeyword</method>
  <thread>1</thread>
  <message>Start action : getText(findTestObject(\&amp;quot;Covid-19 Object Repo/Page_Coronavirus Update (Live) 1204075 Case_106633/td_3\&amp;quot;))</message>
  <nestedLevel>2</nestedLevel>
  <property name="startLine">34</property>
  <property name="stepIndex">3</property>
  <property name="description">Get New Deaths</property>
</record>
<record>
  <date>2020-04-08T01:20:56</date>
  <millis>1586283656578</millis>
  <sequence>80</sequence>
  <level>PASSED</level>
  <class>com.kms.katalon.core.logging.XmlKeywordLogger</class>
  <method>logMessage</method>
  <thread>1</thread>
  <message>Text of object &amp;apos;Object Repository/Covid-19 Object Repo/Page_Coronavirus Update (Live) 1204075 Case_106633/td_3&amp;apos; is: &amp;apos;+1&amp;apos;</message>
  <nestedLevel>1</nestedLevel>
</record>
<record>
  <date>2020-04-08T01:20:56</date>
  <millis>1586283656584</millis>
  <sequence>85</sequence>
  <level>END</level>
  <class>com.kms.katalon.core.logging.XmlKeywordLogger</class>
  <method>endKeyword</method>
  <thread>1</thread>
  <message>End action : getText(findTestObject(\&amp;quot;Covid-19 Object Repo/Page_Coronavirus Update (Live) 1204075 Case_106633/td_3\&amp;quot;))</message>
  <nestedLevel>2</nestedLevel>
</record>
<record>
  <date>2020-04-08T01:20:56</date>
  <millis>1586283656585</millis>
  <sequence>86</sequence>
  <level>START</level>
  <class>com.kms.katalon.core.logging.XmlKeywordLogger</class>
  <method>startKeyword</method>
  <thread>1</thread>
  <message>Start action : setText(findTestObject(\&amp;quot;Object Repository/Covid-19 Object Repo/Page_Coronavirus Update (Live) 1204075 Case_106633/input_Search_form-control input-sm\&amp;quot;), findTestData(\&amp;quot;Covid-19/Country\&amp;quot;).getValue(1, rowNum))</message>
  <nestedLevel>2</nestedLevel>
  <property name="startLine">27</property>
  <property name="stepIndex">1</property>
</record>
<record>
  <date>2020-04-08T01:21:00</date>
  <millis>1586283660807</millis>
  <sequence>106</sequence>
  <level>PASSED</level>
  <class>com.kms.katalon.core.logging.XmlKeywordLogger</class>
  <method>logMessage</method>
  <thread>1</thread>
  <message>Text &amp;apos;USA&amp;apos; is set on object &amp;apos;Object Repository/Covid-19 Object Repo/Page_Coronavirus Update (Live) 1204075 Case_106633/input_Search_form-control input-sm&amp;apos;</message>
  <nestedLevel>1</nestedLevel>
</record>
<record>
  <date>2020-04-08T01:21:00</date>
  <millis>1586283660809</millis>
  <sequence>107</sequence>
  <level>END</level>
  <class>com.kms.katalon.core.logging.XmlKeywordLogger</class>
  <method>endKeyword</method>
  <thread>1</thread>
  <message>End action : setText(findTestObject(\&amp;quot;Object Repository/Covid-19 Object Repo/Page_Coronavirus Update (Live) 1204075 Case_106633/input_Search_form-control input-sm\&amp;quot;), findTestData(\&amp;quot;Covid-19/Country\&amp;quot;).getValue(1, rowNum))</message>
  <nestedLevel>2</nestedLevel>
</record>
<record>
  <date>2020-04-08T01:21:00</date>
  <millis>1586283660809</millis>
  <sequence>108</sequence>
  <level>START</level>
  <class>com.kms.katalon.core.logging.XmlKeywordLogger</class>
  <method>startKeyword</method>
  <thread>1</thread>
  <message>Start action : getText(findTestObject(\&amp;quot;Covid-19 Object Repo/Page_Coronavirus Update (Live) 1204075 Case_106633/td_102\&amp;quot;))</message>
  <nestedLevel>2</nestedLevel>
  <property name="startLine">31</property>
  <property name="stepIndex">2</property>
  <property name="description">Get New Cases</property>
</record>
<record>
  <date>2020-04-08T01:21:02</date>
  <millis>1586283662558</millis>
  <sequence>117</sequence>
  <level>PASSED</level>
  <class>com.kms.katalon.core.logging.XmlKeywordLogger</class>
  <method>logMessage</method>
  <thread>1</thread>
  <message>Text of object &amp;apos;Object Repository/Covid-19 Object Repo/Page_Coronavirus Update (Live) 1204075 Case_106633/td_102&amp;apos; is: &amp;apos;+19,567&amp;apos;</message>
  <nestedLevel>1</nestedLevel>
</record>
<record>
  <date>2020-04-08T01:21:02</date>
  <millis>1586283662561</millis>
  <sequence>118</sequence>
  <level>END</level>
  <class>com.kms.katalon.core.logging.XmlKeywordLogger</class>
  <method>endKeyword</method>
  <thread>1</thread>
  <message>End action : getText(findTestObject(\&amp;quot;Covid-19 Object Repo/Page_Coronavirus Update (Live) 1204075 Case_106633/td_102\&amp;quot;))</message>
  <nestedLevel>2</nestedLevel>
</record>
<record>
  <date>2020-04-08T01:21:02</date>
  <millis>1586283662562</millis>
  <sequence>119</sequence>
  <level>START</level>
  <class>com.kms.katalon.core.logging.XmlKeywordLogger</class>
  <method>startKeyword</method>
  <thread>1</thread>
  <message>Start action : getText(findTestObject(\&amp;quot;Covid-19 Object Repo/Page_Coronavirus Update (Live) 1204075 Case_106633/td_3\&amp;quot;))</message>
  <nestedLevel>2</nestedLevel>
  <property name="startLine">34</property>
  <property name="stepIndex">3</property>
  <property name="description">Get New Deaths</property>
</record>
<record>
  <date>2020-04-08T01:21:04</date>
  <millis>1586283664665</millis>
  <sequence>128</sequence>
  <level>PASSED</level>
  <class>com.kms.katalon.core.logging.XmlKeywordLogger</class>
  <method>logMessage</method>
  <thread>1</thread>
  <message>Text of object &amp;apos;Object Repository/Covid-19 Object Repo/Page_Coronavirus Update (Live) 1204075 Case_106633/td_3&amp;apos; is: &amp;apos;+1,403&amp;apos;</message>
  <nestedLevel>1</nestedLevel>
</record>
<record>
  <date>2020-04-08T01:21:04</date>
  <millis>1586283664671</millis>
  <sequence>133</sequence>
  <level>END</level>
  <class>com.kms.katalon.core.logging.XmlKeywordLogger</class>
  <method>endKeyword</method>
  <thread>1</thread>
  <message>End action : getText(findTestObject(\&amp;quot;Covid-19 Object Repo/Page_Coronavirus Update (Live) 1204075 Case_106633/td_3\&amp;quot;))</message>
  <nestedLevel>2</nestedLevel>
</record>
<record>
  <date>2020-04-08T01:21:04</date>
  <millis>1586283664671</millis>
  <sequence>134</sequence>
  <level>START</level>
  <class>com.kms.katalon.core.logging.XmlKeywordLogger</class>
  <method>startKeyword</method>
  <thread>1</thread>
  <message>Start action : setText(findTestObject(\&amp;quot;Object Repository/Covid-19 Object Repo/Page_Coronavirus Update (Live) 1204075 Case_106633/input_Search_form-control input-sm\&amp;quot;), findTestData(\&amp;quot;Covid-19/Country\&amp;quot;).getValue(1, rowNum))</message>
  <nestedLevel>2</nestedLevel>
  <property name="startLine">27</property>
  <property name="stepIndex">1</property>
</record>
<record>
  <date>2020-04-08T01:21:09</date>
  <millis>1586283669035</millis>
  <sequence>154</sequence>
  <level>PASSED</level>
  <class>com.kms.katalon.core.logging.XmlKeywordLogger</class>
  <method>logMessage</method>
  <thread>1</thread>
  <message>Text &amp;apos;Spain&amp;apos; is set on object &amp;apos;Object Repository/Covid-19 Object Repo/Page_Coronavirus Update (Live) 1204075 Case_106633/input_Search_form-control input-sm&amp;apos;</message>
  <nestedLevel>1</nestedLevel>
</record>
<record>
  <date>2020-04-08T01:21:09</date>
  <millis>1586283669036</millis>
  <sequence>155</sequence>
  <level>END</level>
  <class>com.kms.katalon.core.logging.XmlKeywordLogger</class>
  <method>endKeyword</method>
  <thread>1</thread>
  <message>End action : setText(findTestObject(\&amp;quot;Object Repository/Covid-19 Object Repo/Page_Coronavirus Update (Live) 1204075 Case_106633/input_Search_form-control input-sm\&amp;quot;), findTestData(\&amp;quot;Covid-19/Country\&amp;quot;).getValue(1, rowNum))</message>
  <nestedLevel>2</nestedLevel>
</record>
<record>
  <date>2020-04-08T01:21:09</date>
  <millis>1586283669037</millis>
  <sequence>156</sequence>
  <level>START</level>
  <class>com.kms.katalon.core.logging.XmlKeywordLogger</class>
  <method>startKeyword</method>
  <thread>1</thread>
  <message>Start action : getText(findTestObject(\&amp;quot;Covid-19 Object Repo/Page_Coronavirus Update (Live) 1204075 Case_106633/td_102\&amp;quot;))</message>
  <nestedLevel>2</nestedLevel>
  <property name="startLine">31</property>
  <property name="stepIndex">2</property>
  <property name="description">Get New Cases</property>
</record>
<record>
  <date>2020-04-08T01:21:10</date>
  <millis>1586283670590</millis>
  <sequence>165</sequence>
  <level>PASSED</level>
  <class>com.kms.katalon.core.logging.XmlKeywordLogger</class>
  <method>logMessage</method>
  <thread>1</thread>
  <message>Text of object &amp;apos;Object Repository/Covid-19 Object Repo/Page_Coronavirus Update (Live) 1204075 Case_106633/td_102&amp;apos; is: &amp;apos;+3,836&amp;apos;</message>
  <nestedLevel>1</nestedLevel>
</record>
<record>
  <date>2020-04-08T01:21:10</date>
  <millis>1586283670591</millis>
  <sequence>166</sequence>
  <level>END</level>
  <class>com.kms.katalon.core.logging.XmlKeywordLogger</class>
  <method>endKeyword</method>
  <thread>1</thread>
  <message>End action : getText(findTestObject(\&amp;quot;Covid-19 Object Repo/Page_Coronavirus Update (Live) 1204075 Case_106633/td_102\&amp;quot;))</message>
  <nestedLevel>2</nestedLevel>
</record>
<record>
  <date>2020-04-08T01:21:10</date>
  <millis>1586283670592</millis>
  <sequence>167</sequence>
  <level>START</level>
  <class>com.kms.katalon.core.logging.XmlKeywordLogger</class>
  <method>startKeyword</method>
  <thread>1</thread>
  <message>Start action : getText(findTestObject(\&amp;quot;Covid-19 Object Repo/Page_Coronavirus Update (Live) 1204075 Case_106633/td_3\&amp;quot;))</message>
  <nestedLevel>2</nestedLevel>
  <property name="startLine">34</property>
  <property name="stepIndex">3</property>
  <property name="description">Get New Deaths</property>
</record>
<record>
  <date>2020-04-08T01:21:12</date>
  <millis>1586283672620</millis>
  <sequence>176</sequence>
  <level>PASSED</level>
  <class>com.kms.katalon.core.logging.XmlKeywordLogger</class>
  <method>logMessage</method>
  <thread>1</thread>
  <message>Text of object &amp;apos;Object Repository/Covid-19 Object Repo/Page_Coronavirus Update (Live) 1204075 Case_106633/td_3&amp;apos; is: &amp;apos;+556&amp;apos;</message>
  <nestedLevel>1</nestedLevel>
</record>
<record>
  <date>2020-04-08T01:21:12</date>
  <millis>1586283672627</millis>
  <sequence>181</sequence>
  <level>END</level>
  <class>com.kms.katalon.core.logging.XmlKeywordLogger</class>
  <method>endKeyword</method>
  <thread>1</thread>
  <message>End action : getText(findTestObject(\&amp;quot;Covid-19 Object Repo/Page_Coronavirus Update (Live) 1204075 Case_106633/td_3\&amp;quot;))</message>
  <nestedLevel>2</nestedLevel>
</record>
<record>
  <date>2020-04-08T01:21:12</date>
  <millis>1586283672629</millis>
  <sequence>182</sequence>
  <level>END</level>
  <class>com.kms.katalon.core.logging.XmlKeywordLogger</class>
  <method>endKeyword</method>
  <thread>1</thread>
  <message>End action : for ([rowNum = 1, rowNum &amp;lt;= findTestData(\&amp;quot;Covid-19/Country\&amp;quot;).getRowNumbers(), (rowNum++)])</message>
  <nestedLevel>1</nestedLevel>
</record>
<record>
  <date>2020-04-08T01:21:12</date>
  <millis>1586283672630</millis>
  <sequence>183</sequence>
  <level>START</level>
  <class>com.kms.katalon.core.logging.XmlKeywordLogger</class>
  <method>startKeyword</method>
  <thread>1</thread>
  <message>Start action : closeBrowser()</message>
  <nestedLevel>1</nestedLevel>
  <property name="startLine">37</property>
  <property name="stepIndex">4</property>
</record>
<record>
  <date>2020-04-08T01:21:12</date>
  <millis>1586283672930</millis>
  <sequence>185</sequence>
  <level>PASSED</level>
  <class>com.kms.katalon.core.logging.XmlKeywordLogger</class>
  <method>logMessage</method>
  <thread>1</thread>
  <message>Browser is closed</message>
  <nestedLevel>1</nestedLevel>
</record>
<record>
  <date>2020-04-08T01:21:12</date>
  <millis>1586283672931</millis>
  <sequence>186</sequence>
  <level>END</level>
  <class>com.kms.katalon.core.logging.XmlKeywordLogger</class>
  <method>endKeyword</method>
  <thread>1</thread>
  <message>End action : closeBrowser()</message>
  <nestedLevel>1</nestedLevel>
</record>
<record>
  <date>2020-04-08T01:21:12</date>
  <millis>1586283672931</millis>
  <sequence>187</sequence>
  <level>PASSED</level>
  <class>com.kms.katalon.core.logging.XmlKeywordLogger</class>
  <method>logMessage</method>
  <thread>1</thread>
  <message>Test Cases/Log in/Covid-19</message>
  <nestedLevel>1</nestedLevel>
</record>
<record>
  <date>2020-04-08T01:21:12</date>
  <millis>1586283672932</millis>
  <sequence>188</sequence>
  <level>END</level>
  <class>com.kms.katalon.core.logging.XmlKeywordLogger</class>
  <method>endTest</method>
  <thread>1</thread>
  <message>End Test Case : Test Cases/Log in/Covid-19</message>
  <nestedLevel>0</nestedLevel>
</record>
<record>
  <date>2020-04-08T01:21:12</date>
  <millis>1586283672934</millis>
  <sequence>189</sequence>
  <level>INFO</level>
  <class>com.kms.katalon.core.logging.XmlKeywordLogger</class>
  <method>logMessage</method>
  <thread>1</thread>
  <message>=================== Smart XPath Report =======================</message>
  <nestedLevel>0</nestedLevel>
</record>
<record>
  <date>2020-04-08T01:21:12</date>
  <millis>1586283672934</millis>
  <sequence>190</sequence>
  <level>INFO</level>
  <class>com.kms.katalon.core.logging.XmlKeywordLogger</class>
  <method>logMessage</method>
  <thread>1</thread>
  <message>Refer to the link below to preview and approve auto healing on broken test objects.</message>
  <nestedLevel>0</nestedLevel>
</record>
<record>
  <date>2020-04-08T01:21:12</date>
  <millis>1586283672935</millis>
  <sequence>191</sequence>
  <level>INFO</level>
  <class>com.kms.katalon.core.logging.XmlKeywordLogger</class>
  <method>logMessage</method>
  <thread>1</thread>
  <message>https://docs.katalon.com/katalon-studio/docs/auto-healing-smart-xpath.html</message>
  <nestedLevel>0</nestedLevel>
</record>
<record>
  <date>2020-04-08T01:21:12</date>
  <millis>1586283672936</millis>
  <sequence>192</sequence>
  <level>INFO</level>
  <class>com.kms.katalon.core.logging.XmlKeywordLogger</class>
  <method>logMessage</method>
  <thread>1</thread>
  <message>===============================================================</message>
  <nestedLevel>0</nestedLevel>
</record>
<record>
  <date>2020-04-08T01:21:12</date>
  <millis>1586283672968</millis>
  <sequence>193</sequence>
  <level>START</level>
  <class>com.kms.katalon.core.logging.XmlKeywordLogger</class>
  <method>startTest</method>
  <thread>1</thread>
  <message>Start Test Case : Test Cases/Log in/Covid-19</message>
  <nestedLevel>1</nestedLevel>
  <property name="name">Test Cases/Log in/Covid-19</property>
  <property name="description"></property>
  <property name="id">Test Cases/Log in/Covid-19</property>
  <property name="source">\\Users\\thaveephongt\\Katalon Studio\\Be Demo\\Test Cases\\Log in\\Covid-19.tc</property>
  <property name="tag"></property>
  <property name="isOptional">false</property>
</record>
<record>
  <date>2020-04-08T01:21:12</date>
  <millis>1586283672990</millis>
  <sequence>195</sequence>
  <level>INFO</level>
  <class>com.kms.katalon.core.logging.XmlKeywordLogger</class>
  <method>logMessage</method>
  <thread>1</thread>
  <message>Country = USA</message>
  <nestedLevel>1</nestedLevel>
</record>
<record>
  <date>2020-04-08T01:21:12</date>
  <millis>1586283672993</millis>
  <sequence>196</sequence>
  <level>START</level>
  <class>com.kms.katalon.core.logging.XmlKeywordLogger</class>
  <method>startKeyword</method>
  <thread>1</thread>
  <message>Start action : openBrowser(\&amp;quot;https://www.worldometers.info/coronavirus/\&amp;quot;)</message>
  <nestedLevel>1</nestedLevel>
  <property name="startLine">19</property>
  <property name="stepIndex">1</property>
</record>
<record>
  <date>2020-04-08T01:21:13</date>
  <millis>1586283673013</millis>
  <sequence>198</sequence>
  <level>INFO</level>
  <class>com.kms.katalon.core.logging.XmlKeywordLogger</class>
  <method>logMessage</method>
  <thread>1</thread>
  <message>Starting &amp;apos;Chrome&amp;apos; driver</message>
  <nestedLevel>1</nestedLevel>
</record>
<record>
  <date>2020-04-08T01:21:13</date>
  <millis>1586283673018</millis>
  <sequence>200</sequence>
  <level>INFO</level>
  <class>com.kms.katalon.core.logging.XmlKeywordLogger</class>
  <method>logMessage</method>
  <thread>1</thread>
  <message>Action delay is set to 0 milliseconds</message>
  <nestedLevel>1</nestedLevel>
</record>
<record>
  <date>2020-04-08T01:21:15</date>
  <millis>1586283675415</millis>
  <sequence>202</sequence>
  <level>RUN_DATA</level>
  <class>com.kms.katalon.core.logging.XmlKeywordLogger</class>
  <method>logMessage</method>
  <thread>1</thread>
  <message>sessionId = 5ecb899272e21ef3fb99cbae79129a0d</message>
  <nestedLevel>1</nestedLevel>
  <property name="sessionId">5ecb899272e21ef3fb99cbae79129a0d</property>
</record>
<record>
  <date>2020-04-08T01:21:15</date>
  <millis>1586283675458</millis>
  <sequence>203</sequence>
  <level>RUN_DATA</level>
  <class>com.kms.katalon.core.logging.XmlKeywordLogger</class>
  <method>logMessage</method>
  <thread>1</thread>
  <message>browser = Chrome 80.0.3987.163</message>
  <nestedLevel>1</nestedLevel>
  <property name="browser">Chrome 80.0.3987.163</property>
</record>
<record>
  <date>2020-04-08T01:21:15</date>
  <millis>1586283675460</millis>
  <sequence>204</sequence>
  <level>RUN_DATA</level>
  <class>com.kms.katalon.core.logging.XmlKeywordLogger</class>
  <method>logMessage</method>
  <thread>1</thread>
  <message>platform = Mac OS X</message>
  <nestedLevel>1</nestedLevel>
  <property name="platform">Mac OS X</property>
</record>
<record>
  <date>2020-04-08T01:21:15</date>
  <millis>1586283675461</millis>
  <sequence>205</sequence>
  <level>RUN_DATA</level>
  <class>com.kms.katalon.core.logging.XmlKeywordLogger</class>
  <method>logMessage</method>
  <thread>1</thread>
  <message>seleniumVersion = 3.141.59</message>
  <nestedLevel>1</nestedLevel>
  <property name="seleniumVersion">3.141.59</property>
</record>
<record>
  <date>2020-04-08T01:21:15</date>
  <millis>1586283675463</millis>
  <sequence>206</sequence>
  <level>RUN_DATA</level>
  <class>com.kms.katalon.core.logging.XmlKeywordLogger</class>
  <method>logMessage</method>
  <thread>1</thread>
  <message>proxyInformation = ProxyInformation{proxyOption=NO_PROXY, proxyServerType=HTTP, password=, proxyServerAddress=, proxyServerPort=0, executionList=}</message>
  <nestedLevel>1</nestedLevel>
  <property name="proxyInformation">ProxyInformation{proxyOption=NO_PROXY, proxyServerType=HTTP, password=, proxyServerAddress=, proxyServerPort=0, executionList=}</property>
</record>
<record>
  <date>2020-04-08T01:21:29</date>
  <millis>1586283689139</millis>
  <sequence>208</sequence>
  <level>PASSED</level>
  <class>com.kms.katalon.core.logging.XmlKeywordLogger</class>
  <method>logMessage</method>
  <thread>1</thread>
  <message>Browser is opened with url: &amp;apos;https://www.worldometers.info/coronavirus/&amp;apos;</message>
  <nestedLevel>1</nestedLevel>
</record>
<record>
  <date>2020-04-08T01:21:29</date>
  <millis>1586283689141</millis>
  <sequence>209</sequence>
  <level>END</level>
  <class>com.kms.katalon.core.logging.XmlKeywordLogger</class>
  <method>endKeyword</method>
  <thread>1</thread>
  <message>End action : openBrowser(\&amp;quot;https://www.worldometers.info/coronavirus/\&amp;quot;)</message>
  <nestedLevel>1</nestedLevel>
</record>
<record>
  <date>2020-04-08T01:21:29</date>
  <millis>1586283689142</millis>
  <sequence>210</sequence>
  <level>START</level>
  <class>com.kms.katalon.core.logging.XmlKeywordLogger</class>
  <method>startKeyword</method>
  <thread>1</thread>
  <message>Start action : click(findTestObject(\&amp;quot;Object Repository/Covid-19 Object Repo/Page_Coronavirus Update (Live) 1204075 Case_106633/a_view by country\&amp;quot;))</message>
  <nestedLevel>1</nestedLevel>
  <property name="startLine">21</property>
  <property name="stepIndex">2</property>
</record>
<record>
  <date>2020-04-08T01:21:38</date>
  <millis>1586283698667</millis>
  <sequence>219</sequence>
  <level>PASSED</level>
  <class>com.kms.katalon.core.logging.XmlKeywordLogger</class>
  <method>logMessage</method>
  <thread>1</thread>
  <message>Object: &amp;apos;Object Repository/Covid-19 Object Repo/Page_Coronavirus Update (Live) 1204075 Case_106633/a_view by country&amp;apos; is clicked on</message>
  <nestedLevel>1</nestedLevel>
</record>
<record>
  <date>2020-04-08T01:21:38</date>
  <millis>1586283698670</millis>
  <sequence>220</sequence>
  <level>END</level>
  <class>com.kms.katalon.core.logging.XmlKeywordLogger</class>
  <method>endKeyword</method>
  <thread>1</thread>
  <message>End action : click(findTestObject(\&amp;quot;Object Repository/Covid-19 Object Repo/Page_Coronavirus Update (Live) 1204075 Case_106633/a_view by country\&amp;quot;))</message>
  <nestedLevel>1</nestedLevel>
</record>
<record>
  <date>2020-04-08T01:21:38</date>
  <millis>1586283698670</millis>
  <sequence>221</sequence>
  <level>START</level>
  <class>com.kms.katalon.core.logging.XmlKeywordLogger</class>
  <method>startKeyword</method>
  <thread>1</thread>
  <message>Start action : for ([rowNum = 1, rowNum &amp;lt;= findTestData(\&amp;quot;Covid-19/Country\&amp;quot;).getRowNumbers(), (rowNum++)])</message>
  <nestedLevel>1</nestedLevel>
  <property name="startLine">25</property>
  <property name="stepIndex">3</property>
</record>
<record>
  <date>2020-04-08T01:21:38</date>
  <millis>1586283698680</millis>
  <sequence>226</sequence>
  <level>START</level>
  <class>com.kms.katalon.core.logging.XmlKeywordLogger</class>
  <method>startKeyword</method>
  <thread>1</thread>
  <message>Start action : setText(findTestObject(\&amp;quot;Object Repository/Covid-19 Object Repo/Page_Coronavirus Update (Live) 1204075 Case_106633/input_Search_form-control input-sm\&amp;quot;), findTestData(\&amp;quot;Covid-19/Country\&amp;quot;).getValue(1, rowNum))</message>
  <nestedLevel>2</nestedLevel>
  <property name="startLine">27</property>
  <property name="stepIndex">1</property>
</record>
<record>
  <date>2020-04-08T01:21:40</date>
  <millis>1586283700922</millis>
  <sequence>246</sequence>
  <level>PASSED</level>
  <class>com.kms.katalon.core.logging.XmlKeywordLogger</class>
  <method>logMessage</method>
  <thread>1</thread>
  <message>Text &amp;apos;Thailand&amp;apos; is set on object &amp;apos;Object Repository/Covid-19 Object Repo/Page_Coronavirus Update (Live) 1204075 Case_106633/input_Search_form-control input-sm&amp;apos;</message>
  <nestedLevel>1</nestedLevel>
</record>
<record>
  <date>2020-04-08T01:21:40</date>
  <millis>1586283700923</millis>
  <sequence>247</sequence>
  <level>END</level>
  <class>com.kms.katalon.core.logging.XmlKeywordLogger</class>
  <method>endKeyword</method>
  <thread>1</thread>
  <message>End action : setText(findTestObject(\&amp;quot;Object Repository/Covid-19 Object Repo/Page_Coronavirus Update (Live) 1204075 Case_106633/input_Search_form-control input-sm\&amp;quot;), findTestData(\&amp;quot;Covid-19/Country\&amp;quot;).getValue(1, rowNum))</message>
  <nestedLevel>2</nestedLevel>
</record>
<record>
  <date>2020-04-08T01:21:40</date>
  <millis>1586283700923</millis>
  <sequence>248</sequence>
  <level>START</level>
  <class>com.kms.katalon.core.logging.XmlKeywordLogger</class>
  <method>startKeyword</method>
  <thread>1</thread>
  <message>Start action : getText(findTestObject(\&amp;quot;Covid-19 Object Repo/Page_Coronavirus Update (Live) 1204075 Case_106633/td_102\&amp;quot;))</message>
  <nestedLevel>2</nestedLevel>
  <property name="startLine">31</property>
  <property name="stepIndex">2</property>
  <property name="description">Get New Cases</property>
</record>
<record>
  <date>2020-04-08T01:21:41</date>
  <millis>1586283701453</millis>
  <sequence>257</sequence>
  <level>PASSED</level>
  <class>com.kms.katalon.core.logging.XmlKeywordLogger</class>
  <method>logMessage</method>
  <thread>1</thread>
  <message>Text of object &amp;apos;Object Repository/Covid-19 Object Repo/Page_Coronavirus Update (Live) 1204075 Case_106633/td_102&amp;apos; is: &amp;apos;+38&amp;apos;</message>
  <nestedLevel>1</nestedLevel>
</record>
<record>
  <date>2020-04-08T01:21:41</date>
  <millis>1586283701454</millis>
  <sequence>258</sequence>
  <level>END</level>
  <class>com.kms.katalon.core.logging.XmlKeywordLogger</class>
  <method>endKeyword</method>
  <thread>1</thread>
  <message>End action : getText(findTestObject(\&amp;quot;Covid-19 Object Repo/Page_Coronavirus Update (Live) 1204075 Case_106633/td_102\&amp;quot;))</message>
  <nestedLevel>2</nestedLevel>
</record>
<record>
  <date>2020-04-08T01:21:41</date>
  <millis>1586283701455</millis>
  <sequence>259</sequence>
  <level>START</level>
  <class>com.kms.katalon.core.logging.XmlKeywordLogger</class>
  <method>startKeyword</method>
  <thread>1</thread>
  <message>Start action : getText(findTestObject(\&amp;quot;Covid-19 Object Repo/Page_Coronavirus Update (Live) 1204075 Case_106633/td_3\&amp;quot;))</message>
  <nestedLevel>2</nestedLevel>
  <property name="startLine">34</property>
  <property name="stepIndex">3</property>
  <property name="description">Get New Deaths</property>
</record>
<record>
  <date>2020-04-08T01:21:41</date>
  <millis>1586283701984</millis>
  <sequence>268</sequence>
  <level>PASSED</level>
  <class>com.kms.katalon.core.logging.XmlKeywordLogger</class>
  <method>logMessage</method>
  <thread>1</thread>
  <message>Text of object &amp;apos;Object Repository/Covid-19 Object Repo/Page_Coronavirus Update (Live) 1204075 Case_106633/td_3&amp;apos; is: &amp;apos;+1&amp;apos;</message>
  <nestedLevel>1</nestedLevel>
</record>
<record>
  <date>2020-04-08T01:21:41</date>
  <millis>1586283701988</millis>
  <sequence>273</sequence>
  <level>END</level>
  <class>com.kms.katalon.core.logging.XmlKeywordLogger</class>
  <method>endKeyword</method>
  <thread>1</thread>
  <message>End action : getText(findTestObject(\&amp;quot;Covid-19 Object Repo/Page_Coronavirus Update (Live) 1204075 Case_106633/td_3\&amp;quot;))</message>
  <nestedLevel>2</nestedLevel>
</record>
<record>
  <date>2020-04-08T01:21:41</date>
  <millis>1586283701988</millis>
  <sequence>274</sequence>
  <level>START</level>
  <class>com.kms.katalon.core.logging.XmlKeywordLogger</class>
  <method>startKeyword</method>
  <thread>1</thread>
  <message>Start action : setText(findTestObject(\&amp;quot;Object Repository/Covid-19 Object Repo/Page_Coronavirus Update (Live) 1204075 Case_106633/input_Search_form-control input-sm\&amp;quot;), findTestData(\&amp;quot;Covid-19/Country\&amp;quot;).getValue(1, rowNum))</message>
  <nestedLevel>2</nestedLevel>
  <property name="startLine">27</property>
  <property name="stepIndex">1</property>
</record>
<record>
  <date>2020-04-08T01:21:43</date>
  <millis>1586283703238</millis>
  <sequence>294</sequence>
  <level>PASSED</level>
  <class>com.kms.katalon.core.logging.XmlKeywordLogger</class>
  <method>logMessage</method>
  <thread>1</thread>
  <message>Text &amp;apos;USA&amp;apos; is set on object &amp;apos;Object Repository/Covid-19 Object Repo/Page_Coronavirus Update (Live) 1204075 Case_106633/input_Search_form-control input-sm&amp;apos;</message>
  <nestedLevel>1</nestedLevel>
</record>
<record>
  <date>2020-04-08T01:21:43</date>
  <millis>1586283703240</millis>
  <sequence>295</sequence>
  <level>END</level>
  <class>com.kms.katalon.core.logging.XmlKeywordLogger</class>
  <method>endKeyword</method>
  <thread>1</thread>
  <message>End action : setText(findTestObject(\&amp;quot;Object Repository/Covid-19 Object Repo/Page_Coronavirus Update (Live) 1204075 Case_106633/input_Search_form-control input-sm\&amp;quot;), findTestData(\&amp;quot;Covid-19/Country\&amp;quot;).getValue(1, rowNum))</message>
  <nestedLevel>2</nestedLevel>
</record>
<record>
  <date>2020-04-08T01:21:43</date>
  <millis>1586283703241</millis>
  <sequence>296</sequence>
  <level>START</level>
  <class>com.kms.katalon.core.logging.XmlKeywordLogger</class>
  <method>startKeyword</method>
  <thread>1</thread>
  <message>Start action : getText(findTestObject(\&amp;quot;Covid-19 Object Repo/Page_Coronavirus Update (Live) 1204075 Case_106633/td_102\&amp;quot;))</message>
  <nestedLevel>2</nestedLevel>
  <property name="startLine">31</property>
  <property name="stepIndex">2</property>
  <property name="description">Get New Cases</property>
</record>
<record>
  <date>2020-04-08T01:21:43</date>
  <millis>1586283703730</millis>
  <sequence>305</sequence>
  <level>PASSED</level>
  <class>com.kms.katalon.core.logging.XmlKeywordLogger</class>
  <method>logMessage</method>
  <thread>1</thread>
  <message>Text of object &amp;apos;Object Repository/Covid-19 Object Repo/Page_Coronavirus Update (Live) 1204075 Case_106633/td_102&amp;apos; is: &amp;apos;+19,567&amp;apos;</message>
  <nestedLevel>1</nestedLevel>
</record>
<record>
  <date>2020-04-08T01:21:43</date>
  <millis>1586283703731</millis>
  <sequence>306</sequence>
  <level>END</level>
  <class>com.kms.katalon.core.logging.XmlKeywordLogger</class>
  <method>endKeyword</method>
  <thread>1</thread>
  <message>End action : getText(findTestObject(\&amp;quot;Covid-19 Object Repo/Page_Coronavirus Update (Live) 1204075 Case_106633/td_102\&amp;quot;))</message>
  <nestedLevel>2</nestedLevel>
</record>
<record>
  <date>2020-04-08T01:21:43</date>
  <millis>1586283703732</millis>
  <sequence>307</sequence>
  <level>START</level>
  <class>com.kms.katalon.core.logging.XmlKeywordLogger</class>
  <method>startKeyword</method>
  <thread>1</thread>
  <message>Start action : getText(findTestObject(\&amp;quot;Covid-19 Object Repo/Page_Coronavirus Update (Live) 1204075 Case_106633/td_3\&amp;quot;))</message>
  <nestedLevel>2</nestedLevel>
  <property name="startLine">34</property>
  <property name="stepIndex">3</property>
  <property name="description">Get New Deaths</property>
</record>
<record>
  <date>2020-04-08T01:21:44</date>
  <millis>1586283704231</millis>
  <sequence>316</sequence>
  <level>PASSED</level>
  <class>com.kms.katalon.core.logging.XmlKeywordLogger</class>
  <method>logMessage</method>
  <thread>1</thread>
  <message>Text of object &amp;apos;Object Repository/Covid-19 Object Repo/Page_Coronavirus Update (Live) 1204075 Case_106633/td_3&amp;apos; is: &amp;apos;+1,403&amp;apos;</message>
  <nestedLevel>1</nestedLevel>
</record>
<record>
  <date>2020-04-08T01:21:44</date>
  <millis>1586283704237</millis>
  <sequence>321</sequence>
  <level>END</level>
  <class>com.kms.katalon.core.logging.XmlKeywordLogger</class>
  <method>endKeyword</method>
  <thread>1</thread>
  <message>End action : getText(findTestObject(\&amp;quot;Covid-19 Object Repo/Page_Coronavirus Update (Live) 1204075 Case_106633/td_3\&amp;quot;))</message>
  <nestedLevel>2</nestedLevel>
</record>
<record>
  <date>2020-04-08T01:21:44</date>
  <millis>1586283704238</millis>
  <sequence>322</sequence>
  <level>START</level>
  <class>com.kms.katalon.core.logging.XmlKeywordLogger</class>
  <method>startKeyword</method>
  <thread>1</thread>
  <message>Start action : setText(findTestObject(\&amp;quot;Object Repository/Covid-19 Object Repo/Page_Coronavirus Update (Live) 1204075 Case_106633/input_Search_form-control input-sm\&amp;quot;), findTestData(\&amp;quot;Covid-19/Country\&amp;quot;).getValue(1, rowNum))</message>
  <nestedLevel>2</nestedLevel>
  <property name="startLine">27</property>
  <property name="stepIndex">1</property>
</record>
<record>
  <date>2020-04-08T01:21:45</date>
  <millis>1586283705704</millis>
  <sequence>342</sequence>
  <level>PASSED</level>
  <class>com.kms.katalon.core.logging.XmlKeywordLogger</class>
  <method>logMessage</method>
  <thread>1</thread>
  <message>Text &amp;apos;Spain&amp;apos; is set on object &amp;apos;Object Repository/Covid-19 Object Repo/Page_Coronavirus Update (Live) 1204075 Case_106633/input_Search_form-control input-sm&amp;apos;</message>
  <nestedLevel>1</nestedLevel>
</record>
<record>
  <date>2020-04-08T01:21:45</date>
  <millis>1586283705705</millis>
  <sequence>343</sequence>
  <level>END</level>
  <class>com.kms.katalon.core.logging.XmlKeywordLogger</class>
  <method>endKeyword</method>
  <thread>1</thread>
  <message>End action : setText(findTestObject(\&amp;quot;Object Repository/Covid-19 Object Repo/Page_Coronavirus Update (Live) 1204075 Case_106633/input_Search_form-control input-sm\&amp;quot;), findTestData(\&amp;quot;Covid-19/Country\&amp;quot;).getValue(1, rowNum))</message>
  <nestedLevel>2</nestedLevel>
</record>
<record>
  <date>2020-04-08T01:21:45</date>
  <millis>1586283705706</millis>
  <sequence>344</sequence>
  <level>START</level>
  <class>com.kms.katalon.core.logging.XmlKeywordLogger</class>
  <method>startKeyword</method>
  <thread>1</thread>
  <message>Start action : getText(findTestObject(\&amp;quot;Covid-19 Object Repo/Page_Coronavirus Update (Live) 1204075 Case_106633/td_102\&amp;quot;))</message>
  <nestedLevel>2</nestedLevel>
  <property name="startLine">31</property>
  <property name="stepIndex">2</property>
  <property name="description">Get New Cases</property>
</record>
<record>
  <date>2020-04-08T01:21:46</date>
  <millis>1586283706249</millis>
  <sequence>353</sequence>
  <level>PASSED</level>
  <class>com.kms.katalon.core.logging.XmlKeywordLogger</class>
  <method>logMessage</method>
  <thread>1</thread>
  <message>Text of object &amp;apos;Object Repository/Covid-19 Object Repo/Page_Coronavirus Update (Live) 1204075 Case_106633/td_102&amp;apos; is: &amp;apos;+3,836&amp;apos;</message>
  <nestedLevel>1</nestedLevel>
</record>
<record>
  <date>2020-04-08T01:21:46</date>
  <millis>1586283706250</millis>
  <sequence>354</sequence>
  <level>END</level>
  <class>com.kms.katalon.core.logging.XmlKeywordLogger</class>
  <method>endKeyword</method>
  <thread>1</thread>
  <message>End action : getText(findTestObject(\&amp;quot;Covid-19 Object Repo/Page_Coronavirus Update (Live) 1204075 Case_106633/td_102\&amp;quot;))</message>
  <nestedLevel>2</nestedLevel>
</record>
<record>
  <date>2020-04-08T01:21:46</date>
  <millis>1586283706251</millis>
  <sequence>355</sequence>
  <level>START</level>
  <class>com.kms.katalon.core.logging.XmlKeywordLogger</class>
  <method>startKeyword</method>
  <thread>1</thread>
  <message>Start action : getText(findTestObject(\&amp;quot;Covid-19 Object Repo/Page_Coronavirus Update (Live) 1204075 Case_106633/td_3\&amp;quot;))</message>
  <nestedLevel>2</nestedLevel>
  <property name="startLine">34</property>
  <property name="stepIndex">3</property>
  <property name="description">Get New Deaths</property>
</record>
<record>
  <date>2020-04-08T01:21:46</date>
  <millis>1586283706748</millis>
  <sequence>364</sequence>
  <level>PASSED</level>
  <class>com.kms.katalon.core.logging.XmlKeywordLogger</class>
  <method>logMessage</method>
  <thread>1</thread>
  <message>Text of object &amp;apos;Object Repository/Covid-19 Object Repo/Page_Coronavirus Update (Live) 1204075 Case_106633/td_3&amp;apos; is: &amp;apos;+556&amp;apos;</message>
  <nestedLevel>1</nestedLevel>
</record>
<record>
  <date>2020-04-08T01:21:46</date>
  <millis>1586283706754</millis>
  <sequence>369</sequence>
  <level>END</level>
  <class>com.kms.katalon.core.logging.XmlKeywordLogger</class>
  <method>endKeyword</method>
  <thread>1</thread>
  <message>End action : getText(findTestObject(\&amp;quot;Covid-19 Object Repo/Page_Coronavirus Update (Live) 1204075 Case_106633/td_3\&amp;quot;))</message>
  <nestedLevel>2</nestedLevel>
</record>
<record>
  <date>2020-04-08T01:21:46</date>
  <millis>1586283706756</millis>
  <sequence>370</sequence>
  <level>END</level>
  <class>com.kms.katalon.core.logging.XmlKeywordLogger</class>
  <method>endKeyword</method>
  <thread>1</thread>
  <message>End action : for ([rowNum = 1, rowNum &amp;lt;= findTestData(\&amp;quot;Covid-19/Country\&amp;quot;).getRowNumbers(), (rowNum++)])</message>
  <nestedLevel>1</nestedLevel>
</record>
<record>
  <date>2020-04-08T01:21:46</date>
  <millis>1586283706758</millis>
  <sequence>371</sequence>
  <level>START</level>
  <class>com.kms.katalon.core.logging.XmlKeywordLogger</class>
  <method>startKeyword</method>
  <thread>1</thread>
  <message>Start action : closeBrowser()</message>
  <nestedLevel>1</nestedLevel>
  <property name="startLine">37</property>
  <property name="stepIndex">4</property>
</record>
<record>
  <date>2020-04-08T01:21:47</date>
  <millis>1586283707060</millis>
  <sequence>373</sequence>
  <level>PASSED</level>
  <class>com.kms.katalon.core.logging.XmlKeywordLogger</class>
  <method>logMessage</method>
  <thread>1</thread>
  <message>Browser is closed</message>
  <nestedLevel>1</nestedLevel>
</record>
<record>
  <date>2020-04-08T01:21:47</date>
  <millis>1586283707061</millis>
  <sequence>374</sequence>
  <level>END</level>
  <class>com.kms.katalon.core.logging.XmlKeywordLogger</class>
  <method>endKeyword</method>
  <thread>1</thread>
  <message>End action : closeBrowser()</message>
  <nestedLevel>1</nestedLevel>
</record>
<record>
  <date>2020-04-08T01:21:47</date>
  <millis>1586283707061</millis>
  <sequence>375</sequence>
  <level>PASSED</level>
  <class>com.kms.katalon.core.logging.XmlKeywordLogger</class>
  <method>logMessage</method>
  <thread>1</thread>
  <message>Test Cases/Log in/Covid-19</message>
  <nestedLevel>1</nestedLevel>
</record>
<record>
  <date>2020-04-08T01:21:47</date>
  <millis>1586283707062</millis>
  <sequence>376</sequence>
  <level>END</level>
  <class>com.kms.katalon.core.logging.XmlKeywordLogger</class>
  <method>endTest</method>
  <thread>1</thread>
  <message>End Test Case : Test Cases/Log in/Covid-19</message>
  <nestedLevel>0</nestedLevel>
</record>
<record>
  <date>2020-04-08T01:21:47</date>
  <millis>1586283707064</millis>
  <sequence>377</sequence>
  <level>INFO</level>
  <class>com.kms.katalon.core.logging.XmlKeywordLogger</class>
  <method>logMessage</method>
  <thread>1</thread>
  <message>=================== Smart XPath Report =======================</message>
  <nestedLevel>0</nestedLevel>
</record>
<record>
  <date>2020-04-08T01:21:47</date>
  <millis>1586283707064</millis>
  <sequence>378</sequence>
  <level>INFO</level>
  <class>com.kms.katalon.core.logging.XmlKeywordLogger</class>
  <method>logMessage</method>
  <thread>1</thread>
  <message>Refer to the link below to preview and approve auto healing on broken test objects.</message>
  <nestedLevel>0</nestedLevel>
</record>
<record>
  <date>2020-04-08T01:21:47</date>
  <millis>1586283707065</millis>
  <sequence>379</sequence>
  <level>INFO</level>
  <class>com.kms.katalon.core.logging.XmlKeywordLogger</class>
  <method>logMessage</method>
  <thread>1</thread>
  <message>https://docs.katalon.com/katalon-studio/docs/auto-healing-smart-xpath.html</message>
  <nestedLevel>0</nestedLevel>
</record>
<record>
  <date>2020-04-08T01:21:47</date>
  <millis>1586283707065</millis>
  <sequence>380</sequence>
  <level>INFO</level>
  <class>com.kms.katalon.core.logging.XmlKeywordLogger</class>
  <method>logMessage</method>
  <thread>1</thread>
  <message>===============================================================</message>
  <nestedLevel>0</nestedLevel>
</record>
<record>
  <date>2020-04-08T01:21:47</date>
  <millis>1586283707086</millis>
  <sequence>381</sequence>
  <level>START</level>
  <class>com.kms.katalon.core.logging.XmlKeywordLogger</class>
  <method>startTest</method>
  <thread>1</thread>
  <message>Start Test Case : Test Cases/Log in/Covid-19</message>
  <nestedLevel>1</nestedLevel>
  <property name="name">Test Cases/Log in/Covid-19</property>
  <property name="description"></property>
  <property name="id">Test Cases/Log in/Covid-19</property>
  <property name="source">\\Users\\thaveephongt\\Katalon Studio\\Be Demo\\Test Cases\\Log in\\Covid-19.tc</property>
  <property name="tag"></property>
  <property name="isOptional">false</property>
</record>
<record>
  <date>2020-04-08T01:21:47</date>
  <millis>1586283707097</millis>
  <sequence>383</sequence>
  <level>INFO</level>
  <class>com.kms.katalon.core.logging.XmlKeywordLogger</class>
  <method>logMessage</method>
  <thread>1</thread>
  <message>Country = Spain</message>
  <nestedLevel>1</nestedLevel>
</record>
<record>
  <date>2020-04-08T01:21:47</date>
  <millis>1586283707102</millis>
  <sequence>384</sequence>
  <level>START</level>
  <class>com.kms.katalon.core.logging.XmlKeywordLogger</class>
  <method>startKeyword</method>
  <thread>1</thread>
  <message>Start action : openBrowser(\&amp;quot;https://www.worldometers.info/coronavirus/\&amp;quot;)</message>
  <nestedLevel>1</nestedLevel>
  <property name="startLine">19</property>
  <property name="stepIndex">1</property>
</record>
<record>
  <date>2020-04-08T01:21:47</date>
  <millis>1586283707113</millis>
  <sequence>386</sequence>
  <level>INFO</level>
  <class>com.kms.katalon.core.logging.XmlKeywordLogger</class>
  <method>logMessage</method>
  <thread>1</thread>
  <message>Starting &amp;apos;Chrome&amp;apos; driver</message>
  <nestedLevel>1</nestedLevel>
</record>
<record>
  <date>2020-04-08T01:21:47</date>
  <millis>1586283707116</millis>
  <sequence>388</sequence>
  <level>INFO</level>
  <class>com.kms.katalon.core.logging.XmlKeywordLogger</class>
  <method>logMessage</method>
  <thread>1</thread>
  <message>Action delay is set to 0 milliseconds</message>
  <nestedLevel>1</nestedLevel>
</record>
<record>
  <date>2020-04-08T01:21:49</date>
  <millis>1586283709758</millis>
  <sequence>390</sequence>
  <level>RUN_DATA</level>
  <class>com.kms.katalon.core.logging.XmlKeywordLogger</class>
  <method>logMessage</method>
  <thread>1</thread>
  <message>sessionId = 45e5e598bd7d106e222cdc2ae75a1f16</message>
  <nestedLevel>1</nestedLevel>
  <property name="sessionId">45e5e598bd7d106e222cdc2ae75a1f16</property>
</record>
<record>
  <date>2020-04-08T01:21:49</date>
  <millis>1586283709790</millis>
  <sequence>391</sequence>
  <level>RUN_DATA</level>
  <class>com.kms.katalon.core.logging.XmlKeywordLogger</class>
  <method>logMessage</method>
  <thread>1</thread>
  <message>browser = Chrome 80.0.3987.163</message>
  <nestedLevel>1</nestedLevel>
  <property name="browser">Chrome 80.0.3987.163</property>
</record>
<record>
  <date>2020-04-08T01:21:49</date>
  <millis>1586283709791</millis>
  <sequence>392</sequence>
  <level>RUN_DATA</level>
  <class>com.kms.katalon.core.logging.XmlKeywordLogger</class>
  <method>logMessage</method>
  <thread>1</thread>
  <message>platform = Mac OS X</message>
  <nestedLevel>1</nestedLevel>
  <property name="platform">Mac OS X</property>
</record>
<record>
  <date>2020-04-08T01:21:49</date>
  <millis>1586283709791</millis>
  <sequence>393</sequence>
  <level>RUN_DATA</level>
  <class>com.kms.katalon.core.logging.XmlKeywordLogger</class>
  <method>logMessage</method>
  <thread>1</thread>
  <message>seleniumVersion = 3.141.59</message>
  <nestedLevel>1</nestedLevel>
  <property name="seleniumVersion">3.141.59</property>
</record>
<record>
  <date>2020-04-08T01:21:49</date>
  <millis>1586283709806</millis>
  <sequence>394</sequence>
  <level>RUN_DATA</level>
  <class>com.kms.katalon.core.logging.XmlKeywordLogger</class>
  <method>logMessage</method>
  <thread>1</thread>
  <message>proxyInformation = ProxyInformation{proxyOption=NO_PROXY, proxyServerType=HTTP, password=, proxyServerAddress=, proxyServerPort=0, executionList=}</message>
  <nestedLevel>1</nestedLevel>
  <property name="proxyInformation">ProxyInformation{proxyOption=NO_PROXY, proxyServerType=HTTP, password=, proxyServerAddress=, proxyServerPort=0, executionList=}</property>
</record>
<record>
  <date>2020-04-08T01:22:06</date>
  <millis>1586283726597</millis>
  <sequence>396</sequence>
  <level>PASSED</level>
  <class>com.kms.katalon.core.logging.XmlKeywordLogger</class>
  <method>logMessage</method>
  <thread>1</thread>
  <message>Browser is opened with url: &amp;apos;https://www.worldometers.info/coronavirus/&amp;apos;</message>
  <nestedLevel>1</nestedLevel>
</record>
<record>
  <date>2020-04-08T01:22:06</date>
  <millis>1586283726599</millis>
  <sequence>397</sequence>
  <level>END</level>
  <class>com.kms.katalon.core.logging.XmlKeywordLogger</class>
  <method>endKeyword</method>
  <thread>1</thread>
  <message>End action : openBrowser(\&amp;quot;https://www.worldometers.info/coronavirus/\&amp;quot;)</message>
  <nestedLevel>1</nestedLevel>
</record>
<record>
  <date>2020-04-08T01:22:06</date>
  <millis>1586283726599</millis>
  <sequence>398</sequence>
  <level>START</level>
  <class>com.kms.katalon.core.logging.XmlKeywordLogger</class>
  <method>startKeyword</method>
  <thread>1</thread>
  <message>Start action : click(findTestObject(\&amp;quot;Object Repository/Covid-19 Object Repo/Page_Coronavirus Update (Live) 1204075 Case_106633/a_view by country\&amp;quot;))</message>
  <nestedLevel>1</nestedLevel>
  <property name="startLine">21</property>
  <property name="stepIndex">2</property>
</record>
<record>
  <date>2020-04-08T01:22:19</date>
  <millis>1586283739089</millis>
  <sequence>407</sequence>
  <level>PASSED</level>
  <class>com.kms.katalon.core.logging.XmlKeywordLogger</class>
  <method>logMessage</method>
  <thread>1</thread>
  <message>Object: &amp;apos;Object Repository/Covid-19 Object Repo/Page_Coronavirus Update (Live) 1204075 Case_106633/a_view by country&amp;apos; is clicked on</message>
  <nestedLevel>1</nestedLevel>
</record>
<record>
  <date>2020-04-08T01:22:19</date>
  <millis>1586283739090</millis>
  <sequence>408</sequence>
  <level>END</level>
  <class>com.kms.katalon.core.logging.XmlKeywordLogger</class>
  <method>endKeyword</method>
  <thread>1</thread>
  <message>End action : click(findTestObject(\&amp;quot;Object Repository/Covid-19 Object Repo/Page_Coronavirus Update (Live) 1204075 Case_106633/a_view by country\&amp;quot;))</message>
  <nestedLevel>1</nestedLevel>
</record>
<record>
  <date>2020-04-08T01:22:19</date>
  <millis>1586283739090</millis>
  <sequence>409</sequence>
  <level>START</level>
  <class>com.kms.katalon.core.logging.XmlKeywordLogger</class>
  <method>startKeyword</method>
  <thread>1</thread>
  <message>Start action : for ([rowNum = 1, rowNum &amp;lt;= findTestData(\&amp;quot;Covid-19/Country\&amp;quot;).getRowNumbers(), (rowNum++)])</message>
  <nestedLevel>1</nestedLevel>
  <property name="startLine">25</property>
  <property name="stepIndex">3</property>
</record>
<record>
  <date>2020-04-08T01:22:19</date>
  <millis>1586283739095</millis>
  <sequence>414</sequence>
  <level>START</level>
  <class>com.kms.katalon.core.logging.XmlKeywordLogger</class>
  <method>startKeyword</method>
  <thread>1</thread>
  <message>Start action : setText(findTestObject(\&amp;quot;Object Repository/Covid-19 Object Repo/Page_Coronavirus Update (Live) 1204075 Case_106633/input_Search_form-control input-sm\&amp;quot;), findTestData(\&amp;quot;Covid-19/Country\&amp;quot;).getValue(1, rowNum))</message>
  <nestedLevel>2</nestedLevel>
  <property name="startLine">27</property>
  <property name="stepIndex">1</property>
</record>
<record>
  <date>2020-04-08T01:22:21</date>
  <millis>1586283741053</millis>
  <sequence>434</sequence>
  <level>PASSED</level>
  <class>com.kms.katalon.core.logging.XmlKeywordLogger</class>
  <method>logMessage</method>
  <thread>1</thread>
  <message>Text &amp;apos;Thailand&amp;apos; is set on object &amp;apos;Object Repository/Covid-19 Object Repo/Page_Coronavirus Update (Live) 1204075 Case_106633/input_Search_form-control input-sm&amp;apos;</message>
  <nestedLevel>1</nestedLevel>
</record>
<record>
  <date>2020-04-08T01:22:21</date>
  <millis>1586283741055</millis>
  <sequence>435</sequence>
  <level>END</level>
  <class>com.kms.katalon.core.logging.XmlKeywordLogger</class>
  <method>endKeyword</method>
  <thread>1</thread>
  <message>End action : setText(findTestObject(\&amp;quot;Object Repository/Covid-19 Object Repo/Page_Coronavirus Update (Live) 1204075 Case_106633/input_Search_form-control input-sm\&amp;quot;), findTestData(\&amp;quot;Covid-19/Country\&amp;quot;).getValue(1, rowNum))</message>
  <nestedLevel>2</nestedLevel>
</record>
<record>
  <date>2020-04-08T01:22:21</date>
  <millis>1586283741055</millis>
  <sequence>436</sequence>
  <level>START</level>
  <class>com.kms.katalon.core.logging.XmlKeywordLogger</class>
  <method>startKeyword</method>
  <thread>1</thread>
  <message>Start action : getText(findTestObject(\&amp;quot;Covid-19 Object Repo/Page_Coronavirus Update (Live) 1204075 Case_106633/td_102\&amp;quot;))</message>
  <nestedLevel>2</nestedLevel>
  <property name="startLine">31</property>
  <property name="stepIndex">2</property>
  <property name="description">Get New Cases</property>
</record>
<record>
  <date>2020-04-08T01:22:21</date>
  <millis>1586283741590</millis>
  <sequence>445</sequence>
  <level>PASSED</level>
  <class>com.kms.katalon.core.logging.XmlKeywordLogger</class>
  <method>logMessage</method>
  <thread>1</thread>
  <message>Text of object &amp;apos;Object Repository/Covid-19 Object Repo/Page_Coronavirus Update (Live) 1204075 Case_106633/td_102&amp;apos; is: &amp;apos;+38&amp;apos;</message>
  <nestedLevel>1</nestedLevel>
</record>
<record>
  <date>2020-04-08T01:22:21</date>
  <millis>1586283741591</millis>
  <sequence>446</sequence>
  <level>END</level>
  <class>com.kms.katalon.core.logging.XmlKeywordLogger</class>
  <method>endKeyword</method>
  <thread>1</thread>
  <message>End action : getText(findTestObject(\&amp;quot;Covid-19 Object Repo/Page_Coronavirus Update (Live) 1204075 Case_106633/td_102\&amp;quot;))</message>
  <nestedLevel>2</nestedLevel>
</record>
<record>
  <date>2020-04-08T01:22:21</date>
  <millis>1586283741591</millis>
  <sequence>447</sequence>
  <level>START</level>
  <class>com.kms.katalon.core.logging.XmlKeywordLogger</class>
  <method>startKeyword</method>
  <thread>1</thread>
  <message>Start action : getText(findTestObject(\&amp;quot;Covid-19 Object Repo/Page_Coronavirus Update (Live) 1204075 Case_106633/td_3\&amp;quot;))</message>
  <nestedLevel>2</nestedLevel>
  <property name="startLine">34</property>
  <property name="stepIndex">3</property>
  <property name="description">Get New Deaths</property>
</record>
<record>
  <date>2020-04-08T01:22:22</date>
  <millis>1586283742151</millis>
  <sequence>456</sequence>
  <level>PASSED</level>
  <class>com.kms.katalon.core.logging.XmlKeywordLogger</class>
  <method>logMessage</method>
  <thread>1</thread>
  <message>Text of object &amp;apos;Object Repository/Covid-19 Object Repo/Page_Coronavirus Update (Live) 1204075 Case_106633/td_3&amp;apos; is: &amp;apos;+1&amp;apos;</message>
  <nestedLevel>1</nestedLevel>
</record>
<record>
  <date>2020-04-08T01:22:22</date>
  <millis>1586283742156</millis>
  <sequence>461</sequence>
  <level>END</level>
  <class>com.kms.katalon.core.logging.XmlKeywordLogger</class>
  <method>endKeyword</method>
  <thread>1</thread>
  <message>End action : getText(findTestObject(\&amp;quot;Covid-19 Object Repo/Page_Coronavirus Update (Live) 1204075 Case_106633/td_3\&amp;quot;))</message>
  <nestedLevel>2</nestedLevel>
</record>
<record>
  <date>2020-04-08T01:22:22</date>
  <millis>1586283742156</millis>
  <sequence>462</sequence>
  <level>START</level>
  <class>com.kms.katalon.core.logging.XmlKeywordLogger</class>
  <method>startKeyword</method>
  <thread>1</thread>
  <message>Start action : setText(findTestObject(\&amp;quot;Object Repository/Covid-19 Object Repo/Page_Coronavirus Update (Live) 1204075 Case_106633/input_Search_form-control input-sm\&amp;quot;), findTestData(\&amp;quot;Covid-19/Country\&amp;quot;).getValue(1, rowNum))</message>
  <nestedLevel>2</nestedLevel>
  <property name="startLine">27</property>
  <property name="stepIndex">1</property>
</record>
<record>
  <date>2020-04-08T01:22:23</date>
  <millis>1586283743474</millis>
  <sequence>482</sequence>
  <level>PASSED</level>
  <class>com.kms.katalon.core.logging.XmlKeywordLogger</class>
  <method>logMessage</method>
  <thread>1</thread>
  <message>Text &amp;apos;USA&amp;apos; is set on object &amp;apos;Object Repository/Covid-19 Object Repo/Page_Coronavirus Update (Live) 1204075 Case_106633/input_Search_form-control input-sm&amp;apos;</message>
  <nestedLevel>1</nestedLevel>
</record>
<record>
  <date>2020-04-08T01:22:23</date>
  <millis>1586283743475</millis>
  <sequence>483</sequence>
  <level>END</level>
  <class>com.kms.katalon.core.logging.XmlKeywordLogger</class>
  <method>endKeyword</method>
  <thread>1</thread>
  <message>End action : setText(findTestObject(\&amp;quot;Object Repository/Covid-19 Object Repo/Page_Coronavirus Update (Live) 1204075 Case_106633/input_Search_form-control input-sm\&amp;quot;), findTestData(\&amp;quot;Covid-19/Country\&amp;quot;).getValue(1, rowNum))</message>
  <nestedLevel>2</nestedLevel>
</record>
<record>
  <date>2020-04-08T01:22:23</date>
  <millis>1586283743475</millis>
  <sequence>484</sequence>
  <level>START</level>
  <class>com.kms.katalon.core.logging.XmlKeywordLogger</class>
  <method>startKeyword</method>
  <thread>1</thread>
  <message>Start action : getText(findTestObject(\&amp;quot;Covid-19 Object Repo/Page_Coronavirus Update (Live) 1204075 Case_106633/td_102\&amp;quot;))</message>
  <nestedLevel>2</nestedLevel>
  <property name="startLine">31</property>
  <property name="stepIndex">2</property>
  <property name="description">Get New Cases</property>
</record>
<record>
  <date>2020-04-08T01:22:24</date>
  <millis>1586283744015</millis>
  <sequence>493</sequence>
  <level>PASSED</level>
  <class>com.kms.katalon.core.logging.XmlKeywordLogger</class>
  <method>logMessage</method>
  <thread>1</thread>
  <message>Text of object &amp;apos;Object Repository/Covid-19 Object Repo/Page_Coronavirus Update (Live) 1204075 Case_106633/td_102&amp;apos; is: &amp;apos;+19,567&amp;apos;</message>
  <nestedLevel>1</nestedLevel>
</record>
<record>
  <date>2020-04-08T01:22:24</date>
  <millis>1586283744015</millis>
  <sequence>494</sequence>
  <level>END</level>
  <class>com.kms.katalon.core.logging.XmlKeywordLogger</class>
  <method>endKeyword</method>
  <thread>1</thread>
  <message>End action : getText(findTestObject(\&amp;quot;Covid-19 Object Repo/Page_Coronavirus Update (Live) 1204075 Case_106633/td_102\&amp;quot;))</message>
  <nestedLevel>2</nestedLevel>
</record>
<record>
  <date>2020-04-08T01:22:24</date>
  <millis>1586283744016</millis>
  <sequence>495</sequence>
  <level>START</level>
  <class>com.kms.katalon.core.logging.XmlKeywordLogger</class>
  <method>startKeyword</method>
  <thread>1</thread>
  <message>Start action : getText(findTestObject(\&amp;quot;Covid-19 Object Repo/Page_Coronavirus Update (Live) 1204075 Case_106633/td_3\&amp;quot;))</message>
  <nestedLevel>2</nestedLevel>
  <property name="startLine">34</property>
  <property name="stepIndex">3</property>
  <property name="description">Get New Deaths</property>
</record>
<record>
  <date>2020-04-08T01:22:24</date>
  <millis>1586283744579</millis>
  <sequence>504</sequence>
  <level>PASSED</level>
  <class>com.kms.katalon.core.logging.XmlKeywordLogger</class>
  <method>logMessage</method>
  <thread>1</thread>
  <message>Text of object &amp;apos;Object Repository/Covid-19 Object Repo/Page_Coronavirus Update (Live) 1204075 Case_106633/td_3&amp;apos; is: &amp;apos;+1,403&amp;apos;</message>
  <nestedLevel>1</nestedLevel>
</record>
<record>
  <date>2020-04-08T01:22:24</date>
  <millis>1586283744584</millis>
  <sequence>509</sequence>
  <level>END</level>
  <class>com.kms.katalon.core.logging.XmlKeywordLogger</class>
  <method>endKeyword</method>
  <thread>1</thread>
  <message>End action : getText(findTestObject(\&amp;quot;Covid-19 Object Repo/Page_Coronavirus Update (Live) 1204075 Case_106633/td_3\&amp;quot;))</message>
  <nestedLevel>2</nestedLevel>
</record>
<record>
  <date>2020-04-08T01:22:24</date>
  <millis>1586283744584</millis>
  <sequence>510</sequence>
  <level>START</level>
  <class>com.kms.katalon.core.logging.XmlKeywordLogger</class>
  <method>startKeyword</method>
  <thread>1</thread>
  <message>Start action : setText(findTestObject(\&amp;quot;Object Repository/Covid-19 Object Repo/Page_Coronavirus Update (Live) 1204075 Case_106633/input_Search_form-control input-sm\&amp;quot;), findTestData(\&amp;quot;Covid-19/Country\&amp;quot;).getValue(1, rowNum))</message>
  <nestedLevel>2</nestedLevel>
  <property name="startLine">27</property>
  <property name="stepIndex">1</property>
</record>
<record>
  <date>2020-04-08T01:22:25</date>
  <millis>1586283745902</millis>
  <sequence>530</sequence>
  <level>PASSED</level>
  <class>com.kms.katalon.core.logging.XmlKeywordLogger</class>
  <method>logMessage</method>
  <thread>1</thread>
  <message>Text &amp;apos;Spain&amp;apos; is set on object &amp;apos;Object Repository/Covid-19 Object Repo/Page_Coronavirus Update (Live) 1204075 Case_106633/input_Search_form-control input-sm&amp;apos;</message>
  <nestedLevel>1</nestedLevel>
</record>
<record>
  <date>2020-04-08T01:22:25</date>
  <millis>1586283745903</millis>
  <sequence>531</sequence>
  <level>END</level>
  <class>com.kms.katalon.core.logging.XmlKeywordLogger</class>
  <method>endKeyword</method>
  <thread>1</thread>
  <message>End action : setText(findTestObject(\&amp;quot;Object Repository/Covid-19 Object Repo/Page_Coronavirus Update (Live) 1204075 Case_106633/input_Search_form-control input-sm\&amp;quot;), findTestData(\&amp;quot;Covid-19/Country\&amp;quot;).getValue(1, rowNum))</message>
  <nestedLevel>2</nestedLevel>
</record>
<record>
  <date>2020-04-08T01:22:25</date>
  <millis>1586283745903</millis>
  <sequence>532</sequence>
  <level>START</level>
  <class>com.kms.katalon.core.logging.XmlKeywordLogger</class>
  <method>startKeyword</method>
  <thread>1</thread>
  <message>Start action : getText(findTestObject(\&amp;quot;Covid-19 Object Repo/Page_Coronavirus Update (Live) 1204075 Case_106633/td_102\&amp;quot;))</message>
  <nestedLevel>2</nestedLevel>
  <property name="startLine">31</property>
  <property name="stepIndex">2</property>
  <property name="description">Get New Cases</property>
</record>
<record>
  <date>2020-04-08T01:22:26</date>
  <millis>1586283746578</millis>
  <sequence>541</sequence>
  <level>PASSED</level>
  <class>com.kms.katalon.core.logging.XmlKeywordLogger</class>
  <method>logMessage</method>
  <thread>1</thread>
  <message>Text of object &amp;apos;Object Repository/Covid-19 Object Repo/Page_Coronavirus Update (Live) 1204075 Case_106633/td_102&amp;apos; is: &amp;apos;+3,836&amp;apos;</message>
  <nestedLevel>1</nestedLevel>
</record>
<record>
  <date>2020-04-08T01:22:26</date>
  <millis>1586283746579</millis>
  <sequence>542</sequence>
  <level>END</level>
  <class>com.kms.katalon.core.logging.XmlKeywordLogger</class>
  <method>endKeyword</method>
  <thread>1</thread>
  <message>End action : getText(findTestObject(\&amp;quot;Covid-19 Object Repo/Page_Coronavirus Update (Live) 1204075 Case_106633/td_102\&amp;quot;))</message>
  <nestedLevel>2</nestedLevel>
</record>
<record>
  <date>2020-04-08T01:22:26</date>
  <millis>1586283746579</millis>
  <sequence>543</sequence>
  <level>START</level>
  <class>com.kms.katalon.core.logging.XmlKeywordLogger</class>
  <method>startKeyword</method>
  <thread>1</thread>
  <message>Start action : getText(findTestObject(\&amp;quot;Covid-19 Object Repo/Page_Coronavirus Update (Live) 1204075 Case_106633/td_3\&amp;quot;))</message>
  <nestedLevel>2</nestedLevel>
  <property name="startLine">34</property>
  <property name="stepIndex">3</property>
  <property name="description">Get New Deaths</property>
</record>
<record>
  <date>2020-04-08T01:22:27</date>
  <millis>1586283747421</millis>
  <sequence>552</sequence>
  <level>PASSED</level>
  <class>com.kms.katalon.core.logging.XmlKeywordLogger</class>
  <method>logMessage</method>
  <thread>1</thread>
  <message>Text of object &amp;apos;Object Repository/Covid-19 Object Repo/Page_Coronavirus Update (Live) 1204075 Case_106633/td_3&amp;apos; is: &amp;apos;+556&amp;apos;</message>
  <nestedLevel>1</nestedLevel>
</record>
<record>
  <date>2020-04-08T01:22:27</date>
  <millis>1586283747425</millis>
  <sequence>557</sequence>
  <level>END</level>
  <class>com.kms.katalon.core.logging.XmlKeywordLogger</class>
  <method>endKeyword</method>
  <thread>1</thread>
  <message>End action : getText(findTestObject(\&amp;quot;Covid-19 Object Repo/Page_Coronavirus Update (Live) 1204075 Case_106633/td_3\&amp;quot;))</message>
  <nestedLevel>2</nestedLevel>
</record>
<record>
  <date>2020-04-08T01:22:27</date>
  <millis>1586283747426</millis>
  <sequence>558</sequence>
  <level>END</level>
  <class>com.kms.katalon.core.logging.XmlKeywordLogger</class>
  <method>endKeyword</method>
  <thread>1</thread>
  <message>End action : for ([rowNum = 1, rowNum &amp;lt;= findTestData(\&amp;quot;Covid-19/Country\&amp;quot;).getRowNumbers(), (rowNum++)])</message>
  <nestedLevel>1</nestedLevel>
</record>
<record>
  <date>2020-04-08T01:22:27</date>
  <millis>1586283747426</millis>
  <sequence>559</sequence>
  <level>START</level>
  <class>com.kms.katalon.core.logging.XmlKeywordLogger</class>
  <method>startKeyword</method>
  <thread>1</thread>
  <message>Start action : closeBrowser()</message>
  <nestedLevel>1</nestedLevel>
  <property name="startLine">37</property>
  <property name="stepIndex">4</property>
</record>
<record>
  <date>2020-04-08T01:22:27</date>
  <millis>1586283747831</millis>
  <sequence>561</sequence>
  <level>PASSED</level>
  <class>com.kms.katalon.core.logging.XmlKeywordLogger</class>
  <method>logMessage</method>
  <thread>1</thread>
  <message>Browser is closed</message>
  <nestedLevel>1</nestedLevel>
</record>
<record>
  <date>2020-04-08T01:22:27</date>
  <millis>1586283747831</millis>
  <sequence>562</sequence>
  <level>END</level>
  <class>com.kms.katalon.core.logging.XmlKeywordLogger</class>
  <method>endKeyword</method>
  <thread>1</thread>
  <message>End action : closeBrowser()</message>
  <nestedLevel>1</nestedLevel>
</record>
<record>
  <date>2020-04-08T01:22:27</date>
  <millis>1586283747831</millis>
  <sequence>563</sequence>
  <level>PASSED</level>
  <class>com.kms.katalon.core.logging.XmlKeywordLogger</class>
  <method>logMessage</method>
  <thread>1</thread>
  <message>Test Cases/Log in/Covid-19</message>
  <nestedLevel>1</nestedLevel>
</record>
<record>
  <date>2020-04-08T01:22:27</date>
  <millis>1586283747832</millis>
  <sequence>564</sequence>
  <level>END</level>
  <class>com.kms.katalon.core.logging.XmlKeywordLogger</class>
  <method>endTest</method>
  <thread>1</thread>
  <message>End Test Case : Test Cases/Log in/Covid-19</message>
  <nestedLevel>0</nestedLevel>
</record>
<record>
  <date>2020-04-08T01:22:27</date>
  <millis>1586283747833</millis>
  <sequence>565</sequence>
  <level>INFO</level>
  <class>com.kms.katalon.core.logging.XmlKeywordLogger</class>
  <method>logMessage</method>
  <thread>1</thread>
  <message>=================== Smart XPath Report =======================</message>
  <nestedLevel>0</nestedLevel>
</record>
<record>
  <date>2020-04-08T01:22:27</date>
  <millis>1586283747833</millis>
  <sequence>566</sequence>
  <level>INFO</level>
  <class>com.kms.katalon.core.logging.XmlKeywordLogger</class>
  <method>logMessage</method>
  <thread>1</thread>
  <message>Refer to the link below to preview and approve auto healing on broken test objects.</message>
  <nestedLevel>0</nestedLevel>
</record>
<record>
  <date>2020-04-08T01:22:27</date>
  <millis>1586283747834</millis>
  <sequence>567</sequence>
  <level>INFO</level>
  <class>com.kms.katalon.core.logging.XmlKeywordLogger</class>
  <method>logMessage</method>
  <thread>1</thread>
  <message>https://docs.katalon.com/katalon-studio/docs/auto-healing-smart-xpath.html</message>
  <nestedLevel>0</nestedLevel>
</record>
<record>
  <date>2020-04-08T01:22:27</date>
  <millis>1586283747835</millis>
  <sequence>568</sequence>
  <level>INFO</level>
  <class>com.kms.katalon.core.logging.XmlKeywordLogger</class>
  <method>logMessage</method>
  <thread>1</thread>
  <message>===============================================================</message>
  <nestedLevel>0</nestedLevel>
</record>
<record>
  <date>2020-04-08T01:22:27</date>
  <millis>1586283747835</millis>
  <sequence>569</sequence>
  <level>START</level>
  <class>com.kms.katalon.core.logging.XmlKeywordLogger</class>
  <method>startKeyword</method>
  <thread>1</thread>
  <message>Start listener action : exportKatalonReports</message>
  <nestedLevel>0</nestedLevel>
</record>
<record>
  <date>2020-04-08T01:22:28</date>
  <millis>1586283748199</millis>
  <sequence>901</sequence>
  <level>INFO</level>
  <class>com.kms.katalon.core.logging.XmlKeywordLogger</class>
  <method>logMessage</method>
  <thread>1</thread>
  <message>Start generating HTML report folder at: /Users/thaveephongt/Katalon Studio/Be Demo/Reports/20200408_011948/Covid-19/20200408_011948...</message>
  <nestedLevel>0</nestedLevel>
</record>
<record>
  <date>2020-04-08T01:22:28</date>
  <millis>1586283748242</millis>
  <sequence>902</sequence>
  <level>INFO</level>
  <class>com.kms.katalon.core.logging.XmlKeywordLogger</class>
  <method>logMessage</method>
  <thread>1</thread>
  <message>HTML report generated</message>
  <nestedLevel>0</nestedLevel>
</record>
<record>
  <date>2020-04-08T01:22:28</date>
  <millis>1586283748243</millis>
  <sequence>903</sequence>
  <level>INFO</level>
  <class>com.kms.katalon.core.logging.XmlKeywordLogger</class>
  <method>logMessage</method>
  <thread>1</thread>
  <message>Start generating CSV report folder at: /Users/thaveephongt/Katalon Studio/Be Demo/Reports/20200408_011948/Covid-19/20200408_011948...</message>
  <nestedLevel>0</nestedLevel>
</record>
<record>
  <date>2020-04-08T01:22:28</date>
  <millis>1586283748269</millis>
  <sequence>904</sequence>
  <level>INFO</level>
  <class>com.kms.katalon.core.logging.XmlKeywordLogger</class>
  <method>logMessage</method>
  <thread>1</thread>
  <message>CSV report generated</message>
  <nestedLevel>0</nestedLevel>
</record>
<record>
  <date>2020-04-08T01:22:28</date>
  <millis>1586283748269</millis>
  <sequence>906</sequence>
  <level>END</level>
  <class>com.kms.katalon.core.logging.XmlKeywordLogger</class>
  <method>endKeyword</method>
  <thread>1</thread>
  <message>End listener action : exportKatalonReports</message>
  <nestedLevel>0</nestedLevel>
</record>
<record>
  <date>2020-04-08T01:22:28</date>
  <millis>1586283748374</millis>
  <sequence>907</sequence>
  <level>END</level>
  <class>com.kms.katalon.core.logging.XmlKeywordLogger</class>
  <method>endSuite</method>
  <thread>1</thread>
  <message>End Test Suite : Test Suites/Covid-19</message>
  <nestedLevel>0</nestedLevel>
</record>
</log>