<?xml version="1.0" encoding="UTF-8" standalone="no"?>
<!DOCTYPE log SYSTEM "logger.dtd">
<log>
<record>
  <date>2020-04-08T00:50:55</date>
  <millis>1586281855446</millis>
  <sequence>0</sequence>
  <level>START</level>
  <class>com.kms.katalon.core.logging.XmlKeywordLogger</class>
  <method>startSuite</method>
  <thread>1</thread>
  <message>Start Test Suite : Test Suites/Covid-19</message>
  <nestedLevel>0</nestedLevel>
  <property name="name">Covid-19</property>
  <property name="description"></property>
  <property name="id">Test Suites/Covid-19</property>
</record>
<record>
  <date>2020-04-08T00:50:55</date>
  <millis>1586281855474</millis>
  <sequence>1</sequence>
  <level>RUN_DATA</level>
  <class>com.kms.katalon.core.logging.XmlKeywordLogger</class>
  <method>logMessage</method>
  <thread>1</thread>
  <message>hostName = thaveephongt - 192.168.1.107</message>
  <nestedLevel>0</nestedLevel>
  <property name="hostName">thaveephongt - 192.168.1.107</property>
</record>
<record>
  <date>2020-04-08T00:50:55</date>
  <millis>1586281855476</millis>
  <sequence>2</sequence>
  <level>RUN_DATA</level>
  <class>com.kms.katalon.core.logging.XmlKeywordLogger</class>
  <method>logMessage</method>
  <thread>1</thread>
  <message>os = Mac OS X 64bit</message>
  <nestedLevel>0</nestedLevel>
  <property name="os">Mac OS X 64bit</property>
</record>
<record>
  <date>2020-04-08T00:50:55</date>
  <millis>1586281855477</millis>
  <sequence>3</sequence>
  <level>RUN_DATA</level>
  <class>com.kms.katalon.core.logging.XmlKeywordLogger</class>
  <method>logMessage</method>
  <thread>1</thread>
  <message>hostAddress = 192.168.1.107</message>
  <nestedLevel>0</nestedLevel>
  <property name="hostAddress">192.168.1.107</property>
</record>
<record>
  <date>2020-04-08T00:50:55</date>
  <millis>1586281855479</millis>
  <sequence>4</sequence>
  <level>RUN_DATA</level>
  <class>com.kms.katalon.core.logging.XmlKeywordLogger</class>
  <method>logMessage</method>
  <thread>1</thread>
  <message>katalonVersion = 7.3.0.1</message>
  <nestedLevel>0</nestedLevel>
  <property name="katalonVersion">7.3.0.1</property>
</record>
<record>
  <date>2020-04-08T00:50:56</date>
  <millis>1586281856168</millis>
  <sequence>5</sequence>
  <level>START</level>
  <class>com.kms.katalon.core.logging.XmlKeywordLogger</class>
  <method>startTest</method>
  <thread>1</thread>
  <message>Start Test Case : Test Cases/Log in/Covid-19</message>
  <nestedLevel>1</nestedLevel>
  <property name="name">Test Cases/Log in/Covid-19</property>
  <property name="description"></property>
  <property name="id">Test Cases/Log in/Covid-19</property>
  <property name="source">\\Users\\thaveephongt\\Katalon Studio\\Be Demo\\Test Cases\\Log in\\Covid-19.tc</property>
  <property name="tag"></property>
  <property name="isOptional">false</property>
</record>
<record>
  <date>2020-04-08T00:50:56</date>
  <millis>1586281856217</millis>
  <sequence>7</sequence>
  <level>INFO</level>
  <class>com.kms.katalon.core.logging.XmlKeywordLogger</class>
  <method>logMessage</method>
  <thread>1</thread>
  <message>Country = Thailand</message>
  <nestedLevel>1</nestedLevel>
</record>
<record>
  <date>2020-04-08T00:50:56</date>
  <millis>1586281856740</millis>
  <sequence>8</sequence>
  <level>START</level>
  <class>com.kms.katalon.core.logging.XmlKeywordLogger</class>
  <method>startKeyword</method>
  <thread>1</thread>
  <message>Start action : openBrowser(\&amp;quot;https://www.worldometers.info/coronavirus/\&amp;quot;)</message>
  <nestedLevel>1</nestedLevel>
  <property name="startLine">19</property>
  <property name="stepIndex">1</property>
</record>
<record>
  <date>2020-04-08T00:50:57</date>
  <millis>1586281857326</millis>
  <sequence>10</sequence>
  <level>INFO</level>
  <class>com.kms.katalon.core.logging.XmlKeywordLogger</class>
  <method>logMessage</method>
  <thread>1</thread>
  <message>Starting &amp;apos;Chrome&amp;apos; driver</message>
  <nestedLevel>1</nestedLevel>
</record>
<record>
  <date>2020-04-08T00:50:57</date>
  <millis>1586281857395</millis>
  <sequence>12</sequence>
  <level>INFO</level>
  <class>com.kms.katalon.core.logging.XmlKeywordLogger</class>
  <method>logMessage</method>
  <thread>1</thread>
  <message>Action delay is set to 0 milliseconds</message>
  <nestedLevel>1</nestedLevel>
</record>
<record>
  <date>2020-04-08T00:51:01</date>
  <millis>1586281861157</millis>
  <sequence>14</sequence>
  <level>RUN_DATA</level>
  <class>com.kms.katalon.core.logging.XmlKeywordLogger</class>
  <method>logMessage</method>
  <thread>1</thread>
  <message>sessionId = 3e77bbb4f5d8efca88b316392aa1cecd</message>
  <nestedLevel>1</nestedLevel>
  <property name="sessionId">3e77bbb4f5d8efca88b316392aa1cecd</property>
</record>
<record>
  <date>2020-04-08T00:51:01</date>
  <millis>1586281861205</millis>
  <sequence>15</sequence>
  <level>RUN_DATA</level>
  <class>com.kms.katalon.core.logging.XmlKeywordLogger</class>
  <method>logMessage</method>
  <thread>1</thread>
  <message>browser = Chrome 80.0.3987.149</message>
  <nestedLevel>1</nestedLevel>
  <property name="browser">Chrome 80.0.3987.149</property>
</record>
<record>
  <date>2020-04-08T00:51:01</date>
  <millis>1586281861207</millis>
  <sequence>16</sequence>
  <level>RUN_DATA</level>
  <class>com.kms.katalon.core.logging.XmlKeywordLogger</class>
  <method>logMessage</method>
  <thread>1</thread>
  <message>platform = Mac OS X</message>
  <nestedLevel>1</nestedLevel>
  <property name="platform">Mac OS X</property>
</record>
<record>
  <date>2020-04-08T00:51:01</date>
  <millis>1586281861208</millis>
  <sequence>17</sequence>
  <level>RUN_DATA</level>
  <class>com.kms.katalon.core.logging.XmlKeywordLogger</class>
  <method>logMessage</method>
  <thread>1</thread>
  <message>seleniumVersion = 3.141.59</message>
  <nestedLevel>1</nestedLevel>
  <property name="seleniumVersion">3.141.59</property>
</record>
<record>
  <date>2020-04-08T00:51:01</date>
  <millis>1586281861210</millis>
  <sequence>18</sequence>
  <level>RUN_DATA</level>
  <class>com.kms.katalon.core.logging.XmlKeywordLogger</class>
  <method>logMessage</method>
  <thread>1</thread>
  <message>proxyInformation = ProxyInformation{proxyOption=NO_PROXY, proxyServerType=HTTP, password=, proxyServerAddress=, proxyServerPort=0, executionList=}</message>
  <nestedLevel>1</nestedLevel>
  <property name="proxyInformation">ProxyInformation{proxyOption=NO_PROXY, proxyServerType=HTTP, password=, proxyServerAddress=, proxyServerPort=0, executionList=}</property>
</record>
<record>
  <date>2020-04-08T00:51:14</date>
  <millis>1586281874368</millis>
  <sequence>20</sequence>
  <level>PASSED</level>
  <class>com.kms.katalon.core.logging.XmlKeywordLogger</class>
  <method>logMessage</method>
  <thread>1</thread>
  <message>Browser is opened with url: &amp;apos;https://www.worldometers.info/coronavirus/&amp;apos;</message>
  <nestedLevel>1</nestedLevel>
</record>
<record>
  <date>2020-04-08T00:51:14</date>
  <millis>1586281874372</millis>
  <sequence>21</sequence>
  <level>END</level>
  <class>com.kms.katalon.core.logging.XmlKeywordLogger</class>
  <method>endKeyword</method>
  <thread>1</thread>
  <message>End action : openBrowser(\&amp;quot;https://www.worldometers.info/coronavirus/\&amp;quot;)</message>
  <nestedLevel>1</nestedLevel>
</record>
<record>
  <date>2020-04-08T00:51:14</date>
  <millis>1586281874373</millis>
  <sequence>22</sequence>
  <level>START</level>
  <class>com.kms.katalon.core.logging.XmlKeywordLogger</class>
  <method>startKeyword</method>
  <thread>1</thread>
  <message>Start action : click(findTestObject(\&amp;quot;Object Repository/Covid-19 Object Repo/Page_Coronavirus Update (Live) 1204075 Case_106633/a_view by country\&amp;quot;))</message>
  <nestedLevel>1</nestedLevel>
  <property name="startLine">21</property>
  <property name="stepIndex">2</property>
</record>
<record>
  <date>2020-04-08T00:51:25</date>
  <millis>1586281885537</millis>
  <sequence>31</sequence>
  <level>PASSED</level>
  <class>com.kms.katalon.core.logging.XmlKeywordLogger</class>
  <method>logMessage</method>
  <thread>1</thread>
  <message>Object: &amp;apos;Object Repository/Covid-19 Object Repo/Page_Coronavirus Update (Live) 1204075 Case_106633/a_view by country&amp;apos; is clicked on</message>
  <nestedLevel>1</nestedLevel>
</record>
<record>
  <date>2020-04-08T00:51:25</date>
  <millis>1586281885539</millis>
  <sequence>32</sequence>
  <level>END</level>
  <class>com.kms.katalon.core.logging.XmlKeywordLogger</class>
  <method>endKeyword</method>
  <thread>1</thread>
  <message>End action : click(findTestObject(\&amp;quot;Object Repository/Covid-19 Object Repo/Page_Coronavirus Update (Live) 1204075 Case_106633/a_view by country\&amp;quot;))</message>
  <nestedLevel>1</nestedLevel>
</record>
<record>
  <date>2020-04-08T00:51:25</date>
  <millis>1586281885539</millis>
  <sequence>33</sequence>
  <level>START</level>
  <class>com.kms.katalon.core.logging.XmlKeywordLogger</class>
  <method>startKeyword</method>
  <thread>1</thread>
  <message>Start action : for ([rowNum = 1, rowNum &amp;lt;= findTestData(\&amp;quot;Covid-19/Country\&amp;quot;).getRowNumbers(), (rowNum++)])</message>
  <nestedLevel>1</nestedLevel>
  <property name="startLine">25</property>
  <property name="stepIndex">3</property>
</record>
<record>
  <date>2020-04-08T00:51:25</date>
  <millis>1586281885646</millis>
  <sequence>38</sequence>
  <level>START</level>
  <class>com.kms.katalon.core.logging.XmlKeywordLogger</class>
  <method>startKeyword</method>
  <thread>1</thread>
  <message>Start action : setText(findTestObject(\&amp;quot;Object Repository/Covid-19 Object Repo/Page_Coronavirus Update (Live) 1204075 Case_106633/input_Search_form-control input-sm\&amp;quot;), findTestData(\&amp;quot;Covid-19/Country\&amp;quot;).getValue(1, rowNum))</message>
  <nestedLevel>2</nestedLevel>
  <property name="startLine">27</property>
  <property name="stepIndex">1</property>
</record>
<record>
  <date>2020-04-08T00:51:27</date>
  <millis>1586281887575</millis>
  <sequence>58</sequence>
  <level>PASSED</level>
  <class>com.kms.katalon.core.logging.XmlKeywordLogger</class>
  <method>logMessage</method>
  <thread>1</thread>
  <message>Text &amp;apos;Thailand&amp;apos; is set on object &amp;apos;Object Repository/Covid-19 Object Repo/Page_Coronavirus Update (Live) 1204075 Case_106633/input_Search_form-control input-sm&amp;apos;</message>
  <nestedLevel>1</nestedLevel>
</record>
<record>
  <date>2020-04-08T00:51:27</date>
  <millis>1586281887578</millis>
  <sequence>59</sequence>
  <level>END</level>
  <class>com.kms.katalon.core.logging.XmlKeywordLogger</class>
  <method>endKeyword</method>
  <thread>1</thread>
  <message>End action : setText(findTestObject(\&amp;quot;Object Repository/Covid-19 Object Repo/Page_Coronavirus Update (Live) 1204075 Case_106633/input_Search_form-control input-sm\&amp;quot;), findTestData(\&amp;quot;Covid-19/Country\&amp;quot;).getValue(1, rowNum))</message>
  <nestedLevel>2</nestedLevel>
</record>
<record>
  <date>2020-04-08T00:51:27</date>
  <millis>1586281887578</millis>
  <sequence>60</sequence>
  <level>START</level>
  <class>com.kms.katalon.core.logging.XmlKeywordLogger</class>
  <method>startKeyword</method>
  <thread>1</thread>
  <message>Start action : getText(findTestObject(\&amp;quot;Covid-19 Object Repo/Page_Coronavirus Update (Live) 1204075 Case_106633/td_102\&amp;quot;))</message>
  <nestedLevel>2</nestedLevel>
  <property name="startLine">31</property>
  <property name="stepIndex">2</property>
  <property name="description">Get New Cases</property>
</record>
<record>
  <date>2020-04-08T00:51:28</date>
  <millis>1586281888255</millis>
  <sequence>69</sequence>
  <level>PASSED</level>
  <class>com.kms.katalon.core.logging.XmlKeywordLogger</class>
  <method>logMessage</method>
  <thread>1</thread>
  <message>Text of object &amp;apos;Object Repository/Covid-19 Object Repo/Page_Coronavirus Update (Live) 1204075 Case_106633/td_102&amp;apos; is: &amp;apos;+38&amp;apos;</message>
  <nestedLevel>1</nestedLevel>
</record>
<record>
  <date>2020-04-08T00:51:28</date>
  <millis>1586281888258</millis>
  <sequence>70</sequence>
  <level>END</level>
  <class>com.kms.katalon.core.logging.XmlKeywordLogger</class>
  <method>endKeyword</method>
  <thread>1</thread>
  <message>End action : getText(findTestObject(\&amp;quot;Covid-19 Object Repo/Page_Coronavirus Update (Live) 1204075 Case_106633/td_102\&amp;quot;))</message>
  <nestedLevel>2</nestedLevel>
</record>
<record>
  <date>2020-04-08T00:51:28</date>
  <millis>1586281888259</millis>
  <sequence>71</sequence>
  <level>START</level>
  <class>com.kms.katalon.core.logging.XmlKeywordLogger</class>
  <method>startKeyword</method>
  <thread>1</thread>
  <message>Start action : getText(findTestObject(\&amp;quot;Covid-19 Object Repo/Page_Coronavirus Update (Live) 1204075 Case_106633/td_3\&amp;quot;))</message>
  <nestedLevel>2</nestedLevel>
  <property name="startLine">34</property>
  <property name="stepIndex">3</property>
  <property name="description">Get New Deaths</property>
</record>
<record>
  <date>2020-04-08T00:51:29</date>
  <millis>1586281889023</millis>
  <sequence>80</sequence>
  <level>PASSED</level>
  <class>com.kms.katalon.core.logging.XmlKeywordLogger</class>
  <method>logMessage</method>
  <thread>1</thread>
  <message>Text of object &amp;apos;Object Repository/Covid-19 Object Repo/Page_Coronavirus Update (Live) 1204075 Case_106633/td_3&amp;apos; is: &amp;apos;+1&amp;apos;</message>
  <nestedLevel>1</nestedLevel>
</record>
<record>
  <date>2020-04-08T00:51:29</date>
  <millis>1586281889039</millis>
  <sequence>85</sequence>
  <level>END</level>
  <class>com.kms.katalon.core.logging.XmlKeywordLogger</class>
  <method>endKeyword</method>
  <thread>1</thread>
  <message>End action : getText(findTestObject(\&amp;quot;Covid-19 Object Repo/Page_Coronavirus Update (Live) 1204075 Case_106633/td_3\&amp;quot;))</message>
  <nestedLevel>2</nestedLevel>
</record>
<record>
  <date>2020-04-08T00:51:29</date>
  <millis>1586281889040</millis>
  <sequence>86</sequence>
  <level>START</level>
  <class>com.kms.katalon.core.logging.XmlKeywordLogger</class>
  <method>startKeyword</method>
  <thread>1</thread>
  <message>Start action : setText(findTestObject(\&amp;quot;Object Repository/Covid-19 Object Repo/Page_Coronavirus Update (Live) 1204075 Case_106633/input_Search_form-control input-sm\&amp;quot;), findTestData(\&amp;quot;Covid-19/Country\&amp;quot;).getValue(1, rowNum))</message>
  <nestedLevel>2</nestedLevel>
  <property name="startLine">27</property>
  <property name="stepIndex">1</property>
</record>
<record>
  <date>2020-04-08T00:51:30</date>
  <millis>1586281890471</millis>
  <sequence>106</sequence>
  <level>PASSED</level>
  <class>com.kms.katalon.core.logging.XmlKeywordLogger</class>
  <method>logMessage</method>
  <thread>1</thread>
  <message>Text &amp;apos;USA&amp;apos; is set on object &amp;apos;Object Repository/Covid-19 Object Repo/Page_Coronavirus Update (Live) 1204075 Case_106633/input_Search_form-control input-sm&amp;apos;</message>
  <nestedLevel>1</nestedLevel>
</record>
<record>
  <date>2020-04-08T00:51:30</date>
  <millis>1586281890472</millis>
  <sequence>107</sequence>
  <level>END</level>
  <class>com.kms.katalon.core.logging.XmlKeywordLogger</class>
  <method>endKeyword</method>
  <thread>1</thread>
  <message>End action : setText(findTestObject(\&amp;quot;Object Repository/Covid-19 Object Repo/Page_Coronavirus Update (Live) 1204075 Case_106633/input_Search_form-control input-sm\&amp;quot;), findTestData(\&amp;quot;Covid-19/Country\&amp;quot;).getValue(1, rowNum))</message>
  <nestedLevel>2</nestedLevel>
</record>
<record>
  <date>2020-04-08T00:51:30</date>
  <millis>1586281890473</millis>
  <sequence>108</sequence>
  <level>START</level>
  <class>com.kms.katalon.core.logging.XmlKeywordLogger</class>
  <method>startKeyword</method>
  <thread>1</thread>
  <message>Start action : getText(findTestObject(\&amp;quot;Covid-19 Object Repo/Page_Coronavirus Update (Live) 1204075 Case_106633/td_102\&amp;quot;))</message>
  <nestedLevel>2</nestedLevel>
  <property name="startLine">31</property>
  <property name="stepIndex">2</property>
  <property name="description">Get New Cases</property>
</record>
<record>
  <date>2020-04-08T00:51:31</date>
  <millis>1586281891019</millis>
  <sequence>117</sequence>
  <level>PASSED</level>
  <class>com.kms.katalon.core.logging.XmlKeywordLogger</class>
  <method>logMessage</method>
  <thread>1</thread>
  <message>Text of object &amp;apos;Object Repository/Covid-19 Object Repo/Page_Coronavirus Update (Live) 1204075 Case_106633/td_102&amp;apos; is: &amp;apos;+19,100&amp;apos;</message>
  <nestedLevel>1</nestedLevel>
</record>
<record>
  <date>2020-04-08T00:51:31</date>
  <millis>1586281891021</millis>
  <sequence>118</sequence>
  <level>END</level>
  <class>com.kms.katalon.core.logging.XmlKeywordLogger</class>
  <method>endKeyword</method>
  <thread>1</thread>
  <message>End action : getText(findTestObject(\&amp;quot;Covid-19 Object Repo/Page_Coronavirus Update (Live) 1204075 Case_106633/td_102\&amp;quot;))</message>
  <nestedLevel>2</nestedLevel>
</record>
<record>
  <date>2020-04-08T00:51:31</date>
  <millis>1586281891022</millis>
  <sequence>119</sequence>
  <level>START</level>
  <class>com.kms.katalon.core.logging.XmlKeywordLogger</class>
  <method>startKeyword</method>
  <thread>1</thread>
  <message>Start action : getText(findTestObject(\&amp;quot;Covid-19 Object Repo/Page_Coronavirus Update (Live) 1204075 Case_106633/td_3\&amp;quot;))</message>
  <nestedLevel>2</nestedLevel>
  <property name="startLine">34</property>
  <property name="stepIndex">3</property>
  <property name="description">Get New Deaths</property>
</record>
<record>
  <date>2020-04-08T00:51:31</date>
  <millis>1586281891560</millis>
  <sequence>128</sequence>
  <level>PASSED</level>
  <class>com.kms.katalon.core.logging.XmlKeywordLogger</class>
  <method>logMessage</method>
  <thread>1</thread>
  <message>Text of object &amp;apos;Object Repository/Covid-19 Object Repo/Page_Coronavirus Update (Live) 1204075 Case_106633/td_3&amp;apos; is: &amp;apos;+1,371&amp;apos;</message>
  <nestedLevel>1</nestedLevel>
</record>
<record>
  <date>2020-04-08T00:51:31</date>
  <millis>1586281891566</millis>
  <sequence>133</sequence>
  <level>END</level>
  <class>com.kms.katalon.core.logging.XmlKeywordLogger</class>
  <method>endKeyword</method>
  <thread>1</thread>
  <message>End action : getText(findTestObject(\&amp;quot;Covid-19 Object Repo/Page_Coronavirus Update (Live) 1204075 Case_106633/td_3\&amp;quot;))</message>
  <nestedLevel>2</nestedLevel>
</record>
<record>
  <date>2020-04-08T00:51:31</date>
  <millis>1586281891567</millis>
  <sequence>134</sequence>
  <level>START</level>
  <class>com.kms.katalon.core.logging.XmlKeywordLogger</class>
  <method>startKeyword</method>
  <thread>1</thread>
  <message>Start action : setText(findTestObject(\&amp;quot;Object Repository/Covid-19 Object Repo/Page_Coronavirus Update (Live) 1204075 Case_106633/input_Search_form-control input-sm\&amp;quot;), findTestData(\&amp;quot;Covid-19/Country\&amp;quot;).getValue(1, rowNum))</message>
  <nestedLevel>2</nestedLevel>
  <property name="startLine">27</property>
  <property name="stepIndex">1</property>
</record>
<record>
  <date>2020-04-08T00:51:32</date>
  <millis>1586281892982</millis>
  <sequence>154</sequence>
  <level>PASSED</level>
  <class>com.kms.katalon.core.logging.XmlKeywordLogger</class>
  <method>logMessage</method>
  <thread>1</thread>
  <message>Text &amp;apos;Spain&amp;apos; is set on object &amp;apos;Object Repository/Covid-19 Object Repo/Page_Coronavirus Update (Live) 1204075 Case_106633/input_Search_form-control input-sm&amp;apos;</message>
  <nestedLevel>1</nestedLevel>
</record>
<record>
  <date>2020-04-08T00:51:32</date>
  <millis>1586281892984</millis>
  <sequence>155</sequence>
  <level>END</level>
  <class>com.kms.katalon.core.logging.XmlKeywordLogger</class>
  <method>endKeyword</method>
  <thread>1</thread>
  <message>End action : setText(findTestObject(\&amp;quot;Object Repository/Covid-19 Object Repo/Page_Coronavirus Update (Live) 1204075 Case_106633/input_Search_form-control input-sm\&amp;quot;), findTestData(\&amp;quot;Covid-19/Country\&amp;quot;).getValue(1, rowNum))</message>
  <nestedLevel>2</nestedLevel>
</record>
<record>
  <date>2020-04-08T00:51:32</date>
  <millis>1586281892984</millis>
  <sequence>156</sequence>
  <level>START</level>
  <class>com.kms.katalon.core.logging.XmlKeywordLogger</class>
  <method>startKeyword</method>
  <thread>1</thread>
  <message>Start action : getText(findTestObject(\&amp;quot;Covid-19 Object Repo/Page_Coronavirus Update (Live) 1204075 Case_106633/td_102\&amp;quot;))</message>
  <nestedLevel>2</nestedLevel>
  <property name="startLine">31</property>
  <property name="stepIndex">2</property>
  <property name="description">Get New Cases</property>
</record>
<record>
  <date>2020-04-08T00:51:33</date>
  <millis>1586281893584</millis>
  <sequence>165</sequence>
  <level>PASSED</level>
  <class>com.kms.katalon.core.logging.XmlKeywordLogger</class>
  <method>logMessage</method>
  <thread>1</thread>
  <message>Text of object &amp;apos;Object Repository/Covid-19 Object Repo/Page_Coronavirus Update (Live) 1204075 Case_106633/td_102&amp;apos; is: &amp;apos;+3,836&amp;apos;</message>
  <nestedLevel>1</nestedLevel>
</record>
<record>
  <date>2020-04-08T00:51:33</date>
  <millis>1586281893585</millis>
  <sequence>166</sequence>
  <level>END</level>
  <class>com.kms.katalon.core.logging.XmlKeywordLogger</class>
  <method>endKeyword</method>
  <thread>1</thread>
  <message>End action : getText(findTestObject(\&amp;quot;Covid-19 Object Repo/Page_Coronavirus Update (Live) 1204075 Case_106633/td_102\&amp;quot;))</message>
  <nestedLevel>2</nestedLevel>
</record>
<record>
  <date>2020-04-08T00:51:33</date>
  <millis>1586281893585</millis>
  <sequence>167</sequence>
  <level>START</level>
  <class>com.kms.katalon.core.logging.XmlKeywordLogger</class>
  <method>startKeyword</method>
  <thread>1</thread>
  <message>Start action : getText(findTestObject(\&amp;quot;Covid-19 Object Repo/Page_Coronavirus Update (Live) 1204075 Case_106633/td_3\&amp;quot;))</message>
  <nestedLevel>2</nestedLevel>
  <property name="startLine">34</property>
  <property name="stepIndex">3</property>
  <property name="description">Get New Deaths</property>
</record>
<record>
  <date>2020-04-08T00:51:34</date>
  <millis>1586281894123</millis>
  <sequence>176</sequence>
  <level>PASSED</level>
  <class>com.kms.katalon.core.logging.XmlKeywordLogger</class>
  <method>logMessage</method>
  <thread>1</thread>
  <message>Text of object &amp;apos;Object Repository/Covid-19 Object Repo/Page_Coronavirus Update (Live) 1204075 Case_106633/td_3&amp;apos; is: &amp;apos;+556&amp;apos;</message>
  <nestedLevel>1</nestedLevel>
</record>
<record>
  <date>2020-04-08T00:51:34</date>
  <millis>1586281894128</millis>
  <sequence>181</sequence>
  <level>END</level>
  <class>com.kms.katalon.core.logging.XmlKeywordLogger</class>
  <method>endKeyword</method>
  <thread>1</thread>
  <message>End action : getText(findTestObject(\&amp;quot;Covid-19 Object Repo/Page_Coronavirus Update (Live) 1204075 Case_106633/td_3\&amp;quot;))</message>
  <nestedLevel>2</nestedLevel>
</record>
<record>
  <date>2020-04-08T00:51:34</date>
  <millis>1586281894129</millis>
  <sequence>182</sequence>
  <level>END</level>
  <class>com.kms.katalon.core.logging.XmlKeywordLogger</class>
  <method>endKeyword</method>
  <thread>1</thread>
  <message>End action : for ([rowNum = 1, rowNum &amp;lt;= findTestData(\&amp;quot;Covid-19/Country\&amp;quot;).getRowNumbers(), (rowNum++)])</message>
  <nestedLevel>1</nestedLevel>
</record>
<record>
  <date>2020-04-08T00:51:34</date>
  <millis>1586281894129</millis>
  <sequence>183</sequence>
  <level>START</level>
  <class>com.kms.katalon.core.logging.XmlKeywordLogger</class>
  <method>startKeyword</method>
  <thread>1</thread>
  <message>Start action : closeBrowser()</message>
  <nestedLevel>1</nestedLevel>
  <property name="startLine">37</property>
  <property name="stepIndex">4</property>
</record>
<record>
  <date>2020-04-08T00:51:34</date>
  <millis>1586281894576</millis>
  <sequence>185</sequence>
  <level>PASSED</level>
  <class>com.kms.katalon.core.logging.XmlKeywordLogger</class>
  <method>logMessage</method>
  <thread>1</thread>
  <message>Browser is closed</message>
  <nestedLevel>1</nestedLevel>
</record>
<record>
  <date>2020-04-08T00:51:34</date>
  <millis>1586281894576</millis>
  <sequence>186</sequence>
  <level>END</level>
  <class>com.kms.katalon.core.logging.XmlKeywordLogger</class>
  <method>endKeyword</method>
  <thread>1</thread>
  <message>End action : closeBrowser()</message>
  <nestedLevel>1</nestedLevel>
</record>
<record>
  <date>2020-04-08T00:51:34</date>
  <millis>1586281894577</millis>
  <sequence>187</sequence>
  <level>PASSED</level>
  <class>com.kms.katalon.core.logging.XmlKeywordLogger</class>
  <method>logMessage</method>
  <thread>1</thread>
  <message>Test Cases/Log in/Covid-19</message>
  <nestedLevel>1</nestedLevel>
</record>
<record>
  <date>2020-04-08T00:51:34</date>
  <millis>1586281894578</millis>
  <sequence>188</sequence>
  <level>END</level>
  <class>com.kms.katalon.core.logging.XmlKeywordLogger</class>
  <method>endTest</method>
  <thread>1</thread>
  <message>End Test Case : Test Cases/Log in/Covid-19</message>
  <nestedLevel>0</nestedLevel>
</record>
<record>
  <date>2020-04-08T00:51:34</date>
  <millis>1586281894579</millis>
  <sequence>189</sequence>
  <level>INFO</level>
  <class>com.kms.katalon.core.logging.XmlKeywordLogger</class>
  <method>logMessage</method>
  <thread>1</thread>
  <message>=================== Smart XPath Report =======================</message>
  <nestedLevel>0</nestedLevel>
</record>
<record>
  <date>2020-04-08T00:51:34</date>
  <millis>1586281894579</millis>
  <sequence>190</sequence>
  <level>INFO</level>
  <class>com.kms.katalon.core.logging.XmlKeywordLogger</class>
  <method>logMessage</method>
  <thread>1</thread>
  <message>Refer to the link below to preview and approve auto healing on broken test objects.</message>
  <nestedLevel>0</nestedLevel>
</record>
<record>
  <date>2020-04-08T00:51:34</date>
  <millis>1586281894580</millis>
  <sequence>191</sequence>
  <level>INFO</level>
  <class>com.kms.katalon.core.logging.XmlKeywordLogger</class>
  <method>logMessage</method>
  <thread>1</thread>
  <message>https://docs.katalon.com/katalon-studio/docs/auto-healing-smart-xpath.html</message>
  <nestedLevel>0</nestedLevel>
</record>
<record>
  <date>2020-04-08T00:51:34</date>
  <millis>1586281894580</millis>
  <sequence>192</sequence>
  <level>INFO</level>
  <class>com.kms.katalon.core.logging.XmlKeywordLogger</class>
  <method>logMessage</method>
  <thread>1</thread>
  <message>===============================================================</message>
  <nestedLevel>0</nestedLevel>
</record>
<record>
  <date>2020-04-08T00:51:34</date>
  <millis>1586281894608</millis>
  <sequence>193</sequence>
  <level>START</level>
  <class>com.kms.katalon.core.logging.XmlKeywordLogger</class>
  <method>startTest</method>
  <thread>1</thread>
  <message>Start Test Case : Test Cases/Log in/Covid-19</message>
  <nestedLevel>1</nestedLevel>
  <property name="name">Test Cases/Log in/Covid-19</property>
  <property name="description"></property>
  <property name="id">Test Cases/Log in/Covid-19</property>
  <property name="source">\\Users\\thaveephongt\\Katalon Studio\\Be Demo\\Test Cases\\Log in\\Covid-19.tc</property>
  <property name="tag"></property>
  <property name="isOptional">false</property>
</record>
<record>
  <date>2020-04-08T00:51:34</date>
  <millis>1586281894625</millis>
  <sequence>195</sequence>
  <level>INFO</level>
  <class>com.kms.katalon.core.logging.XmlKeywordLogger</class>
  <method>logMessage</method>
  <thread>1</thread>
  <message>Country = USA</message>
  <nestedLevel>1</nestedLevel>
</record>
<record>
  <date>2020-04-08T00:51:34</date>
  <millis>1586281894628</millis>
  <sequence>196</sequence>
  <level>START</level>
  <class>com.kms.katalon.core.logging.XmlKeywordLogger</class>
  <method>startKeyword</method>
  <thread>1</thread>
  <message>Start action : openBrowser(\&amp;quot;https://www.worldometers.info/coronavirus/\&amp;quot;)</message>
  <nestedLevel>1</nestedLevel>
  <property name="startLine">19</property>
  <property name="stepIndex">1</property>
</record>
<record>
  <date>2020-04-08T00:51:34</date>
  <millis>1586281894645</millis>
  <sequence>198</sequence>
  <level>INFO</level>
  <class>com.kms.katalon.core.logging.XmlKeywordLogger</class>
  <method>logMessage</method>
  <thread>1</thread>
  <message>Starting &amp;apos;Chrome&amp;apos; driver</message>
  <nestedLevel>1</nestedLevel>
</record>
<record>
  <date>2020-04-08T00:51:34</date>
  <millis>1586281894649</millis>
  <sequence>200</sequence>
  <level>INFO</level>
  <class>com.kms.katalon.core.logging.XmlKeywordLogger</class>
  <method>logMessage</method>
  <thread>1</thread>
  <message>Action delay is set to 0 milliseconds</message>
  <nestedLevel>1</nestedLevel>
</record>
<record>
  <date>2020-04-08T00:51:37</date>
  <millis>1586281897025</millis>
  <sequence>202</sequence>
  <level>RUN_DATA</level>
  <class>com.kms.katalon.core.logging.XmlKeywordLogger</class>
  <method>logMessage</method>
  <thread>1</thread>
  <message>sessionId = 24c83a1ca426c7bddc1a0280cccab465</message>
  <nestedLevel>1</nestedLevel>
  <property name="sessionId">24c83a1ca426c7bddc1a0280cccab465</property>
</record>
<record>
  <date>2020-04-08T00:51:37</date>
  <millis>1586281897053</millis>
  <sequence>203</sequence>
  <level>RUN_DATA</level>
  <class>com.kms.katalon.core.logging.XmlKeywordLogger</class>
  <method>logMessage</method>
  <thread>1</thread>
  <message>browser = Chrome 80.0.3987.149</message>
  <nestedLevel>1</nestedLevel>
  <property name="browser">Chrome 80.0.3987.149</property>
</record>
<record>
  <date>2020-04-08T00:51:37</date>
  <millis>1586281897053</millis>
  <sequence>204</sequence>
  <level>RUN_DATA</level>
  <class>com.kms.katalon.core.logging.XmlKeywordLogger</class>
  <method>logMessage</method>
  <thread>1</thread>
  <message>platform = Mac OS X</message>
  <nestedLevel>1</nestedLevel>
  <property name="platform">Mac OS X</property>
</record>
<record>
  <date>2020-04-08T00:51:37</date>
  <millis>1586281897054</millis>
  <sequence>205</sequence>
  <level>RUN_DATA</level>
  <class>com.kms.katalon.core.logging.XmlKeywordLogger</class>
  <method>logMessage</method>
  <thread>1</thread>
  <message>seleniumVersion = 3.141.59</message>
  <nestedLevel>1</nestedLevel>
  <property name="seleniumVersion">3.141.59</property>
</record>
<record>
  <date>2020-04-08T00:51:37</date>
  <millis>1586281897056</millis>
  <sequence>206</sequence>
  <level>RUN_DATA</level>
  <class>com.kms.katalon.core.logging.XmlKeywordLogger</class>
  <method>logMessage</method>
  <thread>1</thread>
  <message>proxyInformation = ProxyInformation{proxyOption=NO_PROXY, proxyServerType=HTTP, password=, proxyServerAddress=, proxyServerPort=0, executionList=}</message>
  <nestedLevel>1</nestedLevel>
  <property name="proxyInformation">ProxyInformation{proxyOption=NO_PROXY, proxyServerType=HTTP, password=, proxyServerAddress=, proxyServerPort=0, executionList=}</property>
</record>
<record>
  <date>2020-04-08T00:51:53</date>
  <millis>1586281913098</millis>
  <sequence>208</sequence>
  <level>PASSED</level>
  <class>com.kms.katalon.core.logging.XmlKeywordLogger</class>
  <method>logMessage</method>
  <thread>1</thread>
  <message>Browser is opened with url: &amp;apos;https://www.worldometers.info/coronavirus/&amp;apos;</message>
  <nestedLevel>1</nestedLevel>
</record>
<record>
  <date>2020-04-08T00:51:53</date>
  <millis>1586281913099</millis>
  <sequence>209</sequence>
  <level>END</level>
  <class>com.kms.katalon.core.logging.XmlKeywordLogger</class>
  <method>endKeyword</method>
  <thread>1</thread>
  <message>End action : openBrowser(\&amp;quot;https://www.worldometers.info/coronavirus/\&amp;quot;)</message>
  <nestedLevel>1</nestedLevel>
</record>
<record>
  <date>2020-04-08T00:51:53</date>
  <millis>1586281913100</millis>
  <sequence>210</sequence>
  <level>START</level>
  <class>com.kms.katalon.core.logging.XmlKeywordLogger</class>
  <method>startKeyword</method>
  <thread>1</thread>
  <message>Start action : click(findTestObject(\&amp;quot;Object Repository/Covid-19 Object Repo/Page_Coronavirus Update (Live) 1204075 Case_106633/a_view by country\&amp;quot;))</message>
  <nestedLevel>1</nestedLevel>
  <property name="startLine">21</property>
  <property name="stepIndex">2</property>
</record>
<record>
  <date>2020-04-08T00:52:01</date>
  <millis>1586281921027</millis>
  <sequence>219</sequence>
  <level>PASSED</level>
  <class>com.kms.katalon.core.logging.XmlKeywordLogger</class>
  <method>logMessage</method>
  <thread>1</thread>
  <message>Object: &amp;apos;Object Repository/Covid-19 Object Repo/Page_Coronavirus Update (Live) 1204075 Case_106633/a_view by country&amp;apos; is clicked on</message>
  <nestedLevel>1</nestedLevel>
</record>
<record>
  <date>2020-04-08T00:52:01</date>
  <millis>1586281921029</millis>
  <sequence>220</sequence>
  <level>END</level>
  <class>com.kms.katalon.core.logging.XmlKeywordLogger</class>
  <method>endKeyword</method>
  <thread>1</thread>
  <message>End action : click(findTestObject(\&amp;quot;Object Repository/Covid-19 Object Repo/Page_Coronavirus Update (Live) 1204075 Case_106633/a_view by country\&amp;quot;))</message>
  <nestedLevel>1</nestedLevel>
</record>
<record>
  <date>2020-04-08T00:52:01</date>
  <millis>1586281921029</millis>
  <sequence>221</sequence>
  <level>START</level>
  <class>com.kms.katalon.core.logging.XmlKeywordLogger</class>
  <method>startKeyword</method>
  <thread>1</thread>
  <message>Start action : for ([rowNum = 1, rowNum &amp;lt;= findTestData(\&amp;quot;Covid-19/Country\&amp;quot;).getRowNumbers(), (rowNum++)])</message>
  <nestedLevel>1</nestedLevel>
  <property name="startLine">25</property>
  <property name="stepIndex">3</property>
</record>
<record>
  <date>2020-04-08T00:52:01</date>
  <millis>1586281921039</millis>
  <sequence>226</sequence>
  <level>START</level>
  <class>com.kms.katalon.core.logging.XmlKeywordLogger</class>
  <method>startKeyword</method>
  <thread>1</thread>
  <message>Start action : setText(findTestObject(\&amp;quot;Object Repository/Covid-19 Object Repo/Page_Coronavirus Update (Live) 1204075 Case_106633/input_Search_form-control input-sm\&amp;quot;), findTestData(\&amp;quot;Covid-19/Country\&amp;quot;).getValue(1, rowNum))</message>
  <nestedLevel>2</nestedLevel>
  <property name="startLine">27</property>
  <property name="stepIndex">1</property>
</record>
<record>
  <date>2020-04-08T00:52:03</date>
  <millis>1586281923002</millis>
  <sequence>246</sequence>
  <level>PASSED</level>
  <class>com.kms.katalon.core.logging.XmlKeywordLogger</class>
  <method>logMessage</method>
  <thread>1</thread>
  <message>Text &amp;apos;Thailand&amp;apos; is set on object &amp;apos;Object Repository/Covid-19 Object Repo/Page_Coronavirus Update (Live) 1204075 Case_106633/input_Search_form-control input-sm&amp;apos;</message>
  <nestedLevel>1</nestedLevel>
</record>
<record>
  <date>2020-04-08T00:52:03</date>
  <millis>1586281923003</millis>
  <sequence>247</sequence>
  <level>END</level>
  <class>com.kms.katalon.core.logging.XmlKeywordLogger</class>
  <method>endKeyword</method>
  <thread>1</thread>
  <message>End action : setText(findTestObject(\&amp;quot;Object Repository/Covid-19 Object Repo/Page_Coronavirus Update (Live) 1204075 Case_106633/input_Search_form-control input-sm\&amp;quot;), findTestData(\&amp;quot;Covid-19/Country\&amp;quot;).getValue(1, rowNum))</message>
  <nestedLevel>2</nestedLevel>
</record>
<record>
  <date>2020-04-08T00:52:03</date>
  <millis>1586281923004</millis>
  <sequence>248</sequence>
  <level>START</level>
  <class>com.kms.katalon.core.logging.XmlKeywordLogger</class>
  <method>startKeyword</method>
  <thread>1</thread>
  <message>Start action : getText(findTestObject(\&amp;quot;Covid-19 Object Repo/Page_Coronavirus Update (Live) 1204075 Case_106633/td_102\&amp;quot;))</message>
  <nestedLevel>2</nestedLevel>
  <property name="startLine">31</property>
  <property name="stepIndex">2</property>
  <property name="description">Get New Cases</property>
</record>
<record>
  <date>2020-04-08T00:52:03</date>
  <millis>1586281923542</millis>
  <sequence>257</sequence>
  <level>PASSED</level>
  <class>com.kms.katalon.core.logging.XmlKeywordLogger</class>
  <method>logMessage</method>
  <thread>1</thread>
  <message>Text of object &amp;apos;Object Repository/Covid-19 Object Repo/Page_Coronavirus Update (Live) 1204075 Case_106633/td_102&amp;apos; is: &amp;apos;+38&amp;apos;</message>
  <nestedLevel>1</nestedLevel>
</record>
<record>
  <date>2020-04-08T00:52:03</date>
  <millis>1586281923545</millis>
  <sequence>258</sequence>
  <level>END</level>
  <class>com.kms.katalon.core.logging.XmlKeywordLogger</class>
  <method>endKeyword</method>
  <thread>1</thread>
  <message>End action : getText(findTestObject(\&amp;quot;Covid-19 Object Repo/Page_Coronavirus Update (Live) 1204075 Case_106633/td_102\&amp;quot;))</message>
  <nestedLevel>2</nestedLevel>
</record>
<record>
  <date>2020-04-08T00:52:03</date>
  <millis>1586281923545</millis>
  <sequence>259</sequence>
  <level>START</level>
  <class>com.kms.katalon.core.logging.XmlKeywordLogger</class>
  <method>startKeyword</method>
  <thread>1</thread>
  <message>Start action : getText(findTestObject(\&amp;quot;Covid-19 Object Repo/Page_Coronavirus Update (Live) 1204075 Case_106633/td_3\&amp;quot;))</message>
  <nestedLevel>2</nestedLevel>
  <property name="startLine">34</property>
  <property name="stepIndex">3</property>
  <property name="description">Get New Deaths</property>
</record>
<record>
  <date>2020-04-08T00:52:04</date>
  <millis>1586281924104</millis>
  <sequence>268</sequence>
  <level>PASSED</level>
  <class>com.kms.katalon.core.logging.XmlKeywordLogger</class>
  <method>logMessage</method>
  <thread>1</thread>
  <message>Text of object &amp;apos;Object Repository/Covid-19 Object Repo/Page_Coronavirus Update (Live) 1204075 Case_106633/td_3&amp;apos; is: &amp;apos;+1&amp;apos;</message>
  <nestedLevel>1</nestedLevel>
</record>
<record>
  <date>2020-04-08T00:52:04</date>
  <millis>1586281924107</millis>
  <sequence>273</sequence>
  <level>END</level>
  <class>com.kms.katalon.core.logging.XmlKeywordLogger</class>
  <method>endKeyword</method>
  <thread>1</thread>
  <message>End action : getText(findTestObject(\&amp;quot;Covid-19 Object Repo/Page_Coronavirus Update (Live) 1204075 Case_106633/td_3\&amp;quot;))</message>
  <nestedLevel>2</nestedLevel>
</record>
<record>
  <date>2020-04-08T00:52:04</date>
  <millis>1586281924108</millis>
  <sequence>274</sequence>
  <level>START</level>
  <class>com.kms.katalon.core.logging.XmlKeywordLogger</class>
  <method>startKeyword</method>
  <thread>1</thread>
  <message>Start action : setText(findTestObject(\&amp;quot;Object Repository/Covid-19 Object Repo/Page_Coronavirus Update (Live) 1204075 Case_106633/input_Search_form-control input-sm\&amp;quot;), findTestData(\&amp;quot;Covid-19/Country\&amp;quot;).getValue(1, rowNum))</message>
  <nestedLevel>2</nestedLevel>
  <property name="startLine">27</property>
  <property name="stepIndex">1</property>
</record>
<record>
  <date>2020-04-08T00:52:05</date>
  <millis>1586281925439</millis>
  <sequence>294</sequence>
  <level>PASSED</level>
  <class>com.kms.katalon.core.logging.XmlKeywordLogger</class>
  <method>logMessage</method>
  <thread>1</thread>
  <message>Text &amp;apos;USA&amp;apos; is set on object &amp;apos;Object Repository/Covid-19 Object Repo/Page_Coronavirus Update (Live) 1204075 Case_106633/input_Search_form-control input-sm&amp;apos;</message>
  <nestedLevel>1</nestedLevel>
</record>
<record>
  <date>2020-04-08T00:52:05</date>
  <millis>1586281925440</millis>
  <sequence>295</sequence>
  <level>END</level>
  <class>com.kms.katalon.core.logging.XmlKeywordLogger</class>
  <method>endKeyword</method>
  <thread>1</thread>
  <message>End action : setText(findTestObject(\&amp;quot;Object Repository/Covid-19 Object Repo/Page_Coronavirus Update (Live) 1204075 Case_106633/input_Search_form-control input-sm\&amp;quot;), findTestData(\&amp;quot;Covid-19/Country\&amp;quot;).getValue(1, rowNum))</message>
  <nestedLevel>2</nestedLevel>
</record>
<record>
  <date>2020-04-08T00:52:05</date>
  <millis>1586281925441</millis>
  <sequence>296</sequence>
  <level>START</level>
  <class>com.kms.katalon.core.logging.XmlKeywordLogger</class>
  <method>startKeyword</method>
  <thread>1</thread>
  <message>Start action : getText(findTestObject(\&amp;quot;Covid-19 Object Repo/Page_Coronavirus Update (Live) 1204075 Case_106633/td_102\&amp;quot;))</message>
  <nestedLevel>2</nestedLevel>
  <property name="startLine">31</property>
  <property name="stepIndex">2</property>
  <property name="description">Get New Cases</property>
</record>
<record>
  <date>2020-04-08T00:52:05</date>
  <millis>1586281925986</millis>
  <sequence>305</sequence>
  <level>PASSED</level>
  <class>com.kms.katalon.core.logging.XmlKeywordLogger</class>
  <method>logMessage</method>
  <thread>1</thread>
  <message>Text of object &amp;apos;Object Repository/Covid-19 Object Repo/Page_Coronavirus Update (Live) 1204075 Case_106633/td_102&amp;apos; is: &amp;apos;+19,100&amp;apos;</message>
  <nestedLevel>1</nestedLevel>
</record>
<record>
  <date>2020-04-08T00:52:05</date>
  <millis>1586281925987</millis>
  <sequence>306</sequence>
  <level>END</level>
  <class>com.kms.katalon.core.logging.XmlKeywordLogger</class>
  <method>endKeyword</method>
  <thread>1</thread>
  <message>End action : getText(findTestObject(\&amp;quot;Covid-19 Object Repo/Page_Coronavirus Update (Live) 1204075 Case_106633/td_102\&amp;quot;))</message>
  <nestedLevel>2</nestedLevel>
</record>
<record>
  <date>2020-04-08T00:52:05</date>
  <millis>1586281925987</millis>
  <sequence>307</sequence>
  <level>START</level>
  <class>com.kms.katalon.core.logging.XmlKeywordLogger</class>
  <method>startKeyword</method>
  <thread>1</thread>
  <message>Start action : getText(findTestObject(\&amp;quot;Covid-19 Object Repo/Page_Coronavirus Update (Live) 1204075 Case_106633/td_3\&amp;quot;))</message>
  <nestedLevel>2</nestedLevel>
  <property name="startLine">34</property>
  <property name="stepIndex">3</property>
  <property name="description">Get New Deaths</property>
</record>
<record>
  <date>2020-04-08T00:52:06</date>
  <millis>1586281926479</millis>
  <sequence>316</sequence>
  <level>PASSED</level>
  <class>com.kms.katalon.core.logging.XmlKeywordLogger</class>
  <method>logMessage</method>
  <thread>1</thread>
  <message>Text of object &amp;apos;Object Repository/Covid-19 Object Repo/Page_Coronavirus Update (Live) 1204075 Case_106633/td_3&amp;apos; is: &amp;apos;+1,371&amp;apos;</message>
  <nestedLevel>1</nestedLevel>
</record>
<record>
  <date>2020-04-08T00:52:06</date>
  <millis>1586281926483</millis>
  <sequence>321</sequence>
  <level>END</level>
  <class>com.kms.katalon.core.logging.XmlKeywordLogger</class>
  <method>endKeyword</method>
  <thread>1</thread>
  <message>End action : getText(findTestObject(\&amp;quot;Covid-19 Object Repo/Page_Coronavirus Update (Live) 1204075 Case_106633/td_3\&amp;quot;))</message>
  <nestedLevel>2</nestedLevel>
</record>
<record>
  <date>2020-04-08T00:52:06</date>
  <millis>1586281926484</millis>
  <sequence>322</sequence>
  <level>START</level>
  <class>com.kms.katalon.core.logging.XmlKeywordLogger</class>
  <method>startKeyword</method>
  <thread>1</thread>
  <message>Start action : setText(findTestObject(\&amp;quot;Object Repository/Covid-19 Object Repo/Page_Coronavirus Update (Live) 1204075 Case_106633/input_Search_form-control input-sm\&amp;quot;), findTestData(\&amp;quot;Covid-19/Country\&amp;quot;).getValue(1, rowNum))</message>
  <nestedLevel>2</nestedLevel>
  <property name="startLine">27</property>
  <property name="stepIndex">1</property>
</record>
<record>
  <date>2020-04-08T00:52:07</date>
  <millis>1586281927768</millis>
  <sequence>342</sequence>
  <level>PASSED</level>
  <class>com.kms.katalon.core.logging.XmlKeywordLogger</class>
  <method>logMessage</method>
  <thread>1</thread>
  <message>Text &amp;apos;Spain&amp;apos; is set on object &amp;apos;Object Repository/Covid-19 Object Repo/Page_Coronavirus Update (Live) 1204075 Case_106633/input_Search_form-control input-sm&amp;apos;</message>
  <nestedLevel>1</nestedLevel>
</record>
<record>
  <date>2020-04-08T00:52:07</date>
  <millis>1586281927769</millis>
  <sequence>343</sequence>
  <level>END</level>
  <class>com.kms.katalon.core.logging.XmlKeywordLogger</class>
  <method>endKeyword</method>
  <thread>1</thread>
  <message>End action : setText(findTestObject(\&amp;quot;Object Repository/Covid-19 Object Repo/Page_Coronavirus Update (Live) 1204075 Case_106633/input_Search_form-control input-sm\&amp;quot;), findTestData(\&amp;quot;Covid-19/Country\&amp;quot;).getValue(1, rowNum))</message>
  <nestedLevel>2</nestedLevel>
</record>
<record>
  <date>2020-04-08T00:52:07</date>
  <millis>1586281927770</millis>
  <sequence>344</sequence>
  <level>START</level>
  <class>com.kms.katalon.core.logging.XmlKeywordLogger</class>
  <method>startKeyword</method>
  <thread>1</thread>
  <message>Start action : getText(findTestObject(\&amp;quot;Covid-19 Object Repo/Page_Coronavirus Update (Live) 1204075 Case_106633/td_102\&amp;quot;))</message>
  <nestedLevel>2</nestedLevel>
  <property name="startLine">31</property>
  <property name="stepIndex">2</property>
  <property name="description">Get New Cases</property>
</record>
<record>
  <date>2020-04-08T00:52:08</date>
  <millis>1586281928282</millis>
  <sequence>353</sequence>
  <level>PASSED</level>
  <class>com.kms.katalon.core.logging.XmlKeywordLogger</class>
  <method>logMessage</method>
  <thread>1</thread>
  <message>Text of object &amp;apos;Object Repository/Covid-19 Object Repo/Page_Coronavirus Update (Live) 1204075 Case_106633/td_102&amp;apos; is: &amp;apos;+3,836&amp;apos;</message>
  <nestedLevel>1</nestedLevel>
</record>
<record>
  <date>2020-04-08T00:52:08</date>
  <millis>1586281928283</millis>
  <sequence>354</sequence>
  <level>END</level>
  <class>com.kms.katalon.core.logging.XmlKeywordLogger</class>
  <method>endKeyword</method>
  <thread>1</thread>
  <message>End action : getText(findTestObject(\&amp;quot;Covid-19 Object Repo/Page_Coronavirus Update (Live) 1204075 Case_106633/td_102\&amp;quot;))</message>
  <nestedLevel>2</nestedLevel>
</record>
<record>
  <date>2020-04-08T00:52:08</date>
  <millis>1586281928284</millis>
  <sequence>355</sequence>
  <level>START</level>
  <class>com.kms.katalon.core.logging.XmlKeywordLogger</class>
  <method>startKeyword</method>
  <thread>1</thread>
  <message>Start action : getText(findTestObject(\&amp;quot;Covid-19 Object Repo/Page_Coronavirus Update (Live) 1204075 Case_106633/td_3\&amp;quot;))</message>
  <nestedLevel>2</nestedLevel>
  <property name="startLine">34</property>
  <property name="stepIndex">3</property>
  <property name="description">Get New Deaths</property>
</record>
<record>
  <date>2020-04-08T00:52:08</date>
  <millis>1586281928799</millis>
  <sequence>364</sequence>
  <level>PASSED</level>
  <class>com.kms.katalon.core.logging.XmlKeywordLogger</class>
  <method>logMessage</method>
  <thread>1</thread>
  <message>Text of object &amp;apos;Object Repository/Covid-19 Object Repo/Page_Coronavirus Update (Live) 1204075 Case_106633/td_3&amp;apos; is: &amp;apos;+556&amp;apos;</message>
  <nestedLevel>1</nestedLevel>
</record>
<record>
  <date>2020-04-08T00:52:08</date>
  <millis>1586281928802</millis>
  <sequence>369</sequence>
  <level>END</level>
  <class>com.kms.katalon.core.logging.XmlKeywordLogger</class>
  <method>endKeyword</method>
  <thread>1</thread>
  <message>End action : getText(findTestObject(\&amp;quot;Covid-19 Object Repo/Page_Coronavirus Update (Live) 1204075 Case_106633/td_3\&amp;quot;))</message>
  <nestedLevel>2</nestedLevel>
</record>
<record>
  <date>2020-04-08T00:52:08</date>
  <millis>1586281928803</millis>
  <sequence>370</sequence>
  <level>END</level>
  <class>com.kms.katalon.core.logging.XmlKeywordLogger</class>
  <method>endKeyword</method>
  <thread>1</thread>
  <message>End action : for ([rowNum = 1, rowNum &amp;lt;= findTestData(\&amp;quot;Covid-19/Country\&amp;quot;).getRowNumbers(), (rowNum++)])</message>
  <nestedLevel>1</nestedLevel>
</record>
<record>
  <date>2020-04-08T00:52:08</date>
  <millis>1586281928803</millis>
  <sequence>371</sequence>
  <level>START</level>
  <class>com.kms.katalon.core.logging.XmlKeywordLogger</class>
  <method>startKeyword</method>
  <thread>1</thread>
  <message>Start action : closeBrowser()</message>
  <nestedLevel>1</nestedLevel>
  <property name="startLine">37</property>
  <property name="stepIndex">4</property>
</record>
<record>
  <date>2020-04-08T00:52:09</date>
  <millis>1586281929128</millis>
  <sequence>373</sequence>
  <level>PASSED</level>
  <class>com.kms.katalon.core.logging.XmlKeywordLogger</class>
  <method>logMessage</method>
  <thread>1</thread>
  <message>Browser is closed</message>
  <nestedLevel>1</nestedLevel>
</record>
<record>
  <date>2020-04-08T00:52:09</date>
  <millis>1586281929128</millis>
  <sequence>374</sequence>
  <level>END</level>
  <class>com.kms.katalon.core.logging.XmlKeywordLogger</class>
  <method>endKeyword</method>
  <thread>1</thread>
  <message>End action : closeBrowser()</message>
  <nestedLevel>1</nestedLevel>
</record>
<record>
  <date>2020-04-08T00:52:09</date>
  <millis>1586281929129</millis>
  <sequence>375</sequence>
  <level>PASSED</level>
  <class>com.kms.katalon.core.logging.XmlKeywordLogger</class>
  <method>logMessage</method>
  <thread>1</thread>
  <message>Test Cases/Log in/Covid-19</message>
  <nestedLevel>1</nestedLevel>
</record>
<record>
  <date>2020-04-08T00:52:09</date>
  <millis>1586281929130</millis>
  <sequence>376</sequence>
  <level>END</level>
  <class>com.kms.katalon.core.logging.XmlKeywordLogger</class>
  <method>endTest</method>
  <thread>1</thread>
  <message>End Test Case : Test Cases/Log in/Covid-19</message>
  <nestedLevel>0</nestedLevel>
</record>
<record>
  <date>2020-04-08T00:52:09</date>
  <millis>1586281929132</millis>
  <sequence>377</sequence>
  <level>INFO</level>
  <class>com.kms.katalon.core.logging.XmlKeywordLogger</class>
  <method>logMessage</method>
  <thread>1</thread>
  <message>=================== Smart XPath Report =======================</message>
  <nestedLevel>0</nestedLevel>
</record>
<record>
  <date>2020-04-08T00:52:09</date>
  <millis>1586281929132</millis>
  <sequence>378</sequence>
  <level>INFO</level>
  <class>com.kms.katalon.core.logging.XmlKeywordLogger</class>
  <method>logMessage</method>
  <thread>1</thread>
  <message>Refer to the link below to preview and approve auto healing on broken test objects.</message>
  <nestedLevel>0</nestedLevel>
</record>
<record>
  <date>2020-04-08T00:52:09</date>
  <millis>1586281929133</millis>
  <sequence>379</sequence>
  <level>INFO</level>
  <class>com.kms.katalon.core.logging.XmlKeywordLogger</class>
  <method>logMessage</method>
  <thread>1</thread>
  <message>https://docs.katalon.com/katalon-studio/docs/auto-healing-smart-xpath.html</message>
  <nestedLevel>0</nestedLevel>
</record>
<record>
  <date>2020-04-08T00:52:09</date>
  <millis>1586281929133</millis>
  <sequence>380</sequence>
  <level>INFO</level>
  <class>com.kms.katalon.core.logging.XmlKeywordLogger</class>
  <method>logMessage</method>
  <thread>1</thread>
  <message>===============================================================</message>
  <nestedLevel>0</nestedLevel>
</record>
<record>
  <date>2020-04-08T00:52:09</date>
  <millis>1586281929155</millis>
  <sequence>381</sequence>
  <level>START</level>
  <class>com.kms.katalon.core.logging.XmlKeywordLogger</class>
  <method>startTest</method>
  <thread>1</thread>
  <message>Start Test Case : Test Cases/Log in/Covid-19</message>
  <nestedLevel>1</nestedLevel>
  <property name="name">Test Cases/Log in/Covid-19</property>
  <property name="description"></property>
  <property name="id">Test Cases/Log in/Covid-19</property>
  <property name="source">\\Users\\thaveephongt\\Katalon Studio\\Be Demo\\Test Cases\\Log in\\Covid-19.tc</property>
  <property name="tag"></property>
  <property name="isOptional">false</property>
</record>
<record>
  <date>2020-04-08T00:52:09</date>
  <millis>1586281929177</millis>
  <sequence>383</sequence>
  <level>INFO</level>
  <class>com.kms.katalon.core.logging.XmlKeywordLogger</class>
  <method>logMessage</method>
  <thread>1</thread>
  <message>Country = Spain</message>
  <nestedLevel>1</nestedLevel>
</record>
<record>
  <date>2020-04-08T00:52:09</date>
  <millis>1586281929181</millis>
  <sequence>384</sequence>
  <level>START</level>
  <class>com.kms.katalon.core.logging.XmlKeywordLogger</class>
  <method>startKeyword</method>
  <thread>1</thread>
  <message>Start action : openBrowser(\&amp;quot;https://www.worldometers.info/coronavirus/\&amp;quot;)</message>
  <nestedLevel>1</nestedLevel>
  <property name="startLine">19</property>
  <property name="stepIndex">1</property>
</record>
<record>
  <date>2020-04-08T00:52:09</date>
  <millis>1586281929194</millis>
  <sequence>386</sequence>
  <level>INFO</level>
  <class>com.kms.katalon.core.logging.XmlKeywordLogger</class>
  <method>logMessage</method>
  <thread>1</thread>
  <message>Starting &amp;apos;Chrome&amp;apos; driver</message>
  <nestedLevel>1</nestedLevel>
</record>
<record>
  <date>2020-04-08T00:52:09</date>
  <millis>1586281929198</millis>
  <sequence>388</sequence>
  <level>INFO</level>
  <class>com.kms.katalon.core.logging.XmlKeywordLogger</class>
  <method>logMessage</method>
  <thread>1</thread>
  <message>Action delay is set to 0 milliseconds</message>
  <nestedLevel>1</nestedLevel>
</record>
<record>
  <date>2020-04-08T00:52:11</date>
  <millis>1586281931264</millis>
  <sequence>390</sequence>
  <level>RUN_DATA</level>
  <class>com.kms.katalon.core.logging.XmlKeywordLogger</class>
  <method>logMessage</method>
  <thread>1</thread>
  <message>sessionId = 0109f8afc4fba10079a4b1cf16f2dc80</message>
  <nestedLevel>1</nestedLevel>
  <property name="sessionId">0109f8afc4fba10079a4b1cf16f2dc80</property>
</record>
<record>
  <date>2020-04-08T00:52:11</date>
  <millis>1586281931292</millis>
  <sequence>391</sequence>
  <level>RUN_DATA</level>
  <class>com.kms.katalon.core.logging.XmlKeywordLogger</class>
  <method>logMessage</method>
  <thread>1</thread>
  <message>browser = Chrome 80.0.3987.149</message>
  <nestedLevel>1</nestedLevel>
  <property name="browser">Chrome 80.0.3987.149</property>
</record>
<record>
  <date>2020-04-08T00:52:11</date>
  <millis>1586281931293</millis>
  <sequence>392</sequence>
  <level>RUN_DATA</level>
  <class>com.kms.katalon.core.logging.XmlKeywordLogger</class>
  <method>logMessage</method>
  <thread>1</thread>
  <message>platform = Mac OS X</message>
  <nestedLevel>1</nestedLevel>
  <property name="platform">Mac OS X</property>
</record>
<record>
  <date>2020-04-08T00:52:11</date>
  <millis>1586281931293</millis>
  <sequence>393</sequence>
  <level>RUN_DATA</level>
  <class>com.kms.katalon.core.logging.XmlKeywordLogger</class>
  <method>logMessage</method>
  <thread>1</thread>
  <message>seleniumVersion = 3.141.59</message>
  <nestedLevel>1</nestedLevel>
  <property name="seleniumVersion">3.141.59</property>
</record>
<record>
  <date>2020-04-08T00:52:11</date>
  <millis>1586281931295</millis>
  <sequence>394</sequence>
  <level>RUN_DATA</level>
  <class>com.kms.katalon.core.logging.XmlKeywordLogger</class>
  <method>logMessage</method>
  <thread>1</thread>
  <message>proxyInformation = ProxyInformation{proxyOption=NO_PROXY, proxyServerType=HTTP, password=, proxyServerAddress=, proxyServerPort=0, executionList=}</message>
  <nestedLevel>1</nestedLevel>
  <property name="proxyInformation">ProxyInformation{proxyOption=NO_PROXY, proxyServerType=HTTP, password=, proxyServerAddress=, proxyServerPort=0, executionList=}</property>
</record>
<record>
  <date>2020-04-08T00:52:25</date>
  <millis>1586281945332</millis>
  <sequence>396</sequence>
  <level>PASSED</level>
  <class>com.kms.katalon.core.logging.XmlKeywordLogger</class>
  <method>logMessage</method>
  <thread>1</thread>
  <message>Browser is opened with url: &amp;apos;https://www.worldometers.info/coronavirus/&amp;apos;</message>
  <nestedLevel>1</nestedLevel>
</record>
<record>
  <date>2020-04-08T00:52:25</date>
  <millis>1586281945333</millis>
  <sequence>397</sequence>
  <level>END</level>
  <class>com.kms.katalon.core.logging.XmlKeywordLogger</class>
  <method>endKeyword</method>
  <thread>1</thread>
  <message>End action : openBrowser(\&amp;quot;https://www.worldometers.info/coronavirus/\&amp;quot;)</message>
  <nestedLevel>1</nestedLevel>
</record>
<record>
  <date>2020-04-08T00:52:25</date>
  <millis>1586281945334</millis>
  <sequence>398</sequence>
  <level>START</level>
  <class>com.kms.katalon.core.logging.XmlKeywordLogger</class>
  <method>startKeyword</method>
  <thread>1</thread>
  <message>Start action : click(findTestObject(\&amp;quot;Object Repository/Covid-19 Object Repo/Page_Coronavirus Update (Live) 1204075 Case_106633/a_view by country\&amp;quot;))</message>
  <nestedLevel>1</nestedLevel>
  <property name="startLine">21</property>
  <property name="stepIndex">2</property>
</record>
<record>
  <date>2020-04-08T00:52:26</date>
  <millis>1586281946599</millis>
  <sequence>407</sequence>
  <level>PASSED</level>
  <class>com.kms.katalon.core.logging.XmlKeywordLogger</class>
  <method>logMessage</method>
  <thread>1</thread>
  <message>Object: &amp;apos;Object Repository/Covid-19 Object Repo/Page_Coronavirus Update (Live) 1204075 Case_106633/a_view by country&amp;apos; is clicked on</message>
  <nestedLevel>1</nestedLevel>
</record>
<record>
  <date>2020-04-08T00:52:26</date>
  <millis>1586281946600</millis>
  <sequence>408</sequence>
  <level>END</level>
  <class>com.kms.katalon.core.logging.XmlKeywordLogger</class>
  <method>endKeyword</method>
  <thread>1</thread>
  <message>End action : click(findTestObject(\&amp;quot;Object Repository/Covid-19 Object Repo/Page_Coronavirus Update (Live) 1204075 Case_106633/a_view by country\&amp;quot;))</message>
  <nestedLevel>1</nestedLevel>
</record>
<record>
  <date>2020-04-08T00:52:26</date>
  <millis>1586281946600</millis>
  <sequence>409</sequence>
  <level>START</level>
  <class>com.kms.katalon.core.logging.XmlKeywordLogger</class>
  <method>startKeyword</method>
  <thread>1</thread>
  <message>Start action : for ([rowNum = 1, rowNum &amp;lt;= findTestData(\&amp;quot;Covid-19/Country\&amp;quot;).getRowNumbers(), (rowNum++)])</message>
  <nestedLevel>1</nestedLevel>
  <property name="startLine">25</property>
  <property name="stepIndex">3</property>
</record>
<record>
  <date>2020-04-08T00:52:26</date>
  <millis>1586281946605</millis>
  <sequence>414</sequence>
  <level>START</level>
  <class>com.kms.katalon.core.logging.XmlKeywordLogger</class>
  <method>startKeyword</method>
  <thread>1</thread>
  <message>Start action : setText(findTestObject(\&amp;quot;Object Repository/Covid-19 Object Repo/Page_Coronavirus Update (Live) 1204075 Case_106633/input_Search_form-control input-sm\&amp;quot;), findTestData(\&amp;quot;Covid-19/Country\&amp;quot;).getValue(1, rowNum))</message>
  <nestedLevel>2</nestedLevel>
  <property name="startLine">27</property>
  <property name="stepIndex">1</property>
</record>
<record>
  <date>2020-04-08T00:52:36</date>
  <millis>1586281956571</millis>
  <sequence>434</sequence>
  <level>PASSED</level>
  <class>com.kms.katalon.core.logging.XmlKeywordLogger</class>
  <method>logMessage</method>
  <thread>1</thread>
  <message>Text &amp;apos;Thailand&amp;apos; is set on object &amp;apos;Object Repository/Covid-19 Object Repo/Page_Coronavirus Update (Live) 1204075 Case_106633/input_Search_form-control input-sm&amp;apos;</message>
  <nestedLevel>1</nestedLevel>
</record>
<record>
  <date>2020-04-08T00:52:36</date>
  <millis>1586281956572</millis>
  <sequence>435</sequence>
  <level>END</level>
  <class>com.kms.katalon.core.logging.XmlKeywordLogger</class>
  <method>endKeyword</method>
  <thread>1</thread>
  <message>End action : setText(findTestObject(\&amp;quot;Object Repository/Covid-19 Object Repo/Page_Coronavirus Update (Live) 1204075 Case_106633/input_Search_form-control input-sm\&amp;quot;), findTestData(\&amp;quot;Covid-19/Country\&amp;quot;).getValue(1, rowNum))</message>
  <nestedLevel>2</nestedLevel>
</record>
<record>
  <date>2020-04-08T00:52:36</date>
  <millis>1586281956573</millis>
  <sequence>436</sequence>
  <level>START</level>
  <class>com.kms.katalon.core.logging.XmlKeywordLogger</class>
  <method>startKeyword</method>
  <thread>1</thread>
  <message>Start action : getText(findTestObject(\&amp;quot;Covid-19 Object Repo/Page_Coronavirus Update (Live) 1204075 Case_106633/td_102\&amp;quot;))</message>
  <nestedLevel>2</nestedLevel>
  <property name="startLine">31</property>
  <property name="stepIndex">2</property>
  <property name="description">Get New Cases</property>
</record>
<record>
  <date>2020-04-08T00:52:37</date>
  <millis>1586281957131</millis>
  <sequence>445</sequence>
  <level>PASSED</level>
  <class>com.kms.katalon.core.logging.XmlKeywordLogger</class>
  <method>logMessage</method>
  <thread>1</thread>
  <message>Text of object &amp;apos;Object Repository/Covid-19 Object Repo/Page_Coronavirus Update (Live) 1204075 Case_106633/td_102&amp;apos; is: &amp;apos;+38&amp;apos;</message>
  <nestedLevel>1</nestedLevel>
</record>
<record>
  <date>2020-04-08T00:52:37</date>
  <millis>1586281957132</millis>
  <sequence>446</sequence>
  <level>END</level>
  <class>com.kms.katalon.core.logging.XmlKeywordLogger</class>
  <method>endKeyword</method>
  <thread>1</thread>
  <message>End action : getText(findTestObject(\&amp;quot;Covid-19 Object Repo/Page_Coronavirus Update (Live) 1204075 Case_106633/td_102\&amp;quot;))</message>
  <nestedLevel>2</nestedLevel>
</record>
<record>
  <date>2020-04-08T00:52:37</date>
  <millis>1586281957133</millis>
  <sequence>447</sequence>
  <level>START</level>
  <class>com.kms.katalon.core.logging.XmlKeywordLogger</class>
  <method>startKeyword</method>
  <thread>1</thread>
  <message>Start action : getText(findTestObject(\&amp;quot;Covid-19 Object Repo/Page_Coronavirus Update (Live) 1204075 Case_106633/td_3\&amp;quot;))</message>
  <nestedLevel>2</nestedLevel>
  <property name="startLine">34</property>
  <property name="stepIndex">3</property>
  <property name="description">Get New Deaths</property>
</record>
<record>
  <date>2020-04-08T00:52:37</date>
  <millis>1586281957649</millis>
  <sequence>456</sequence>
  <level>PASSED</level>
  <class>com.kms.katalon.core.logging.XmlKeywordLogger</class>
  <method>logMessage</method>
  <thread>1</thread>
  <message>Text of object &amp;apos;Object Repository/Covid-19 Object Repo/Page_Coronavirus Update (Live) 1204075 Case_106633/td_3&amp;apos; is: &amp;apos;+1&amp;apos;</message>
  <nestedLevel>1</nestedLevel>
</record>
<record>
  <date>2020-04-08T00:52:37</date>
  <millis>1586281957653</millis>
  <sequence>461</sequence>
  <level>END</level>
  <class>com.kms.katalon.core.logging.XmlKeywordLogger</class>
  <method>endKeyword</method>
  <thread>1</thread>
  <message>End action : getText(findTestObject(\&amp;quot;Covid-19 Object Repo/Page_Coronavirus Update (Live) 1204075 Case_106633/td_3\&amp;quot;))</message>
  <nestedLevel>2</nestedLevel>
</record>
<record>
  <date>2020-04-08T00:52:37</date>
  <millis>1586281957654</millis>
  <sequence>462</sequence>
  <level>START</level>
  <class>com.kms.katalon.core.logging.XmlKeywordLogger</class>
  <method>startKeyword</method>
  <thread>1</thread>
  <message>Start action : setText(findTestObject(\&amp;quot;Object Repository/Covid-19 Object Repo/Page_Coronavirus Update (Live) 1204075 Case_106633/input_Search_form-control input-sm\&amp;quot;), findTestData(\&amp;quot;Covid-19/Country\&amp;quot;).getValue(1, rowNum))</message>
  <nestedLevel>2</nestedLevel>
  <property name="startLine">27</property>
  <property name="stepIndex">1</property>
</record>
<record>
  <date>2020-04-08T00:52:38</date>
  <millis>1586281958955</millis>
  <sequence>482</sequence>
  <level>PASSED</level>
  <class>com.kms.katalon.core.logging.XmlKeywordLogger</class>
  <method>logMessage</method>
  <thread>1</thread>
  <message>Text &amp;apos;USA&amp;apos; is set on object &amp;apos;Object Repository/Covid-19 Object Repo/Page_Coronavirus Update (Live) 1204075 Case_106633/input_Search_form-control input-sm&amp;apos;</message>
  <nestedLevel>1</nestedLevel>
</record>
<record>
  <date>2020-04-08T00:52:38</date>
  <millis>1586281958956</millis>
  <sequence>483</sequence>
  <level>END</level>
  <class>com.kms.katalon.core.logging.XmlKeywordLogger</class>
  <method>endKeyword</method>
  <thread>1</thread>
  <message>End action : setText(findTestObject(\&amp;quot;Object Repository/Covid-19 Object Repo/Page_Coronavirus Update (Live) 1204075 Case_106633/input_Search_form-control input-sm\&amp;quot;), findTestData(\&amp;quot;Covid-19/Country\&amp;quot;).getValue(1, rowNum))</message>
  <nestedLevel>2</nestedLevel>
</record>
<record>
  <date>2020-04-08T00:52:38</date>
  <millis>1586281958957</millis>
  <sequence>484</sequence>
  <level>START</level>
  <class>com.kms.katalon.core.logging.XmlKeywordLogger</class>
  <method>startKeyword</method>
  <thread>1</thread>
  <message>Start action : getText(findTestObject(\&amp;quot;Covid-19 Object Repo/Page_Coronavirus Update (Live) 1204075 Case_106633/td_102\&amp;quot;))</message>
  <nestedLevel>2</nestedLevel>
  <property name="startLine">31</property>
  <property name="stepIndex">2</property>
  <property name="description">Get New Cases</property>
</record>
<record>
  <date>2020-04-08T00:52:39</date>
  <millis>1586281959568</millis>
  <sequence>493</sequence>
  <level>PASSED</level>
  <class>com.kms.katalon.core.logging.XmlKeywordLogger</class>
  <method>logMessage</method>
  <thread>1</thread>
  <message>Text of object &amp;apos;Object Repository/Covid-19 Object Repo/Page_Coronavirus Update (Live) 1204075 Case_106633/td_102&amp;apos; is: &amp;apos;+19,100&amp;apos;</message>
  <nestedLevel>1</nestedLevel>
</record>
<record>
  <date>2020-04-08T00:52:39</date>
  <millis>1586281959569</millis>
  <sequence>494</sequence>
  <level>END</level>
  <class>com.kms.katalon.core.logging.XmlKeywordLogger</class>
  <method>endKeyword</method>
  <thread>1</thread>
  <message>End action : getText(findTestObject(\&amp;quot;Covid-19 Object Repo/Page_Coronavirus Update (Live) 1204075 Case_106633/td_102\&amp;quot;))</message>
  <nestedLevel>2</nestedLevel>
</record>
<record>
  <date>2020-04-08T00:52:39</date>
  <millis>1586281959570</millis>
  <sequence>495</sequence>
  <level>START</level>
  <class>com.kms.katalon.core.logging.XmlKeywordLogger</class>
  <method>startKeyword</method>
  <thread>1</thread>
  <message>Start action : getText(findTestObject(\&amp;quot;Covid-19 Object Repo/Page_Coronavirus Update (Live) 1204075 Case_106633/td_3\&amp;quot;))</message>
  <nestedLevel>2</nestedLevel>
  <property name="startLine">34</property>
  <property name="stepIndex">3</property>
  <property name="description">Get New Deaths</property>
</record>
<record>
  <date>2020-04-08T00:52:40</date>
  <millis>1586281960021</millis>
  <sequence>504</sequence>
  <level>PASSED</level>
  <class>com.kms.katalon.core.logging.XmlKeywordLogger</class>
  <method>logMessage</method>
  <thread>1</thread>
  <message>Text of object &amp;apos;Object Repository/Covid-19 Object Repo/Page_Coronavirus Update (Live) 1204075 Case_106633/td_3&amp;apos; is: &amp;apos;+1,371&amp;apos;</message>
  <nestedLevel>1</nestedLevel>
</record>
<record>
  <date>2020-04-08T00:52:40</date>
  <millis>1586281960026</millis>
  <sequence>509</sequence>
  <level>END</level>
  <class>com.kms.katalon.core.logging.XmlKeywordLogger</class>
  <method>endKeyword</method>
  <thread>1</thread>
  <message>End action : getText(findTestObject(\&amp;quot;Covid-19 Object Repo/Page_Coronavirus Update (Live) 1204075 Case_106633/td_3\&amp;quot;))</message>
  <nestedLevel>2</nestedLevel>
</record>
<record>
  <date>2020-04-08T00:52:40</date>
  <millis>1586281960026</millis>
  <sequence>510</sequence>
  <level>START</level>
  <class>com.kms.katalon.core.logging.XmlKeywordLogger</class>
  <method>startKeyword</method>
  <thread>1</thread>
  <message>Start action : setText(findTestObject(\&amp;quot;Object Repository/Covid-19 Object Repo/Page_Coronavirus Update (Live) 1204075 Case_106633/input_Search_form-control input-sm\&amp;quot;), findTestData(\&amp;quot;Covid-19/Country\&amp;quot;).getValue(1, rowNum))</message>
  <nestedLevel>2</nestedLevel>
  <property name="startLine">27</property>
  <property name="stepIndex">1</property>
</record>
<record>
  <date>2020-04-08T00:52:41</date>
  <millis>1586281961474</millis>
  <sequence>530</sequence>
  <level>PASSED</level>
  <class>com.kms.katalon.core.logging.XmlKeywordLogger</class>
  <method>logMessage</method>
  <thread>1</thread>
  <message>Text &amp;apos;Spain&amp;apos; is set on object &amp;apos;Object Repository/Covid-19 Object Repo/Page_Coronavirus Update (Live) 1204075 Case_106633/input_Search_form-control input-sm&amp;apos;</message>
  <nestedLevel>1</nestedLevel>
</record>
<record>
  <date>2020-04-08T00:52:41</date>
  <millis>1586281961475</millis>
  <sequence>531</sequence>
  <level>END</level>
  <class>com.kms.katalon.core.logging.XmlKeywordLogger</class>
  <method>endKeyword</method>
  <thread>1</thread>
  <message>End action : setText(findTestObject(\&amp;quot;Object Repository/Covid-19 Object Repo/Page_Coronavirus Update (Live) 1204075 Case_106633/input_Search_form-control input-sm\&amp;quot;), findTestData(\&amp;quot;Covid-19/Country\&amp;quot;).getValue(1, rowNum))</message>
  <nestedLevel>2</nestedLevel>
</record>
<record>
  <date>2020-04-08T00:52:41</date>
  <millis>1586281961476</millis>
  <sequence>532</sequence>
  <level>START</level>
  <class>com.kms.katalon.core.logging.XmlKeywordLogger</class>
  <method>startKeyword</method>
  <thread>1</thread>
  <message>Start action : getText(findTestObject(\&amp;quot;Covid-19 Object Repo/Page_Coronavirus Update (Live) 1204075 Case_106633/td_102\&amp;quot;))</message>
  <nestedLevel>2</nestedLevel>
  <property name="startLine">31</property>
  <property name="stepIndex">2</property>
  <property name="description">Get New Cases</property>
</record>
<record>
  <date>2020-04-08T00:52:42</date>
  <millis>1586281962003</millis>
  <sequence>541</sequence>
  <level>PASSED</level>
  <class>com.kms.katalon.core.logging.XmlKeywordLogger</class>
  <method>logMessage</method>
  <thread>1</thread>
  <message>Text of object &amp;apos;Object Repository/Covid-19 Object Repo/Page_Coronavirus Update (Live) 1204075 Case_106633/td_102&amp;apos; is: &amp;apos;+3,836&amp;apos;</message>
  <nestedLevel>1</nestedLevel>
</record>
<record>
  <date>2020-04-08T00:52:42</date>
  <millis>1586281962004</millis>
  <sequence>542</sequence>
  <level>END</level>
  <class>com.kms.katalon.core.logging.XmlKeywordLogger</class>
  <method>endKeyword</method>
  <thread>1</thread>
  <message>End action : getText(findTestObject(\&amp;quot;Covid-19 Object Repo/Page_Coronavirus Update (Live) 1204075 Case_106633/td_102\&amp;quot;))</message>
  <nestedLevel>2</nestedLevel>
</record>
<record>
  <date>2020-04-08T00:52:42</date>
  <millis>1586281962004</millis>
  <sequence>543</sequence>
  <level>START</level>
  <class>com.kms.katalon.core.logging.XmlKeywordLogger</class>
  <method>startKeyword</method>
  <thread>1</thread>
  <message>Start action : getText(findTestObject(\&amp;quot;Covid-19 Object Repo/Page_Coronavirus Update (Live) 1204075 Case_106633/td_3\&amp;quot;))</message>
  <nestedLevel>2</nestedLevel>
  <property name="startLine">34</property>
  <property name="stepIndex">3</property>
  <property name="description">Get New Deaths</property>
</record>
<record>
  <date>2020-04-08T00:52:42</date>
  <millis>1586281962500</millis>
  <sequence>552</sequence>
  <level>PASSED</level>
  <class>com.kms.katalon.core.logging.XmlKeywordLogger</class>
  <method>logMessage</method>
  <thread>1</thread>
  <message>Text of object &amp;apos;Object Repository/Covid-19 Object Repo/Page_Coronavirus Update (Live) 1204075 Case_106633/td_3&amp;apos; is: &amp;apos;+556&amp;apos;</message>
  <nestedLevel>1</nestedLevel>
</record>
<record>
  <date>2020-04-08T00:52:42</date>
  <millis>1586281962506</millis>
  <sequence>557</sequence>
  <level>END</level>
  <class>com.kms.katalon.core.logging.XmlKeywordLogger</class>
  <method>endKeyword</method>
  <thread>1</thread>
  <message>End action : getText(findTestObject(\&amp;quot;Covid-19 Object Repo/Page_Coronavirus Update (Live) 1204075 Case_106633/td_3\&amp;quot;))</message>
  <nestedLevel>2</nestedLevel>
</record>
<record>
  <date>2020-04-08T00:52:42</date>
  <millis>1586281962506</millis>
  <sequence>558</sequence>
  <level>END</level>
  <class>com.kms.katalon.core.logging.XmlKeywordLogger</class>
  <method>endKeyword</method>
  <thread>1</thread>
  <message>End action : for ([rowNum = 1, rowNum &amp;lt;= findTestData(\&amp;quot;Covid-19/Country\&amp;quot;).getRowNumbers(), (rowNum++)])</message>
  <nestedLevel>1</nestedLevel>
</record>
<record>
  <date>2020-04-08T00:52:42</date>
  <millis>1586281962506</millis>
  <sequence>559</sequence>
  <level>START</level>
  <class>com.kms.katalon.core.logging.XmlKeywordLogger</class>
  <method>startKeyword</method>
  <thread>1</thread>
  <message>Start action : closeBrowser()</message>
  <nestedLevel>1</nestedLevel>
  <property name="startLine">37</property>
  <property name="stepIndex">4</property>
</record>
<record>
  <date>2020-04-08T00:52:42</date>
  <millis>1586281962826</millis>
  <sequence>561</sequence>
  <level>PASSED</level>
  <class>com.kms.katalon.core.logging.XmlKeywordLogger</class>
  <method>logMessage</method>
  <thread>1</thread>
  <message>Browser is closed</message>
  <nestedLevel>1</nestedLevel>
</record>
<record>
  <date>2020-04-08T00:52:42</date>
  <millis>1586281962826</millis>
  <sequence>562</sequence>
  <level>END</level>
  <class>com.kms.katalon.core.logging.XmlKeywordLogger</class>
  <method>endKeyword</method>
  <thread>1</thread>
  <message>End action : closeBrowser()</message>
  <nestedLevel>1</nestedLevel>
</record>
<record>
  <date>2020-04-08T00:52:42</date>
  <millis>1586281962826</millis>
  <sequence>563</sequence>
  <level>PASSED</level>
  <class>com.kms.katalon.core.logging.XmlKeywordLogger</class>
  <method>logMessage</method>
  <thread>1</thread>
  <message>Test Cases/Log in/Covid-19</message>
  <nestedLevel>1</nestedLevel>
</record>
<record>
  <date>2020-04-08T00:52:42</date>
  <millis>1586281962827</millis>
  <sequence>564</sequence>
  <level>END</level>
  <class>com.kms.katalon.core.logging.XmlKeywordLogger</class>
  <method>endTest</method>
  <thread>1</thread>
  <message>End Test Case : Test Cases/Log in/Covid-19</message>
  <nestedLevel>0</nestedLevel>
</record>
<record>
  <date>2020-04-08T00:52:42</date>
  <millis>1586281962827</millis>
  <sequence>565</sequence>
  <level>INFO</level>
  <class>com.kms.katalon.core.logging.XmlKeywordLogger</class>
  <method>logMessage</method>
  <thread>1</thread>
  <message>=================== Smart XPath Report =======================</message>
  <nestedLevel>0</nestedLevel>
</record>
<record>
  <date>2020-04-08T00:52:42</date>
  <millis>1586281962828</millis>
  <sequence>566</sequence>
  <level>INFO</level>
  <class>com.kms.katalon.core.logging.XmlKeywordLogger</class>
  <method>logMessage</method>
  <thread>1</thread>
  <message>Refer to the link below to preview and approve auto healing on broken test objects.</message>
  <nestedLevel>0</nestedLevel>
</record>
<record>
  <date>2020-04-08T00:52:42</date>
  <millis>1586281962828</millis>
  <sequence>567</sequence>
  <level>INFO</level>
  <class>com.kms.katalon.core.logging.XmlKeywordLogger</class>
  <method>logMessage</method>
  <thread>1</thread>
  <message>https://docs.katalon.com/katalon-studio/docs/auto-healing-smart-xpath.html</message>
  <nestedLevel>0</nestedLevel>
</record>
<record>
  <date>2020-04-08T00:52:42</date>
  <millis>1586281962829</millis>
  <sequence>568</sequence>
  <level>INFO</level>
  <class>com.kms.katalon.core.logging.XmlKeywordLogger</class>
  <method>logMessage</method>
  <thread>1</thread>
  <message>===============================================================</message>
  <nestedLevel>0</nestedLevel>
</record>
<record>
  <date>2020-04-08T00:52:42</date>
  <millis>1586281962829</millis>
  <sequence>569</sequence>
  <level>START</level>
  <class>com.kms.katalon.core.logging.XmlKeywordLogger</class>
  <method>startKeyword</method>
  <thread>1</thread>
  <message>Start listener action : exportKatalonReports</message>
  <nestedLevel>0</nestedLevel>
</record>
<record>
  <date>2020-04-08T00:52:43</date>
  <millis>1586281963168</millis>
  <sequence>901</sequence>
  <level>INFO</level>
  <class>com.kms.katalon.core.logging.XmlKeywordLogger</class>
  <method>logMessage</method>
  <thread>1</thread>
  <message>Start generating HTML report folder at: /Users/thaveephongt/Katalon Studio/Be Demo/Reports/20200408_005031/Covid-19/20200408_005031...</message>
  <nestedLevel>0</nestedLevel>
</record>
<record>
  <date>2020-04-08T00:52:43</date>
  <millis>1586281963208</millis>
  <sequence>902</sequence>
  <level>INFO</level>
  <class>com.kms.katalon.core.logging.XmlKeywordLogger</class>
  <method>logMessage</method>
  <thread>1</thread>
  <message>HTML report generated</message>
  <nestedLevel>0</nestedLevel>
</record>
<record>
  <date>2020-04-08T00:52:43</date>
  <millis>1586281963209</millis>
  <sequence>903</sequence>
  <level>INFO</level>
  <class>com.kms.katalon.core.logging.XmlKeywordLogger</class>
  <method>logMessage</method>
  <thread>1</thread>
  <message>Start generating CSV report folder at: /Users/thaveephongt/Katalon Studio/Be Demo/Reports/20200408_005031/Covid-19/20200408_005031...</message>
  <nestedLevel>0</nestedLevel>
</record>
<record>
  <date>2020-04-08T00:52:43</date>
  <millis>1586281963232</millis>
  <sequence>904</sequence>
  <level>INFO</level>
  <class>com.kms.katalon.core.logging.XmlKeywordLogger</class>
  <method>logMessage</method>
  <thread>1</thread>
  <message>CSV report generated</message>
  <nestedLevel>0</nestedLevel>
</record>
<record>
  <date>2020-04-08T00:52:43</date>
  <millis>1586281963232</millis>
  <sequence>906</sequence>
  <level>END</level>
  <class>com.kms.katalon.core.logging.XmlKeywordLogger</class>
  <method>endKeyword</method>
  <thread>1</thread>
  <message>End listener action : exportKatalonReports</message>
  <nestedLevel>0</nestedLevel>
</record>
<record>
  <date>2020-04-08T00:52:43</date>
  <millis>1586281963335</millis>
  <sequence>907</sequence>
  <level>END</level>
  <class>com.kms.katalon.core.logging.XmlKeywordLogger</class>
  <method>endSuite</method>
  <thread>1</thread>
  <message>End Test Suite : Test Suites/Covid-19</message>
  <nestedLevel>0</nestedLevel>
</record>
</log>